------------------------------------------------------------------------------------------------------------------------

[2018-05-19 13:00:55 #1 store] 
Database 'C:\Users\aitor\workspace\Bets\resources\bets.temp' is opened by 9152@Aitor

[2018-05-19 13:00:56 #2 type.registry] 
New type domain.User

[2018-05-19 13:00:56 #3 type] 
Type domain.User is not enhanced.

[2018-05-19 13:00:56 #4 type.registry] 
New type domain.Question

[2018-05-19 13:00:56 #5 type] 
Type domain.Question is not enhanced.

[2018-05-19 13:00:56 #6 type.registry] 
New type domain.Event

[2018-05-19 13:00:56 #7 type.registry] 
New type domain.Result

[2018-05-19 13:00:56 #8 type] 
Type domain.Event is not enhanced.

[2018-05-19 13:00:56 #9 type.registry] 
New type java.util.Vector<domain.Question>

[2018-05-19 13:00:56 #10 type] 
Type domain.Result is not enhanced.

[2018-05-19 13:00:56 #11 type.registry] 
New type domain.Apuesta

[2018-05-19 13:00:56 #12 type] 
Type domain.Apuesta is not enhanced.

[2018-05-19 13:00:56 #13 type.registry] 
New type java.util.Vector<java.lang.Object>

------------------------------------------------------------------------------------------------------------------------

[2018-05-19 13:01:16 #1 store] 
Database 'C:\Users\aitor\workspace\Bets\resources\bets.temp' is opened by 12188@Aitor

[2018-05-19 13:01:16 #2 type.registry] 
New type domain.User

[2018-05-19 13:01:16 #3 type] 
Type domain.User is not enhanced.

[2018-05-19 13:01:16 #4 type.registry] 
New type domain.Question

[2018-05-19 13:01:16 #5 type] 
Type domain.Question is not enhanced.

[2018-05-19 13:01:16 #6 type.registry] 
New type domain.Event

[2018-05-19 13:01:16 #7 type.registry] 
New type domain.Result

[2018-05-19 13:01:16 #8 type] 
Type domain.Event is not enhanced.

[2018-05-19 13:01:16 #9 type.registry] 
New type java.util.Vector<domain.Question>

[2018-05-19 13:01:16 #10 type] 
Type domain.Result is not enhanced.

[2018-05-19 13:01:16 #11 type.registry] 
New type domain.Apuesta

[2018-05-19 13:01:16 #12 type] 
Type domain.Apuesta is not enhanced.

[2018-05-19 13:01:16 #13 type.registry] 
New type java.util.Vector<java.lang.Object>

