------------------------------------------------------------------------------------------------------------------------

[2018-05-06 10:48:43 #1 store] 
Database 'C:\Users\aitor\workspace\Bets\resources\bets.temp' is opened by 11628@Aitor

[2018-05-06 10:48:44 #2 type.registry] 
New type domain.User

[2018-05-06 10:48:44 #3 type] 
Type domain.User is not enhanced.

[2018-05-06 10:48:44 #4 type.registry] 
New type domain.Question

[2018-05-06 10:48:44 #5 type] 
Type domain.Question is not enhanced.

[2018-05-06 10:48:44 #6 type.registry] 
New type domain.Event

[2018-05-06 10:48:44 #7 type.registry] 
New type domain.Result

[2018-05-06 10:48:44 #8 type] 
Type domain.Event is not enhanced.

[2018-05-06 10:48:44 #9 type.registry] 
New type java.util.Vector<domain.Question>

[2018-05-06 10:48:44 #10 type] 
Type domain.Result is not enhanced.

[2018-05-06 10:48:44 #11 type.registry] 
New type java.util.Vector<java.lang.Object>

[2018-05-06 10:49:00 #12 type.registry] 
New type domain.Apuesta

[2018-05-06 10:49:00 #13 type] 
Type domain.Apuesta is not enhanced.

------------------------------------------------------------------------------------------------------------------------

[2018-05-06 10:50:07 #1 store] 
Database 'C:\Users\aitor\workspace\Bets\resources\bets.temp' is opened by 12920@Aitor

[2018-05-06 10:50:07 #2 type.registry] 
New type domain.User

[2018-05-06 10:50:07 #3 type] 
Type domain.User is not enhanced.

[2018-05-06 10:50:07 #4 type.registry] 
New type domain.Question

[2018-05-06 10:50:07 #5 type] 
Type domain.Question is not enhanced.

[2018-05-06 10:50:07 #6 type.registry] 
New type domain.Event

[2018-05-06 10:50:07 #7 type.registry] 
New type domain.Result

[2018-05-06 10:50:07 #8 type] 
Type domain.Event is not enhanced.

[2018-05-06 10:50:07 #9 type.registry] 
New type java.util.Vector<domain.Question>

[2018-05-06 10:50:07 #10 type] 
Type domain.Result is not enhanced.

[2018-05-06 10:50:07 #11 type.registry] 
New type java.util.Vector<java.lang.Object>

[2018-05-06 10:50:24 #12 type.registry] 
New type domain.Apuesta

[2018-05-06 10:50:24 #13 type] 
Type domain.Apuesta is not enhanced.

------------------------------------------------------------------------------------------------------------------------

[2018-05-06 10:54:13 #1 store] 
Database 'C:\Users\aitor\workspace\Bets\resources\bets.temp' is opened by 9796@Aitor

[2018-05-06 10:54:13 #2 type.registry] 
New type domain.User

[2018-05-06 10:54:13 #3 type] 
Type domain.User is not enhanced.

[2018-05-06 10:54:13 #4 type.registry] 
New type domain.Question

[2018-05-06 10:54:13 #5 type] 
Type domain.Question is not enhanced.

[2018-05-06 10:54:13 #6 type.registry] 
New type domain.Event

[2018-05-06 10:54:13 #7 type.registry] 
New type domain.Result

[2018-05-06 10:54:13 #8 type] 
Type domain.Event is not enhanced.

[2018-05-06 10:54:13 #9 type.registry] 
New type java.util.Vector<domain.Question>

[2018-05-06 10:54:13 #10 type] 
Type domain.Result is not enhanced.

[2018-05-06 10:54:13 #11 type.registry] 
New type java.util.Vector<java.lang.Object>

[2018-05-06 10:54:25 #12 type.registry] 
New type domain.Apuesta

[2018-05-06 10:54:25 #13 type] 
Type domain.Apuesta is not enhanced.

------------------------------------------------------------------------------------------------------------------------

[2018-05-06 11:06:13 #1 store] 
Database 'C:\Users\aitor\workspace\Bets\resources\bets.temp' is opened by 14792@Aitor

[2018-05-06 11:06:13 #2 type.registry] 
New type domain.User

[2018-05-06 11:06:13 #3 type] 
Type domain.User is not enhanced.

[2018-05-06 11:06:13 #4 type.registry] 
New type domain.Question

[2018-05-06 11:06:13 #5 type] 
Type domain.Question is not enhanced.

[2018-05-06 11:06:13 #6 type.registry] 
New type domain.Event

[2018-05-06 11:06:13 #7 type.registry] 
New type domain.Result

[2018-05-06 11:06:13 #8 type] 
Type domain.Event is not enhanced.

[2018-05-06 11:06:13 #9 type.registry] 
New type java.util.Vector<domain.Question>

[2018-05-06 11:06:13 #10 type] 
Type domain.Result is not enhanced.

[2018-05-06 11:06:13 #11 type.registry] 
New type java.util.Vector<java.lang.Object>

[2018-05-06 11:06:26 #12 type.registry] 
New type domain.Apuesta

[2018-05-06 11:06:26 #13 type] 
Type domain.Apuesta is not enhanced.

------------------------------------------------------------------------------------------------------------------------

[2018-05-06 11:14:48 #1 store] 
Database 'C:\Users\aitor\workspace\Bets\resources\bets.temp' is opened by 8496@Aitor

[2018-05-06 11:14:49 #2 type.registry] 
New type domain.User

[2018-05-06 11:14:49 #3 type] 
Type domain.User is not enhanced.

[2018-05-06 11:14:49 #4 type.registry] 
New type domain.Question

[2018-05-06 11:14:49 #5 type] 
Type domain.Question is not enhanced.

[2018-05-06 11:14:49 #6 type.registry] 
New type domain.Event

[2018-05-06 11:14:49 #7 type.registry] 
New type domain.Result

[2018-05-06 11:14:49 #8 type] 
Type domain.Event is not enhanced.

[2018-05-06 11:14:49 #9 type.registry] 
New type java.util.Vector<domain.Question>

[2018-05-06 11:14:49 #10 type] 
Type domain.Result is not enhanced.

[2018-05-06 11:14:49 #11 type.registry] 
New type java.util.Vector<java.lang.Object>

------------------------------------------------------------------------------------------------------------------------

[2018-05-06 11:23:40 #1 store] 
Database 'C:\Users\aitor\workspace\Bets\resources\bets.temp' is opened by 14468@Aitor

[2018-05-06 11:23:40 #2 type.registry] 
New type domain.User

[2018-05-06 11:23:40 #3 type] 
Type domain.User is not enhanced.

[2018-05-06 11:23:41 #4 type.registry] 
New type domain.Question

[2018-05-06 11:23:41 #5 type] 
Type domain.Question is not enhanced.

[2018-05-06 11:23:41 #6 type.registry] 
New type domain.Event

[2018-05-06 11:23:41 #7 type.registry] 
New type domain.Result

[2018-05-06 11:23:41 #8 type] 
Type domain.Event is not enhanced.

[2018-05-06 11:23:41 #9 type.registry] 
New type java.util.Vector<domain.Question>

[2018-05-06 11:23:41 #10 type] 
Type domain.Result is not enhanced.

[2018-05-06 11:23:41 #11 type.registry] 
New type java.util.Vector<java.lang.Object>

[2018-05-06 11:23:53 #12 type.registry] 
New type domain.Apuesta

[2018-05-06 11:23:53 #13 type] 
Type domain.Apuesta is not enhanced.

------------------------------------------------------------------------------------------------------------------------

[2018-05-06 11:27:35 #1 store] 
Database 'C:\Users\aitor\workspace\Bets\resources\bets.temp' is opened by 6512@Aitor

[2018-05-06 11:27:35 #2 type.registry] 
New type domain.User

[2018-05-06 11:27:35 #3 type] 
Type domain.User is not enhanced.

[2018-05-06 11:27:35 #4 type.registry] 
New type domain.Question

[2018-05-06 11:27:35 #5 type] 
Type domain.Question is not enhanced.

[2018-05-06 11:27:35 #6 type.registry] 
New type domain.Event

[2018-05-06 11:27:35 #7 type.registry] 
New type domain.Result

[2018-05-06 11:27:35 #8 type] 
Type domain.Event is not enhanced.

[2018-05-06 11:27:35 #9 type.registry] 
New type java.util.Vector<domain.Question>

[2018-05-06 11:27:35 #10 type] 
Type domain.Result is not enhanced.

[2018-05-06 11:27:35 #11 type.registry] 
New type java.util.Vector<java.lang.Object>

[2018-05-06 11:27:48 #12 type.registry] 
New type domain.Apuesta

[2018-05-06 11:27:48 #13 type] 
Type domain.Apuesta is not enhanced.

------------------------------------------------------------------------------------------------------------------------

[2018-05-06 11:28:32 #1 store] 
Database 'C:\Users\aitor\workspace\Bets\resources\bets.temp' is opened by 14524@Aitor

[2018-05-06 11:28:32 #2 type.registry] 
New type domain.User

[2018-05-06 11:28:32 #3 type] 
Type domain.User is not enhanced.

[2018-05-06 11:28:32 #4 type.registry] 
New type domain.Question

[2018-05-06 11:28:32 #5 type] 
Type domain.Question is not enhanced.

[2018-05-06 11:28:32 #6 type.registry] 
New type domain.Event

[2018-05-06 11:28:32 #7 type.registry] 
New type domain.Result

[2018-05-06 11:28:32 #8 type] 
Type domain.Event is not enhanced.

[2018-05-06 11:28:32 #9 type.registry] 
New type java.util.Vector<domain.Question>

[2018-05-06 11:28:32 #10 type] 
Type domain.Result is not enhanced.

[2018-05-06 11:28:32 #11 type.registry] 
New type java.util.Vector<java.lang.Object>

[2018-05-06 11:28:50 #12 type.registry] 
New type domain.Apuesta

[2018-05-06 11:28:50 #13 type] 
Type domain.Apuesta is not enhanced.

------------------------------------------------------------------------------------------------------------------------

[2018-05-06 11:32:00 #1 store] 
Database 'C:\Users\aitor\workspace\Bets\resources\bets.temp' is opened by 7008@Aitor

[2018-05-06 11:32:00 #2 type.registry] 
New type domain.User

[2018-05-06 11:32:00 #3 type] 
Type domain.User is not enhanced.

[2018-05-06 11:32:00 #4 type.registry] 
New type domain.Question

[2018-05-06 11:32:00 #5 type] 
Type domain.Question is not enhanced.

[2018-05-06 11:32:00 #6 type.registry] 
New type domain.Event

[2018-05-06 11:32:00 #7 type.registry] 
New type domain.Result

[2018-05-06 11:32:00 #8 type] 
Type domain.Event is not enhanced.

[2018-05-06 11:32:00 #9 type.registry] 
New type java.util.Vector<domain.Question>

[2018-05-06 11:32:00 #10 type] 
Type domain.Result is not enhanced.

[2018-05-06 11:32:00 #11 type.registry] 
New type java.util.Vector<java.lang.Object>

------------------------------------------------------------------------------------------------------------------------

[2018-05-06 11:33:52 #1 store] 
Database 'C:\Users\aitor\workspace\Bets\resources\bets.temp' is opened by 10800@Aitor

[2018-05-06 11:33:53 #2 type.registry] 
New type domain.User

[2018-05-06 11:33:53 #3 type] 
Type domain.User is not enhanced.

[2018-05-06 11:33:53 #4 type.registry] 
New type domain.Question

[2018-05-06 11:33:53 #5 type] 
Type domain.Question is not enhanced.

[2018-05-06 11:33:53 #6 type.registry] 
New type domain.Event

[2018-05-06 11:33:53 #7 type.registry] 
New type domain.Result

[2018-05-06 11:33:53 #8 type] 
Type domain.Event is not enhanced.

[2018-05-06 11:33:53 #9 type.registry] 
New type java.util.Vector<domain.Question>

[2018-05-06 11:33:53 #10 type] 
Type domain.Result is not enhanced.

[2018-05-06 11:33:53 #11 type.registry] 
New type java.util.Vector<java.lang.Object>

[2018-05-06 11:34:03 #12 type.registry] 
New type domain.Apuesta

[2018-05-06 11:34:03 #13 type] 
Type domain.Apuesta is not enhanced.

------------------------------------------------------------------------------------------------------------------------

[2018-05-06 11:34:19 #1 store] 
Database 'C:\Users\aitor\workspace\Bets\resources\bets.temp' is opened by 13900@Aitor

[2018-05-06 11:34:20 #2 type.registry] 
New type domain.User

[2018-05-06 11:34:20 #3 type] 
Type domain.User is not enhanced.

[2018-05-06 11:34:20 #4 type.registry] 
New type domain.Question

[2018-05-06 11:34:20 #5 type] 
Type domain.Question is not enhanced.

[2018-05-06 11:34:20 #6 type.registry] 
New type domain.Event

[2018-05-06 11:34:20 #7 type.registry] 
New type domain.Result

[2018-05-06 11:34:20 #8 type] 
Type domain.Event is not enhanced.

[2018-05-06 11:34:20 #9 type.registry] 
New type java.util.Vector<domain.Question>

[2018-05-06 11:34:20 #10 type] 
Type domain.Result is not enhanced.

[2018-05-06 11:34:20 #11 type.registry] 
New type java.util.Vector<java.lang.Object>

[2018-05-06 11:34:30 #12 type.registry] 
New type domain.Apuesta

[2018-05-06 11:34:30 #13 type] 
Type domain.Apuesta is not enhanced.

------------------------------------------------------------------------------------------------------------------------

[2018-05-06 11:34:45 #1 store] 
Database 'C:\Users\aitor\workspace\Bets\resources\bets.temp' is opened by 12120@Aitor

[2018-05-06 11:34:45 #2 type.registry] 
New type domain.User

[2018-05-06 11:34:45 #3 type] 
Type domain.User is not enhanced.

[2018-05-06 11:34:45 #4 type.registry] 
New type domain.Question

[2018-05-06 11:34:45 #5 type] 
Type domain.Question is not enhanced.

[2018-05-06 11:34:45 #6 type.registry] 
New type domain.Event

[2018-05-06 11:34:45 #7 type.registry] 
New type domain.Result

[2018-05-06 11:34:45 #8 type] 
Type domain.Event is not enhanced.

[2018-05-06 11:34:45 #9 type.registry] 
New type java.util.Vector<domain.Question>

[2018-05-06 11:34:45 #10 type] 
Type domain.Result is not enhanced.

[2018-05-06 11:34:45 #11 type.registry] 
New type java.util.Vector<java.lang.Object>

[2018-05-06 11:34:58 #12 type.registry] 
New type domain.Apuesta

[2018-05-06 11:34:58 #13 type] 
Type domain.Apuesta is not enhanced.

------------------------------------------------------------------------------------------------------------------------

[2018-05-06 11:38:52 #1 store] 
Database 'C:\Users\aitor\workspace\Bets\resources\bets.temp' is opened by 7664@Aitor

[2018-05-06 11:38:52 #2 type.registry] 
New type domain.User

[2018-05-06 11:38:52 #3 type] 
Type domain.User is not enhanced.

[2018-05-06 11:38:52 #4 type.registry] 
New type domain.Question

[2018-05-06 11:38:52 #5 type] 
Type domain.Question is not enhanced.

[2018-05-06 11:38:52 #6 type.registry] 
New type domain.Event

[2018-05-06 11:38:52 #7 type.registry] 
New type domain.Result

[2018-05-06 11:38:52 #8 type] 
Type domain.Event is not enhanced.

[2018-05-06 11:38:52 #9 type.registry] 
New type java.util.Vector<domain.Question>

[2018-05-06 11:38:52 #10 type] 
Type domain.Result is not enhanced.

[2018-05-06 11:38:52 #11 type.registry] 
New type java.util.Vector<java.lang.Object>

[2018-05-06 11:39:04 #12 type.registry] 
New type domain.Apuesta

[2018-05-06 11:39:04 #13 type] 
Type domain.Apuesta is not enhanced.

------------------------------------------------------------------------------------------------------------------------

[2018-05-06 11:42:10 #1 store] 
Database 'C:\Users\aitor\workspace\Bets\resources\bets.temp' is opened by 12316@Aitor

[2018-05-06 11:42:10 #2 type.registry] 
New type domain.User

[2018-05-06 11:42:10 #3 type] 
Type domain.User is not enhanced.

[2018-05-06 11:42:10 #4 type.registry] 
New type domain.Question

[2018-05-06 11:42:10 #5 type] 
Type domain.Question is not enhanced.

[2018-05-06 11:42:10 #6 type.registry] 
New type domain.Event

[2018-05-06 11:42:10 #7 type.registry] 
New type domain.Result

[2018-05-06 11:42:10 #8 type] 
Type domain.Event is not enhanced.

[2018-05-06 11:42:10 #9 type.registry] 
New type java.util.Vector<domain.Question>

[2018-05-06 11:42:10 #10 type] 
Type domain.Result is not enhanced.

[2018-05-06 11:42:10 #11 type.registry] 
New type java.util.Vector<java.lang.Object>

[2018-05-06 11:42:20 #12 type.registry] 
New type domain.Apuesta

[2018-05-06 11:42:20 #13 type] 
Type domain.Apuesta is not enhanced.

------------------------------------------------------------------------------------------------------------------------

[2018-05-06 11:49:18 #1 store] 
Database 'C:\Users\aitor\workspace\Bets\resources\bets.temp' is opened by 14288@Aitor

[2018-05-06 11:49:18 #2 type.registry] 
New type domain.User

[2018-05-06 11:49:18 #3 type] 
Type domain.User is not enhanced.

[2018-05-06 11:49:18 #4 type.registry] 
New type domain.Question

[2018-05-06 11:49:18 #5 type] 
Type domain.Question is not enhanced.

[2018-05-06 11:49:18 #6 type.registry] 
New type domain.Event

[2018-05-06 11:49:18 #7 type.registry] 
New type domain.Result

[2018-05-06 11:49:18 #8 type] 
Type domain.Event is not enhanced.

[2018-05-06 11:49:18 #9 type.registry] 
New type java.util.Vector<domain.Question>

[2018-05-06 11:49:18 #10 type] 
Type domain.Result is not enhanced.

[2018-05-06 11:49:18 #11 type.registry] 
New type java.util.Vector<java.lang.Object>

[2018-05-06 11:49:28 #12 type.registry] 
New type domain.Apuesta

[2018-05-06 11:49:28 #13 type] 
Type domain.Apuesta is not enhanced.

------------------------------------------------------------------------------------------------------------------------

[2018-05-06 11:52:02 #1 store] 
Database 'C:\Users\aitor\workspace\Bets\resources\bets.temp' is opened by 5176@Aitor

[2018-05-06 11:52:02 #2 type.registry] 
New type domain.User

[2018-05-06 11:52:02 #3 type] 
Type domain.User is not enhanced.

[2018-05-06 11:52:02 #4 type.registry] 
New type domain.Question

[2018-05-06 11:52:02 #5 type] 
Type domain.Question is not enhanced.

[2018-05-06 11:52:02 #6 type.registry] 
New type domain.Event

[2018-05-06 11:52:02 #7 type.registry] 
New type domain.Result

[2018-05-06 11:52:02 #8 type] 
Type domain.Event is not enhanced.

[2018-05-06 11:52:02 #9 type.registry] 
New type java.util.Vector<domain.Question>

[2018-05-06 11:52:02 #10 type] 
Type domain.Result is not enhanced.

[2018-05-06 11:52:02 #11 type.registry] 
New type java.util.Vector<java.lang.Object>

[2018-05-06 11:52:16 #12 type.registry] 
New type domain.Apuesta

[2018-05-06 11:52:16 #13 type] 
Type domain.Apuesta is not enhanced.

------------------------------------------------------------------------------------------------------------------------

[2018-05-06 11:53:28 #1 store] 
Database 'C:\Users\aitor\workspace\Bets\resources\bets.temp' is opened by 11444@Aitor

[2018-05-06 11:53:28 #2 type.registry] 
New type domain.User

[2018-05-06 11:53:28 #3 type] 
Type domain.User is not enhanced.

[2018-05-06 11:53:28 #4 type.registry] 
New type domain.Question

[2018-05-06 11:53:28 #5 type] 
Type domain.Question is not enhanced.

[2018-05-06 11:53:28 #6 type.registry] 
New type domain.Event

[2018-05-06 11:53:28 #7 type.registry] 
New type domain.Result

[2018-05-06 11:53:28 #8 type] 
Type domain.Event is not enhanced.

[2018-05-06 11:53:28 #9 type.registry] 
New type java.util.Vector<domain.Question>

[2018-05-06 11:53:28 #10 type] 
Type domain.Result is not enhanced.

[2018-05-06 11:53:28 #11 type.registry] 
New type java.util.Vector<java.lang.Object>

[2018-05-06 11:53:38 #12 type.registry] 
New type domain.Apuesta

[2018-05-06 11:53:38 #13 type] 
Type domain.Apuesta is not enhanced.

------------------------------------------------------------------------------------------------------------------------

[2018-05-06 11:54:18 #1 store] 
Database 'C:\Users\aitor\workspace\Bets\resources\bets.temp' is opened by 14692@Aitor

[2018-05-06 11:54:18 #2 type.registry] 
New type domain.User

[2018-05-06 11:54:18 #3 type] 
Type domain.User is not enhanced.

[2018-05-06 11:54:18 #4 type.registry] 
New type domain.Question

[2018-05-06 11:54:18 #5 type] 
Type domain.Question is not enhanced.

[2018-05-06 11:54:18 #6 type.registry] 
New type domain.Event

[2018-05-06 11:54:18 #7 type.registry] 
New type domain.Result

[2018-05-06 11:54:18 #8 type] 
Type domain.Event is not enhanced.

[2018-05-06 11:54:18 #9 type.registry] 
New type java.util.Vector<domain.Question>

[2018-05-06 11:54:18 #10 type] 
Type domain.Result is not enhanced.

[2018-05-06 11:54:18 #11 type.registry] 
New type java.util.Vector<java.lang.Object>

[2018-05-06 11:54:28 #12 type.registry] 
New type domain.Apuesta

[2018-05-06 11:54:28 #13 type] 
Type domain.Apuesta is not enhanced.

------------------------------------------------------------------------------------------------------------------------

[2018-05-06 12:43:33 #1 store] 
Database 'C:\Users\aitor\workspace\Bets\resources\bets.temp' is opened by 6768@Aitor

[2018-05-06 12:43:33 #2 type.registry] 
New type domain.User

[2018-05-06 12:43:33 #3 type] 
Type domain.User is not enhanced.

[2018-05-06 12:43:34 #4 type.registry] 
New type domain.Question

[2018-05-06 12:43:34 #5 type] 
Type domain.Question is not enhanced.

[2018-05-06 12:43:34 #6 type.registry] 
New type domain.Event

[2018-05-06 12:43:34 #7 type.registry] 
New type domain.Result

[2018-05-06 12:43:34 #8 type] 
Type domain.Event is not enhanced.

[2018-05-06 12:43:34 #9 type.registry] 
New type java.util.Vector<domain.Question>

[2018-05-06 12:43:34 #10 type] 
Type domain.Result is not enhanced.

[2018-05-06 12:43:34 #11 type.registry] 
New type java.util.Vector<java.lang.Object>

