------------------------------------------------------------------------------------------------------------------------

[2018-03-14 11:46:32 #1 store] 
Database 'C:\Users\aitor\eclipse-workspace\Bets\resources\bets.temp' is opened by 10068@Aitor

[2018-03-14 11:46:32 #2 type.registry] 
New type domain.User

[2018-03-14 11:46:32 #3 type] 
Type domain.User is not enhanced.

[2018-03-14 11:46:32 #4 type.registry] 
New type domain.Question

[2018-03-14 11:46:32 #5 type] 
Type domain.Question is not enhanced.

[2018-03-14 11:46:32 #6 type.registry] 
New type domain.Event

[2018-03-14 11:46:32 #7 type] 
Type domain.Event is not enhanced.

[2018-03-14 11:46:32 #8 type.registry] 
New type java.util.Vector<domain.Question>

[2018-03-14 11:46:32 #9 type.registry] 
New type java.util.Vector<java.lang.Object>

------------------------------------------------------------------------------------------------------------------------

[2018-03-14 11:54:38 #1 store] 
Database 'C:\Users\aitor\eclipse-workspace\Bets\resources\bets.temp' is opened by 3216@Aitor

[2018-03-14 11:54:38 #2 type.registry] 
New type domain.User

[2018-03-14 11:54:38 #3 type] 
Type domain.User is not enhanced.

[2018-03-14 11:54:38 #4 type.registry] 
New type domain.Question

[2018-03-14 11:54:38 #5 type] 
Type domain.Question is not enhanced.

[2018-03-14 11:54:38 #6 type.registry] 
New type domain.Event

[2018-03-14 11:54:38 #7 type] 
Type domain.Event is not enhanced.

[2018-03-14 11:54:38 #8 type.registry] 
New type java.util.Vector<domain.Question>

[2018-03-14 11:54:38 #9 type.registry] 
New type java.util.Vector<java.lang.Object>

------------------------------------------------------------------------------------------------------------------------

[2018-03-14 11:55:45 #1 store] 
Database 'C:\Users\aitor\eclipse-workspace\Bets\resources\bets.temp' is opened by 11944@Aitor

[2018-03-14 11:55:45 #2 type.registry] 
New type domain.User

[2018-03-14 11:55:45 #3 type] 
Type domain.User is not enhanced.

[2018-03-14 11:55:45 #4 type.registry] 
New type domain.Question

[2018-03-14 11:55:45 #5 type] 
Type domain.Question is not enhanced.

[2018-03-14 11:55:45 #6 type.registry] 
New type domain.Event

[2018-03-14 11:55:45 #7 type] 
Type domain.Event is not enhanced.

[2018-03-14 11:55:45 #8 type.registry] 
New type java.util.Vector<domain.Question>

[2018-03-14 11:55:45 #9 type.registry] 
New type java.util.Vector<java.lang.Object>

------------------------------------------------------------------------------------------------------------------------

[2018-03-14 11:56:26 #1 store] 
Database 'C:\Users\aitor\eclipse-workspace\Bets\resources\bets.temp' is opened by 5724@Aitor

[2018-03-14 11:56:26 #2 type.registry] 
New type domain.User

[2018-03-14 11:56:26 #3 type] 
Type domain.User is not enhanced.

[2018-03-14 11:56:26 #4 type.registry] 
New type domain.Question

[2018-03-14 11:56:26 #5 type] 
Type domain.Question is not enhanced.

[2018-03-14 11:56:26 #6 type.registry] 
New type domain.Event

[2018-03-14 11:56:26 #7 type] 
Type domain.Event is not enhanced.

[2018-03-14 11:56:26 #8 type.registry] 
New type java.util.Vector<domain.Question>

[2018-03-14 11:56:26 #9 type.registry] 
New type java.util.Vector<java.lang.Object>

------------------------------------------------------------------------------------------------------------------------

[2018-03-14 12:00:02 #1 store] 
Database 'C:\Users\aitor\eclipse-workspace\Bets\resources\bets.temp' is opened by 12344@Aitor

[2018-03-14 12:00:02 #2 type.registry] 
New type domain.User

[2018-03-14 12:00:02 #3 type] 
Type domain.User is not enhanced.

[2018-03-14 12:00:02 #4 type.registry] 
New type domain.Question

[2018-03-14 12:00:02 #5 type] 
Type domain.Question is not enhanced.

[2018-03-14 12:00:03 #6 type.registry] 
New type domain.Event

[2018-03-14 12:00:03 #7 type] 
Type domain.Event is not enhanced.

[2018-03-14 12:00:03 #8 type.registry] 
New type java.util.Vector<domain.Question>

[2018-03-14 12:00:03 #9 type.registry] 
New type java.util.Vector<java.lang.Object>

------------------------------------------------------------------------------------------------------------------------

[2018-03-14 12:13:03 #1 store] 
Database 'C:\Users\aitor\eclipse-workspace\Bets\resources\bets.temp' is opened by 3552@Aitor

[2018-03-14 12:13:03 #2 type.registry] 
New type domain.User

[2018-03-14 12:13:03 #3 type] 
Type domain.User is not enhanced.

[2018-03-14 12:13:03 #4 type.registry] 
New type domain.Question

[2018-03-14 12:13:03 #5 type] 
Type domain.Question is not enhanced.

[2018-03-14 12:13:03 #6 type.registry] 
New type domain.Event

[2018-03-14 12:13:03 #7 type] 
Type domain.Event is not enhanced.

[2018-03-14 12:13:03 #8 type.registry] 
New type java.util.Vector<domain.Question>

[2018-03-14 12:13:03 #9 type.registry] 
New type java.util.Vector<java.lang.Object>

------------------------------------------------------------------------------------------------------------------------

[2018-03-14 15:06:37 #1 store] 
Database 'C:\Users\aitor\eclipse-workspace\Bets\resources\bets.temp' is opened by 4468@Aitor

[2018-03-14 15:06:37 #2 type.registry] 
New type domain.User

[2018-03-14 15:06:37 #3 type] 
Type domain.User is not enhanced.

[2018-03-14 15:06:37 #4 type.registry] 
New type domain.Question

[2018-03-14 15:06:37 #5 type] 
Type domain.Question is not enhanced.

[2018-03-14 15:06:37 #6 type.registry] 
New type domain.Event

[2018-03-14 15:06:37 #7 type] 
Type domain.Event is not enhanced.

[2018-03-14 15:06:37 #8 type.registry] 
New type java.util.Vector<domain.Question>

[2018-03-14 15:06:37 #9 type.registry] 
New type java.util.Vector<java.lang.Object>

------------------------------------------------------------------------------------------------------------------------

[2018-03-14 15:08:43 #1 store] 
Database 'C:\Users\aitor\eclipse-workspace\Bets\resources\bets.temp' is opened by 9776@Aitor

[2018-03-14 15:08:43 #2 type.registry] 
New type domain.User

[2018-03-14 15:08:43 #3 type] 
Type domain.User is not enhanced.

------------------------------------------------------------------------------------------------------------------------

[2018-03-14 15:19:38 #1 store] 
Database 'C:\Users\aitor\eclipse-workspace\Bets\resources\bets.temp' is opened by 10564@Aitor

[2018-03-14 15:19:38 #2 type.registry] 
New type domain.User

[2018-03-14 15:19:38 #3 type] 
Type domain.User is not enhanced.

------------------------------------------------------------------------------------------------------------------------

[2018-03-14 15:20:39 #1 store] 
Database 'C:\Users\aitor\eclipse-workspace\Bets\resources\bets.temp' is opened by 7440@Aitor

[2018-03-14 15:20:40 #2 type.registry] 
New type domain.User

[2018-03-14 15:20:40 #3 type] 
Type domain.User is not enhanced.

[2018-03-14 15:20:40 #4 type.registry] 
New type domain.Question

[2018-03-14 15:20:40 #5 type] 
Type domain.Question is not enhanced.

[2018-03-14 15:20:40 #6 type.registry] 
New type domain.Event

[2018-03-14 15:20:40 #7 type] 
Type domain.Event is not enhanced.

[2018-03-14 15:20:40 #8 type.registry] 
New type java.util.Vector<domain.Question>

[2018-03-14 15:20:40 #9 type.registry] 
New type java.util.Vector<java.lang.Object>

------------------------------------------------------------------------------------------------------------------------

[2018-03-14 15:23:57 #1 store] 
Database 'C:\Users\aitor\eclipse-workspace\Bets\resources\bets.temp' is opened by 7724@Aitor

[2018-03-14 15:23:57 #2 type.registry] 
New type domain.User

[2018-03-14 15:23:57 #3 type] 
Type domain.User is not enhanced.

[2018-03-14 15:23:57 #4 type.registry] 
New type domain.Question

[2018-03-14 15:23:57 #5 type] 
Type domain.Question is not enhanced.

[2018-03-14 15:23:57 #6 type.registry] 
New type domain.Event

[2018-03-14 15:23:57 #7 type] 
Type domain.Event is not enhanced.

[2018-03-14 15:23:57 #8 type.registry] 
New type java.util.Vector<domain.Question>

[2018-03-14 15:23:57 #9 type.registry] 
New type java.util.Vector<java.lang.Object>

------------------------------------------------------------------------------------------------------------------------

[2018-03-14 15:27:06 #1 store] 
Database 'C:\Users\aitor\eclipse-workspace\Bets\resources\bets.temp' is opened by 1340@Aitor

[2018-03-14 15:27:06 #2 type.registry] 
New type domain.User

[2018-03-14 15:27:06 #3 type] 
Type domain.User is not enhanced.

[2018-03-14 15:27:06 #4 type.registry] 
New type domain.Question

[2018-03-14 15:27:06 #5 type] 
Type domain.Question is not enhanced.

[2018-03-14 15:27:06 #6 type.registry] 
New type domain.Event

[2018-03-14 15:27:06 #7 type] 
Type domain.Event is not enhanced.

[2018-03-14 15:27:06 #8 type.registry] 
New type java.util.Vector<domain.Question>

[2018-03-14 15:27:06 #9 type.registry] 
New type java.util.Vector<java.lang.Object>

------------------------------------------------------------------------------------------------------------------------

[2018-03-14 15:29:29 #1 store] 
Database 'C:\Users\aitor\eclipse-workspace\Bets\resources\bets.temp' is opened by 7976@Aitor

[2018-03-14 15:29:30 #2 type.registry] 
New type domain.User

[2018-03-14 15:29:30 #3 type] 
Type domain.User is not enhanced.

[2018-03-14 15:29:30 #4 type.registry] 
New type domain.Question

[2018-03-14 15:29:30 #5 type] 
Type domain.Question is not enhanced.

[2018-03-14 15:29:30 #6 type.registry] 
New type domain.Event

[2018-03-14 15:29:30 #7 type] 
Type domain.Event is not enhanced.

[2018-03-14 15:29:30 #8 type.registry] 
New type java.util.Vector<domain.Question>

[2018-03-14 15:29:30 #9 type.registry] 
New type java.util.Vector<java.lang.Object>

------------------------------------------------------------------------------------------------------------------------

[2018-03-14 15:38:47 #1 store] 
Database 'C:\Users\aitor\eclipse-workspace\Bets\resources\bets.temp' is opened by 2096@Aitor

[2018-03-14 15:38:47 #2 type.registry] 
New type domain.User

[2018-03-14 15:38:47 #3 type] 
Type domain.User is not enhanced.

[2018-03-14 15:38:47 #4 type.registry] 
New type domain.Question

[2018-03-14 15:38:47 #5 type] 
Type domain.Question is not enhanced.

[2018-03-14 15:38:47 #6 type.registry] 
New type domain.Event

[2018-03-14 15:38:47 #7 type] 
Type domain.Event is not enhanced.

[2018-03-14 15:38:47 #8 type.registry] 
New type java.util.Vector<domain.Question>

[2018-03-14 15:38:47 #9 type.registry] 
New type java.util.Vector<java.lang.Object>

------------------------------------------------------------------------------------------------------------------------

[2018-03-14 15:44:16 #1 store] 
Database 'C:\Users\aitor\eclipse-workspace\Bets\resources\bets.temp' is opened by 8156@Aitor

[2018-03-14 15:44:16 #2 type.registry] 
New type domain.User

[2018-03-14 15:44:16 #3 type] 
Type domain.User is not enhanced.

[2018-03-14 15:44:16 #4 type.registry] 
New type domain.Question

[2018-03-14 15:44:16 #5 type] 
Type domain.Question is not enhanced.

[2018-03-14 15:44:16 #6 type.registry] 
New type domain.Event

[2018-03-14 15:44:16 #7 type] 
Type domain.Event is not enhanced.

[2018-03-14 15:44:16 #8 type.registry] 
New type java.util.Vector<domain.Question>

[2018-03-14 15:44:16 #9 type.registry] 
New type java.util.Vector<java.lang.Object>

------------------------------------------------------------------------------------------------------------------------

[2018-03-14 15:51:56 #1 store] 
Database 'C:\Users\aitor\eclipse-workspace\Bets\resources\bets.temp' is opened by 10880@Aitor

[2018-03-14 15:51:56 #2 type.registry] 
New type domain.User

[2018-03-14 15:51:56 #3 type] 
Type domain.User is not enhanced.

[2018-03-14 15:51:56 #4 type.registry] 
New type domain.Question

[2018-03-14 15:51:56 #5 type] 
Type domain.Question is not enhanced.

[2018-03-14 15:51:57 #6 type.registry] 
New type domain.Event

[2018-03-14 15:51:57 #7 type] 
Type domain.Event is not enhanced.

[2018-03-14 15:51:57 #8 type.registry] 
New type java.util.Vector<domain.Question>

[2018-03-14 15:51:57 #9 type.registry] 
New type java.util.Vector<java.lang.Object>

------------------------------------------------------------------------------------------------------------------------

[2018-03-14 15:53:15 #1 store] 
Database 'C:\Users\aitor\eclipse-workspace\Bets\resources\bets.temp' is opened by 616@Aitor

[2018-03-14 15:53:15 #2 type.registry] 
New type domain.User

[2018-03-14 15:53:15 #3 type] 
Type domain.User is not enhanced.

[2018-03-14 15:53:15 #4 type.registry] 
New type domain.Question

[2018-03-14 15:53:15 #5 type] 
Type domain.Question is not enhanced.

[2018-03-14 15:53:15 #6 type.registry] 
New type domain.Event

[2018-03-14 15:53:15 #7 type] 
Type domain.Event is not enhanced.

[2018-03-14 15:53:15 #8 type.registry] 
New type java.util.Vector<domain.Question>

[2018-03-14 15:53:15 #9 type.registry] 
New type java.util.Vector<java.lang.Object>

------------------------------------------------------------------------------------------------------------------------

[2018-03-14 15:57:05 #1 store] 
Database 'C:\Users\aitor\eclipse-workspace\Bets\resources\bets.temp' is opened by 3936@Aitor

[2018-03-14 15:57:05 #2 type.registry] 
New type domain.User

[2018-03-14 15:57:05 #3 type] 
Type domain.User is not enhanced.

[2018-03-14 15:57:05 #4 type.registry] 
New type domain.Question

[2018-03-14 15:57:05 #5 type] 
Type domain.Question is not enhanced.

[2018-03-14 15:57:05 #6 type.registry] 
New type domain.Event

[2018-03-14 15:57:05 #7 type] 
Type domain.Event is not enhanced.

[2018-03-14 15:57:05 #8 type.registry] 
New type java.util.Vector<domain.Question>

[2018-03-14 15:57:05 #9 type.registry] 
New type java.util.Vector<java.lang.Object>

------------------------------------------------------------------------------------------------------------------------

[2018-03-14 16:36:44 #1 store] 
Database 'C:\Users\aitor\eclipse-workspace\Bets\resources\bets.temp' is opened by 8048@Aitor

[2018-03-14 16:36:44 #2 type.registry] 
New type domain.User

[2018-03-14 16:36:44 #3 type] 
Type domain.User is not enhanced.

[2018-03-14 16:36:44 #4 type.registry] 
New type domain.Question

[2018-03-14 16:36:44 #5 type] 
Type domain.Question is not enhanced.

[2018-03-14 16:36:44 #6 type.registry] 
New type domain.Event

[2018-03-14 16:36:44 #7 type] 
Type domain.Event is not enhanced.

[2018-03-14 16:36:44 #8 type.registry] 
New type java.util.Vector<domain.Question>

[2018-03-14 16:36:44 #9 type.registry] 
New type java.util.Vector<java.lang.Object>

------------------------------------------------------------------------------------------------------------------------

[2018-03-14 16:37:07 #1 store] 
Database 'C:\Users\aitor\eclipse-workspace\Bets\resources\bets.temp' is opened by 1360@Aitor

[2018-03-14 16:37:07 #2 type.registry] 
New type domain.User

[2018-03-14 16:37:07 #3 type] 
Type domain.User is not enhanced.

[2018-03-14 16:37:07 #4 type.registry] 
New type domain.Question

[2018-03-14 16:37:07 #5 type] 
Type domain.Question is not enhanced.

[2018-03-14 16:37:07 #6 type.registry] 
New type domain.Event

[2018-03-14 16:37:07 #7 type] 
Type domain.Event is not enhanced.

[2018-03-14 16:37:07 #8 type.registry] 
New type java.util.Vector<domain.Question>

[2018-03-14 16:37:08 #9 type.registry] 
New type java.util.Vector<java.lang.Object>

------------------------------------------------------------------------------------------------------------------------

[2018-03-14 19:19:03 #1 store] 
Database 'C:\Users\aitor\eclipse-workspace\Bets\resources\bets.temp' is opened by 10912@Aitor

[2018-03-14 19:19:04 #2 type.registry] 
New type domain.User

[2018-03-14 19:19:04 #3 type] 
Type domain.User is not enhanced.

[2018-03-14 19:19:04 #4 type.registry] 
New type domain.Question

[2018-03-14 19:19:04 #5 type] 
Type domain.Question is not enhanced.

[2018-03-14 19:19:04 #6 type.registry] 
New type domain.Event

[2018-03-14 19:19:04 #7 type] 
Type domain.Event is not enhanced.

[2018-03-14 19:19:04 #8 type.registry] 
New type java.util.Vector<domain.Question>

[2018-03-14 19:19:04 #9 type.registry] 
New type java.util.Vector<java.lang.Object>

------------------------------------------------------------------------------------------------------------------------

[2018-03-14 19:20:19 #1 store] 
Database 'C:\Users\aitor\eclipse-workspace\Bets\resources\bets.temp' is opened by 6700@Aitor

[2018-03-14 19:20:20 #2 type.registry] 
New type domain.User

[2018-03-14 19:20:20 #3 type] 
Type domain.User is not enhanced.

[2018-03-14 19:20:20 #4 type.registry] 
New type domain.Question

[2018-03-14 19:20:20 #5 type] 
Type domain.Question is not enhanced.

[2018-03-14 19:20:20 #6 type.registry] 
New type domain.Event

[2018-03-14 19:20:20 #7 type] 
Type domain.Event is not enhanced.

[2018-03-14 19:20:20 #8 type.registry] 
New type java.util.Vector<domain.Question>

[2018-03-14 19:20:20 #9 type.registry] 
New type java.util.Vector<java.lang.Object>

------------------------------------------------------------------------------------------------------------------------

[2018-03-14 19:40:35 #1 store] 
Database 'C:\Users\aitor\eclipse-workspace\Bets\resources\bets.temp' is opened by 5568@Aitor

[2018-03-14 19:40:35 #2 type.registry] 
New type domain.User

[2018-03-14 19:40:35 #3 type] 
Type domain.User is not enhanced.

[2018-03-14 19:40:35 #4 type.registry] 
New type domain.Question

[2018-03-14 19:40:35 #5 type] 
Type domain.Question is not enhanced.

[2018-03-14 19:40:35 #6 type.registry] 
New type domain.Event

[2018-03-14 19:40:35 #7 type] 
Type domain.Event is not enhanced.

[2018-03-14 19:40:35 #8 type.registry] 
New type java.util.Vector<domain.Question>

[2018-03-14 19:40:35 #9 type.registry] 
New type java.util.Vector<java.lang.Object>

------------------------------------------------------------------------------------------------------------------------

[2018-03-14 19:41:26 #1 store] 
Database 'C:\Users\aitor\eclipse-workspace\Bets\resources\bets.temp' is opened by 8324@Aitor

[2018-03-14 19:41:27 #2 type.registry] 
New type domain.User

[2018-03-14 19:41:27 #3 type] 
Type domain.User is not enhanced.

[2018-03-14 19:41:27 #4 type.registry] 
New type domain.Question

[2018-03-14 19:41:27 #5 type] 
Type domain.Question is not enhanced.

[2018-03-14 19:41:27 #6 type.registry] 
New type domain.Event

[2018-03-14 19:41:27 #7 type] 
Type domain.Event is not enhanced.

[2018-03-14 19:41:27 #8 type.registry] 
New type java.util.Vector<domain.Question>

[2018-03-14 19:41:27 #9 type.registry] 
New type java.util.Vector<java.lang.Object>

------------------------------------------------------------------------------------------------------------------------

[2018-03-14 19:42:21 #1 store] 
Database 'C:\Users\aitor\eclipse-workspace\Bets\resources\bets.temp' is opened by 8020@Aitor

[2018-03-14 19:42:22 #2 type.registry] 
New type domain.User

[2018-03-14 19:42:22 #3 type] 
Type domain.User is not enhanced.

[2018-03-14 19:42:22 #4 type.registry] 
New type domain.Question

[2018-03-14 19:42:22 #5 type] 
Type domain.Question is not enhanced.

[2018-03-14 19:42:22 #6 type.registry] 
New type domain.Event

[2018-03-14 19:42:22 #7 type] 
Type domain.Event is not enhanced.

[2018-03-14 19:42:22 #8 type.registry] 
New type java.util.Vector<domain.Question>

[2018-03-14 19:42:22 #9 type.registry] 
New type java.util.Vector<java.lang.Object>

------------------------------------------------------------------------------------------------------------------------

[2018-03-14 19:43:08 #1 store] 
Database 'C:\Users\aitor\eclipse-workspace\Bets\resources\bets.temp' is opened by 12028@Aitor

[2018-03-14 19:43:08 #2 type.registry] 
New type domain.User

[2018-03-14 19:43:08 #3 type] 
Type domain.User is not enhanced.

[2018-03-14 19:43:08 #4 type.registry] 
New type domain.Question

[2018-03-14 19:43:08 #5 type] 
Type domain.Question is not enhanced.

[2018-03-14 19:43:08 #6 type.registry] 
New type domain.Event

[2018-03-14 19:43:08 #7 type] 
Type domain.Event is not enhanced.

[2018-03-14 19:43:08 #8 type.registry] 
New type java.util.Vector<domain.Question>

[2018-03-14 19:43:08 #9 type.registry] 
New type java.util.Vector<java.lang.Object>

------------------------------------------------------------------------------------------------------------------------

[2018-03-14 19:59:56 #1 store] 
Database 'C:\Users\aitor\eclipse-workspace\Bets\resources\bets.temp' is opened by 6960@Aitor

[2018-03-14 19:59:56 #2 type.registry] 
New type domain.User

[2018-03-14 19:59:56 #3 type] 
Type domain.User is not enhanced.

[2018-03-14 19:59:56 #4 type.registry] 
New type domain.Question

[2018-03-14 19:59:56 #5 type] 
Type domain.Question is not enhanced.

[2018-03-14 19:59:56 #6 type.registry] 
New type domain.Event

[2018-03-14 19:59:56 #7 type] 
Type domain.Event is not enhanced.

[2018-03-14 19:59:56 #8 type.registry] 
New type java.util.Vector<domain.Question>

[2018-03-14 19:59:56 #9 type.registry] 
New type java.util.Vector<java.lang.Object>

------------------------------------------------------------------------------------------------------------------------

[2018-03-14 20:03:40 #1 store] 
Database 'C:\Users\aitor\eclipse-workspace\Bets\resources\bets.temp' is opened by 11784@Aitor

[2018-03-14 20:03:40 #2 type.registry] 
New type domain.User

[2018-03-14 20:03:40 #3 type] 
Type domain.User is not enhanced.

[2018-03-14 20:03:40 #4 type.registry] 
New type domain.Question

[2018-03-14 20:03:40 #5 type] 
Type domain.Question is not enhanced.

[2018-03-14 20:03:40 #6 type.registry] 
New type domain.Event

[2018-03-14 20:03:40 #7 type] 
Type domain.Event is not enhanced.

[2018-03-14 20:03:40 #8 type.registry] 
New type java.util.Vector<domain.Question>

[2018-03-14 20:03:40 #9 type.registry] 
New type java.util.Vector<java.lang.Object>

------------------------------------------------------------------------------------------------------------------------

[2018-03-14 20:05:05 #1 store] 
Database 'C:\Users\aitor\eclipse-workspace\Bets\resources\bets.temp' is opened by 10256@Aitor

[2018-03-14 20:05:05 #2 type.registry] 
New type domain.User

[2018-03-14 20:05:05 #3 type] 
Type domain.User is not enhanced.

[2018-03-14 20:05:05 #4 type.registry] 
New type domain.Question

[2018-03-14 20:05:05 #5 type] 
Type domain.Question is not enhanced.

[2018-03-14 20:05:05 #6 type.registry] 
New type domain.Event

[2018-03-14 20:05:05 #7 type] 
Type domain.Event is not enhanced.

[2018-03-14 20:05:05 #8 type.registry] 
New type java.util.Vector<domain.Question>

[2018-03-14 20:05:05 #9 type.registry] 
New type java.util.Vector<java.lang.Object>

------------------------------------------------------------------------------------------------------------------------

[2018-03-14 20:08:36 #1 store] 
Database 'C:\Users\aitor\eclipse-workspace\Bets\resources\bets.temp' is opened by 400@Aitor

[2018-03-14 20:08:36 #2 type.registry] 
New type domain.User

[2018-03-14 20:08:36 #3 type] 
Type domain.User is not enhanced.

[2018-03-14 20:08:36 #4 type.registry] 
New type domain.Question

[2018-03-14 20:08:36 #5 type] 
Type domain.Question is not enhanced.

[2018-03-14 20:08:36 #6 type.registry] 
New type domain.Event

[2018-03-14 20:08:36 #7 type] 
Type domain.Event is not enhanced.

[2018-03-14 20:08:36 #8 type.registry] 
New type java.util.Vector<domain.Question>

[2018-03-14 20:08:36 #9 type.registry] 
New type java.util.Vector<java.lang.Object>

------------------------------------------------------------------------------------------------------------------------

[2018-03-14 20:10:47 #1 store] 
Database 'C:\Users\aitor\eclipse-workspace\Bets\resources\bets.temp' is opened by 7928@Aitor

[2018-03-14 20:10:47 #2 type.registry] 
New type domain.User

[2018-03-14 20:10:48 #3 type] 
Type domain.User is not enhanced.

[2018-03-14 20:10:48 #4 type.registry] 
New type domain.Question

[2018-03-14 20:10:48 #5 type] 
Type domain.Question is not enhanced.

[2018-03-14 20:10:48 #6 type.registry] 
New type domain.Event

[2018-03-14 20:10:48 #7 type] 
Type domain.Event is not enhanced.

[2018-03-14 20:10:48 #8 type.registry] 
New type java.util.Vector<domain.Question>

[2018-03-14 20:10:48 #9 type.registry] 
New type java.util.Vector<java.lang.Object>

