------------------------------------------------------------------------------------------------------------------------

[2018-03-12 15:31:01 #1 store] 
Database 'C:\Users\aitor\eclipse-workspace\Bets\resources\bets.temp' is opened by 7852@Aitor

[2018-03-12 15:31:01 #2 type.registry] 
New type domain.Event

[2018-03-12 15:31:01 #3 type] 
Type domain.Event is not enhanced.

[2018-03-12 15:31:01 #4 type.registry] 
New type domain.Question

[2018-03-12 15:31:02 #5 type.registry] 
New type java.util.Vector<domain.Question>

[2018-03-12 15:31:02 #6 type] 
Type domain.Question is not enhanced.

------------------------------------------------------------------------------------------------------------------------

[2018-03-12 15:31:29 #1 store] 
Database 'C:\Users\aitor\eclipse-workspace\Bets\resources\bets.temp' is opened by 13612@Aitor

[2018-03-12 15:31:29 #2 type.registry] 
New type domain.Event

[2018-03-12 15:31:29 #3 type] 
Type domain.Event is not enhanced.

[2018-03-12 15:31:29 #4 type.registry] 
New type domain.Question

[2018-03-12 15:31:29 #5 type.registry] 
New type java.util.Vector<domain.Question>

[2018-03-12 15:31:29 #6 type] 
Type domain.Question is not enhanced.

