------------------------------------------------------------------------------------------------------------------------

[2018-04-04 12:02:13 #1 store] 
Database 'C:\Users\aitor\eclipse-workspace\Bets\resources\bets.temp' is opened by 4636@Aitor

[2018-04-04 12:02:14 #2 type.registry] 
New type domain.User

[2018-04-04 12:02:14 #3 type] 
Type domain.User is not enhanced.

[2018-04-04 12:02:14 #4 type.registry] 
New type domain.Question

[2018-04-04 12:02:14 #5 type] 
Type domain.Question is not enhanced.

[2018-04-04 12:02:14 #6 type.registry] 
New type domain.Event

[2018-04-04 12:02:14 #7 type] 
Type domain.Event is not enhanced.

[2018-04-04 12:02:14 #8 type.registry] 
New type java.util.Vector<domain.Question>

[2018-04-04 12:02:14 #9 type.registry] 
New type java.util.Vector<java.lang.Object>

------------------------------------------------------------------------------------------------------------------------

[2018-04-04 17:32:41 #1 store] 
Database 'C:\Users\aitor\eclipse-workspace\Bets\resources\bets.temp' is opened by 9784@Aitor

[2018-04-04 17:32:42 #2 type.registry] 
New type domain.User

[2018-04-04 17:32:42 #3 type] 
Type domain.User is not enhanced.

[2018-04-04 17:32:42 #4 type.registry] 
New type domain.Question

[2018-04-04 17:32:42 #5 type] 
Type domain.Question is not enhanced.

[2018-04-04 17:32:43 #6 type.registry] 
New type domain.Event

[2018-04-04 17:32:43 #7 type] 
Type domain.Event is not enhanced.

[2018-04-04 17:32:43 #8 type.registry] 
New type java.util.Vector<domain.Question>

[2018-04-04 17:32:43 #9 type.registry] 
New type java.util.Vector<java.lang.Object>

------------------------------------------------------------------------------------------------------------------------

[2018-04-04 17:34:36 #1 store] 
Database 'C:\Users\aitor\eclipse-workspace\Bets\resources\bets.temp' is opened by 11288@Aitor

[2018-04-04 17:34:37 #2 type.registry] 
New type domain.User

[2018-04-04 17:34:37 #3 type] 
Type domain.User is not enhanced.

[2018-04-04 17:34:37 #4 type.registry] 
New type domain.Question

[2018-04-04 17:34:37 #5 type] 
Type domain.Question is not enhanced.

[2018-04-04 17:34:37 #6 type.registry] 
New type domain.Event

[2018-04-04 17:34:37 #7 type] 
Type domain.Event is not enhanced.

[2018-04-04 17:34:37 #8 type.registry] 
New type java.util.Vector<domain.Question>

[2018-04-04 17:34:37 #9 type.registry] 
New type java.util.Vector<java.lang.Object>

------------------------------------------------------------------------------------------------------------------------

[2018-04-04 17:44:22 #1 store] 
Database 'C:\Users\aitor\eclipse-workspace\Bets\resources\bets.temp' is opened by 3640@Aitor

[2018-04-04 17:44:22 #2 type.registry] 
New type domain.User

[2018-04-04 17:44:22 #3 type] 
Type domain.User is not enhanced.

[2018-04-04 17:44:22 #4 type.registry] 
New type domain.Question

[2018-04-04 17:44:22 #5 type] 
Type domain.Question is not enhanced.

[2018-04-04 17:44:22 #6 type.registry] 
New type domain.Event

[2018-04-04 17:44:22 #7 type] 
Type domain.Event is not enhanced.

[2018-04-04 17:44:22 #8 type.registry] 
New type java.util.Vector<domain.Question>

[2018-04-04 17:44:22 #9 type.registry] 
New type java.util.Vector<java.lang.Object>

------------------------------------------------------------------------------------------------------------------------

[2018-04-04 17:56:20 #1 store] 
Database 'C:\Users\aitor\eclipse-workspace\Bets\resources\bets.temp' is opened by 5328@Aitor

[2018-04-04 17:56:20 #2 type.registry] 
New type domain.User

[2018-04-04 17:56:20 #3 type] 
Type domain.User is not enhanced.

[2018-04-04 17:56:20 #4 type.registry] 
New type domain.Question

[2018-04-04 17:56:20 #5 type] 
Type domain.Question is not enhanced.

[2018-04-04 17:56:20 #6 type.registry] 
New type domain.Event

[2018-04-04 17:56:20 #7 type] 
Type domain.Event is not enhanced.

[2018-04-04 17:56:20 #8 type.registry] 
New type java.util.Vector<domain.Question>

[2018-04-04 17:56:20 #9 type.registry] 
New type java.util.Vector<java.lang.Object>

------------------------------------------------------------------------------------------------------------------------

[2018-04-04 17:58:19 #1 store] 
Database 'C:\Users\aitor\eclipse-workspace\Bets\resources\bets.temp' is opened by 7620@Aitor

[2018-04-04 17:58:19 #2 type.registry] 
New type domain.User

[2018-04-04 17:58:19 #3 type] 
Type domain.User is not enhanced.

[2018-04-04 17:58:19 #4 type.registry] 
New type domain.Question

[2018-04-04 17:58:19 #5 type] 
Type domain.Question is not enhanced.

[2018-04-04 17:58:19 #6 type.registry] 
New type domain.Event

[2018-04-04 17:58:19 #7 type] 
Type domain.Event is not enhanced.

[2018-04-04 17:58:19 #8 type.registry] 
New type java.util.Vector<domain.Question>

[2018-04-04 17:58:19 #9 type.registry] 
New type java.util.Vector<java.lang.Object>

------------------------------------------------------------------------------------------------------------------------

[2018-04-04 17:59:48 #1 store] 
Database 'C:\Users\aitor\eclipse-workspace\Bets\resources\bets.temp' is opened by 11328@Aitor

[2018-04-04 17:59:49 #2 type.registry] 
New type domain.User

[2018-04-04 17:59:49 #3 type] 
Type domain.User is not enhanced.

[2018-04-04 17:59:49 #4 type.registry] 
New type domain.Question

[2018-04-04 17:59:49 #5 type] 
Type domain.Question is not enhanced.

[2018-04-04 17:59:49 #6 type.registry] 
New type domain.Event

[2018-04-04 17:59:49 #7 type] 
Type domain.Event is not enhanced.

[2018-04-04 17:59:49 #8 type.registry] 
New type java.util.Vector<domain.Question>

[2018-04-04 17:59:49 #9 type.registry] 
New type java.util.Vector<java.lang.Object>

------------------------------------------------------------------------------------------------------------------------

[2018-04-04 18:03:59 #1 store] 
Database 'C:\Users\aitor\eclipse-workspace\Bets\resources\bets.temp' is opened by 10736@Aitor

[2018-04-04 18:03:59 #2 type.registry] 
New type domain.User

[2018-04-04 18:03:59 #3 type] 
Type domain.User is not enhanced.

------------------------------------------------------------------------------------------------------------------------

[2018-04-04 18:11:31 #1 store] 
Database 'C:\Users\aitor\eclipse-workspace\Bets\resources\bets.temp' is opened by 13844@Aitor

[2018-04-04 18:11:31 #2 type.registry] 
New type domain.User

[2018-04-04 18:11:32 #3 type] 
Type domain.User is not enhanced.

[2018-04-04 18:11:32 #4 type.registry] 
New type domain.Question

[2018-04-04 18:11:32 #5 type] 
Type domain.Question is not enhanced.

[2018-04-04 18:11:32 #6 type.registry] 
New type domain.Event

[2018-04-04 18:11:32 #7 type] 
Type domain.Event is not enhanced.

[2018-04-04 18:11:32 #8 type.registry] 
New type java.util.Vector<domain.Question>

[2018-04-04 18:11:32 #9 type.registry] 
New type java.util.Vector<java.lang.Object>

------------------------------------------------------------------------------------------------------------------------

[2018-04-04 18:12:17 #1 store] 
Database 'C:\Users\aitor\eclipse-workspace\Bets\resources\bets.temp' is opened by 11444@Aitor

[2018-04-04 18:12:17 #2 type.registry] 
New type domain.User

[2018-04-04 18:12:17 #3 type] 
Type domain.User is not enhanced.

------------------------------------------------------------------------------------------------------------------------

[2018-04-04 18:13:11 #1 store] 
Database 'C:\Users\aitor\eclipse-workspace\Bets\resources\bets.temp' is opened by 8980@Aitor

[2018-04-04 18:13:11 #2 type.registry] 
New type domain.User

[2018-04-04 18:13:11 #3 type] 
Type domain.User is not enhanced.

[2018-04-04 18:13:11 #4 type.registry] 
New type domain.Question

[2018-04-04 18:13:11 #5 type] 
Type domain.Question is not enhanced.

[2018-04-04 18:13:11 #6 type.registry] 
New type domain.Event

[2018-04-04 18:13:11 #7 type] 
Type domain.Event is not enhanced.

[2018-04-04 18:13:11 #8 type.registry] 
New type java.util.Vector<domain.Question>

[2018-04-04 18:13:11 #9 type.registry] 
New type java.util.Vector<java.lang.Object>

------------------------------------------------------------------------------------------------------------------------

[2018-04-04 18:15:42 #1 store] 
Database 'C:\Users\aitor\eclipse-workspace\Bets\resources\bets.temp' is opened by 9460@Aitor

[2018-04-04 18:15:42 #2 type.registry] 
New type domain.User

[2018-04-04 18:15:42 #3 type] 
Type domain.User is not enhanced.

[2018-04-04 18:15:43 #4 type.registry] 
New type domain.Question

[2018-04-04 18:15:43 #5 type] 
Type domain.Question is not enhanced.

[2018-04-04 18:15:43 #6 type.registry] 
New type domain.Event

[2018-04-04 18:15:43 #7 type] 
Type domain.Event is not enhanced.

[2018-04-04 18:15:43 #8 type.registry] 
New type java.util.Vector<domain.Question>

[2018-04-04 18:15:43 #9 type.registry] 
New type java.util.Vector<java.lang.Object>

------------------------------------------------------------------------------------------------------------------------

[2018-04-04 18:21:05 #1 store] 
Database 'C:\Users\aitor\eclipse-workspace\Bets\resources\bets.temp' is opened by 12056@Aitor

[2018-04-04 18:21:05 #2 type.registry] 
New type domain.User

[2018-04-04 18:21:05 #3 type] 
Type domain.User is not enhanced.

[2018-04-04 18:21:05 #4 type.registry] 
New type domain.Question

[2018-04-04 18:21:05 #5 type] 
Type domain.Question is not enhanced.

[2018-04-04 18:21:05 #6 type.registry] 
New type domain.Event

[2018-04-04 18:21:05 #7 type] 
Type domain.Event is not enhanced.

[2018-04-04 18:21:05 #8 type.registry] 
New type java.util.Vector<domain.Question>

[2018-04-04 18:21:05 #9 type.registry] 
New type java.util.Vector<java.lang.Object>

------------------------------------------------------------------------------------------------------------------------

[2018-04-04 18:21:57 #1 store] 
Database 'C:\Users\aitor\eclipse-workspace\Bets\resources\bets.temp' is opened by 1928@Aitor

[2018-04-04 18:21:57 #2 type.registry] 
New type domain.User

[2018-04-04 18:21:57 #3 type] 
Type domain.User is not enhanced.

[2018-04-04 18:21:57 #4 type.registry] 
New type domain.Question

[2018-04-04 18:21:57 #5 type] 
Type domain.Question is not enhanced.

[2018-04-04 18:21:57 #6 type.registry] 
New type domain.Event

[2018-04-04 18:21:57 #7 type] 
Type domain.Event is not enhanced.

[2018-04-04 18:21:57 #8 type.registry] 
New type java.util.Vector<domain.Question>

[2018-04-04 18:21:57 #9 type.registry] 
New type java.util.Vector<java.lang.Object>

------------------------------------------------------------------------------------------------------------------------

[2018-04-04 18:23:36 #1 store] 
Database 'C:\Users\aitor\eclipse-workspace\Bets\resources\bets.temp' is opened by 6080@Aitor

[2018-04-04 18:23:36 #2 type.registry] 
New type domain.User

[2018-04-04 18:23:36 #3 type] 
Type domain.User is not enhanced.

[2018-04-04 18:23:36 #4 type.registry] 
New type domain.Question

[2018-04-04 18:23:36 #5 type] 
Type domain.Question is not enhanced.

[2018-04-04 18:23:36 #6 type.registry] 
New type domain.Event

[2018-04-04 18:23:36 #7 type] 
Type domain.Event is not enhanced.

[2018-04-04 18:23:36 #8 type.registry] 
New type java.util.Vector<domain.Question>

[2018-04-04 18:23:36 #9 type.registry] 
New type java.util.Vector<java.lang.Object>

------------------------------------------------------------------------------------------------------------------------

[2018-04-04 18:30:27 #1 store] 
Database 'C:\Users\aitor\eclipse-workspace\Bets\resources\bets.temp' is opened by 10476@Aitor

[2018-04-04 18:30:28 #2 type.registry] 
New type domain.User

[2018-04-04 18:30:28 #3 type] 
Type domain.User is not enhanced.

[2018-04-04 18:30:28 #4 type.registry] 
New type domain.Question

[2018-04-04 18:30:28 #5 type] 
Type domain.Question is not enhanced.

[2018-04-04 18:30:28 #6 type.registry] 
New type domain.Event

[2018-04-04 18:30:28 #7 type] 
Type domain.Event is not enhanced.

[2018-04-04 18:30:28 #8 type.registry] 
New type java.util.Vector<domain.Question>

[2018-04-04 18:30:28 #9 type.registry] 
New type java.util.Vector<java.lang.Object>

------------------------------------------------------------------------------------------------------------------------

[2018-04-04 19:27:45 #1 store] 
Database 'C:\Users\aitor\eclipse-workspace\Bets\resources\bets.temp' is opened by 9288@Aitor

[2018-04-04 19:27:45 #2 type.registry] 
New type domain.User

[2018-04-04 19:27:45 #3 type] 
Type domain.User is not enhanced.

[2018-04-04 19:27:45 #4 type.registry] 
New type domain.Question

[2018-04-04 19:27:45 #5 type] 
Type domain.Question is not enhanced.

[2018-04-04 19:27:45 #6 type.registry] 
New type domain.Event

[2018-04-04 19:27:45 #7 type] 
Type domain.Event is not enhanced.

[2018-04-04 19:27:45 #8 type.registry] 
New type java.util.Vector<domain.Question>

[2018-04-04 19:27:45 #9 type.registry] 
New type java.util.Vector<java.lang.Object>

------------------------------------------------------------------------------------------------------------------------

[2018-04-04 19:28:50 #1 store] 
Database 'C:\Users\aitor\eclipse-workspace\Bets\resources\bets.temp' is opened by 12388@Aitor

[2018-04-04 19:28:50 #2 type.registry] 
New type domain.User

[2018-04-04 19:28:50 #3 type] 
Type domain.User is not enhanced.

[2018-04-04 19:28:50 #4 type.registry] 
New type domain.Question

[2018-04-04 19:28:50 #5 type] 
Type domain.Question is not enhanced.

[2018-04-04 19:28:50 #6 type.registry] 
New type domain.Event

[2018-04-04 19:28:50 #7 type] 
Type domain.Event is not enhanced.

[2018-04-04 19:28:50 #8 type.registry] 
New type java.util.Vector<domain.Question>

[2018-04-04 19:28:50 #9 type.registry] 
New type java.util.Vector<java.lang.Object>

------------------------------------------------------------------------------------------------------------------------

[2018-04-04 19:38:56 #1 store] 
Database 'C:\Users\aitor\eclipse-workspace\Bets\resources\bets.temp' is opened by 10064@Aitor

[2018-04-04 19:38:56 #2 type.registry] 
New type domain.User

[2018-04-04 19:38:56 #3 type] 
Type domain.User is not enhanced.

[2018-04-04 19:38:56 #4 type.registry] 
New type domain.Question

[2018-04-04 19:38:56 #5 type] 
Type domain.Question is not enhanced.

[2018-04-04 19:38:56 #6 type.registry] 
New type domain.Event

[2018-04-04 19:38:56 #7 type] 
Type domain.Event is not enhanced.

[2018-04-04 19:38:57 #8 type.registry] 
New type java.util.Vector<domain.Question>

[2018-04-04 19:38:57 #9 type.registry] 
New type java.util.Vector<java.lang.Object>

------------------------------------------------------------------------------------------------------------------------

[2018-04-04 19:39:38 #1 store] 
Database 'C:\Users\aitor\eclipse-workspace\Bets\resources\bets.temp' is opened by 7000@Aitor

[2018-04-04 19:39:38 #2 type.registry] 
New type domain.User

[2018-04-04 19:39:38 #3 type] 
Type domain.User is not enhanced.

[2018-04-04 19:39:38 #4 type.registry] 
New type domain.Question

[2018-04-04 19:39:38 #5 type] 
Type domain.Question is not enhanced.

[2018-04-04 19:39:38 #6 type.registry] 
New type domain.Event

[2018-04-04 19:39:38 #7 type] 
Type domain.Event is not enhanced.

[2018-04-04 19:39:38 #8 type.registry] 
New type java.util.Vector<domain.Question>

[2018-04-04 19:39:38 #9 type.registry] 
New type java.util.Vector<java.lang.Object>

------------------------------------------------------------------------------------------------------------------------

[2018-04-04 19:43:01 #1 store] 
Database 'C:\Users\aitor\eclipse-workspace\Bets\resources\bets.temp' is opened by 6596@Aitor

[2018-04-04 19:43:01 #2 type.registry] 
New type domain.User

[2018-04-04 19:43:01 #3 type] 
Type domain.User is not enhanced.

[2018-04-04 19:43:01 #4 type.registry] 
New type domain.Question

[2018-04-04 19:43:01 #5 type] 
Type domain.Question is not enhanced.

[2018-04-04 19:43:01 #6 type.registry] 
New type domain.Event

[2018-04-04 19:43:01 #7 type] 
Type domain.Event is not enhanced.

[2018-04-04 19:43:01 #8 type.registry] 
New type java.util.Vector<domain.Question>

[2018-04-04 19:43:01 #9 type.registry] 
New type java.util.Vector<java.lang.Object>

