------------------------------------------------------------------------------------------------------------------------

[2018-05-08 12:48:18 #1 store] 
Database 'C:\Users\aitor\workspace\Bets\resources\bets.temp' is opened by 6988@Aitor

[2018-05-08 12:48:18 #2 type.registry] 
New type domain.User

[2018-05-08 12:48:18 #3 type] 
Type domain.User is not enhanced.

[2018-05-08 12:48:18 #4 type.registry] 
New type domain.Question

[2018-05-08 12:48:18 #5 type] 
Type domain.Question is not enhanced.

[2018-05-08 12:48:18 #6 type.registry] 
New type domain.Event

[2018-05-08 12:48:18 #7 type.registry] 
New type domain.Result

[2018-05-08 12:48:18 #8 type] 
Type domain.Event is not enhanced.

[2018-05-08 12:48:18 #9 type.registry] 
New type java.util.Vector<domain.Question>

[2018-05-08 12:48:18 #10 type] 
Type domain.Result is not enhanced.

[2018-05-08 12:48:18 #11 type.registry] 
New type java.util.Vector<java.lang.Object>

[2018-05-08 12:48:43 #12 type.registry] 
New type domain.Apuesta

[2018-05-08 12:48:43 #13 type] 
Type domain.Apuesta is not enhanced.

------------------------------------------------------------------------------------------------------------------------

[2018-05-08 12:57:46 #1 store] 
Database 'C:\Users\aitor\workspace\Bets\resources\bets.temp' is opened by 7556@Aitor

[2018-05-08 12:57:46 #2 type.registry] 
New type domain.User

[2018-05-08 12:57:46 #3 type] 
Type domain.User is not enhanced.

[2018-05-08 12:57:46 #4 type.registry] 
New type domain.Question

[2018-05-08 12:57:46 #5 type] 
Type domain.Question is not enhanced.

[2018-05-08 12:57:46 #6 type.registry] 
New type domain.Event

[2018-05-08 12:57:46 #7 type.registry] 
New type domain.Result

[2018-05-08 12:57:46 #8 type] 
Type domain.Event is not enhanced.

[2018-05-08 12:57:46 #9 type.registry] 
New type java.util.Vector<domain.Question>

[2018-05-08 12:57:46 #10 type] 
Type domain.Result is not enhanced.

[2018-05-08 12:57:46 #11 type.registry] 
New type java.util.Vector<java.lang.Object>

[2018-05-08 12:58:23 #12 type.registry] 
New type domain.Apuesta

[2018-05-08 12:58:23 #13 type] 
Type domain.Apuesta is not enhanced.

------------------------------------------------------------------------------------------------------------------------

[2018-05-08 12:59:18 #1 store] 
Database 'C:\Users\aitor\workspace\Bets\resources\bets.temp' is opened by 5016@Aitor

[2018-05-08 12:59:19 #2 type.registry] 
New type domain.User

[2018-05-08 12:59:19 #3 type] 
Type domain.User is not enhanced.

[2018-05-08 12:59:19 #4 type.registry] 
New type domain.Question

[2018-05-08 12:59:19 #5 type] 
Type domain.Question is not enhanced.

[2018-05-08 12:59:19 #6 type.registry] 
New type domain.Event

[2018-05-08 12:59:19 #7 type.registry] 
New type domain.Result

[2018-05-08 12:59:19 #8 type] 
Type domain.Event is not enhanced.

[2018-05-08 12:59:19 #9 type.registry] 
New type java.util.Vector<domain.Question>

[2018-05-08 12:59:19 #10 type] 
Type domain.Result is not enhanced.

[2018-05-08 12:59:19 #11 type.registry] 
New type java.util.Vector<java.lang.Object>

[2018-05-08 12:59:30 #12 type.registry] 
New type domain.Apuesta

[2018-05-08 12:59:30 #13 type] 
Type domain.Apuesta is not enhanced.

------------------------------------------------------------------------------------------------------------------------

[2018-05-08 13:00:01 #1 store] 
Database 'C:\Users\aitor\workspace\Bets\resources\bets.temp' is opened by 2976@Aitor

[2018-05-08 13:00:01 #2 type.registry] 
New type domain.User

[2018-05-08 13:00:01 #3 type] 
Type domain.User is not enhanced.

[2018-05-08 13:00:01 #4 type.registry] 
New type domain.Question

[2018-05-08 13:00:01 #5 type] 
Type domain.Question is not enhanced.

[2018-05-08 13:00:01 #6 type.registry] 
New type domain.Event

[2018-05-08 13:00:01 #7 type.registry] 
New type domain.Result

[2018-05-08 13:00:01 #8 type] 
Type domain.Event is not enhanced.

[2018-05-08 13:00:01 #9 type.registry] 
New type java.util.Vector<domain.Question>

[2018-05-08 13:00:01 #10 type] 
Type domain.Result is not enhanced.

[2018-05-08 13:00:01 #11 type.registry] 
New type java.util.Vector<java.lang.Object>

[2018-05-08 13:00:16 #12 type.registry] 
New type domain.Apuesta

[2018-05-08 13:00:16 #13 type] 
Type domain.Apuesta is not enhanced.

------------------------------------------------------------------------------------------------------------------------

[2018-05-08 13:11:51 #1 store] 
Database 'C:\Users\aitor\workspace\Bets\resources\bets.temp' is opened by 1348@Aitor

[2018-05-08 13:11:51 #2 type.registry] 
New type domain.User

[2018-05-08 13:11:51 #3 type] 
Type domain.User is not enhanced.

[2018-05-08 13:11:51 #4 type.registry] 
New type domain.Question

[2018-05-08 13:11:51 #5 type] 
Type domain.Question is not enhanced.

[2018-05-08 13:11:51 #6 type.registry] 
New type domain.Event

[2018-05-08 13:11:51 #7 type.registry] 
New type domain.Result

[2018-05-08 13:11:51 #8 type] 
Type domain.Event is not enhanced.

[2018-05-08 13:11:51 #9 type.registry] 
New type java.util.Vector<domain.Question>

[2018-05-08 13:11:51 #10 type] 
Type domain.Result is not enhanced.

[2018-05-08 13:11:51 #11 type.registry] 
New type java.util.Vector<java.lang.Object>

[2018-05-08 13:12:04 #12 type.registry] 
New type domain.Apuesta

[2018-05-08 13:12:04 #13 type] 
Type domain.Apuesta is not enhanced.

------------------------------------------------------------------------------------------------------------------------

[2018-05-08 13:14:21 #1 store] 
Database 'C:\Users\aitor\workspace\Bets\resources\bets.temp' is opened by 7252@Aitor

[2018-05-08 13:14:22 #2 type.registry] 
New type domain.User

[2018-05-08 13:14:22 #3 type] 
Type domain.User is not enhanced.

[2018-05-08 13:14:22 #4 type.registry] 
New type domain.Question

[2018-05-08 13:14:22 #5 type] 
Type domain.Question is not enhanced.

[2018-05-08 13:14:22 #6 type.registry] 
New type domain.Event

[2018-05-08 13:14:22 #7 type.registry] 
New type domain.Result

[2018-05-08 13:14:22 #8 type] 
Type domain.Event is not enhanced.

[2018-05-08 13:14:22 #9 type.registry] 
New type java.util.Vector<domain.Question>

[2018-05-08 13:14:22 #10 type] 
Type domain.Result is not enhanced.

[2018-05-08 13:14:22 #11 type.registry] 
New type java.util.Vector<java.lang.Object>

[2018-05-08 13:14:32 #12 type.registry] 
New type domain.Apuesta

[2018-05-08 13:14:32 #13 type] 
Type domain.Apuesta is not enhanced.

------------------------------------------------------------------------------------------------------------------------

[2018-05-08 13:16:42 #1 store] 
Database 'C:\Users\aitor\workspace\Bets\resources\bets.temp' is opened by 12500@Aitor

[2018-05-08 13:16:42 #2 type.registry] 
New type domain.User

[2018-05-08 13:16:42 #3 type] 
Type domain.User is not enhanced.

[2018-05-08 13:16:42 #4 type.registry] 
New type domain.Question

[2018-05-08 13:16:42 #5 type] 
Type domain.Question is not enhanced.

[2018-05-08 13:16:42 #6 type.registry] 
New type domain.Event

[2018-05-08 13:16:42 #7 type.registry] 
New type domain.Result

[2018-05-08 13:16:42 #8 type] 
Type domain.Event is not enhanced.

[2018-05-08 13:16:42 #9 type.registry] 
New type java.util.Vector<domain.Question>

[2018-05-08 13:16:42 #10 type] 
Type domain.Result is not enhanced.

[2018-05-08 13:16:42 #11 type.registry] 
New type java.util.Vector<java.lang.Object>

[2018-05-08 13:17:07 #12 type.registry] 
New type domain.Apuesta

[2018-05-08 13:17:07 #13 type] 
Type domain.Apuesta is not enhanced.

------------------------------------------------------------------------------------------------------------------------

[2018-05-08 13:17:36 #1 store] 
Database 'C:\Users\aitor\workspace\Bets\resources\bets.temp' is opened by 7468@Aitor

[2018-05-08 13:17:36 #2 type.registry] 
New type domain.User

[2018-05-08 13:17:36 #3 type] 
Type domain.User is not enhanced.

[2018-05-08 13:17:36 #4 type.registry] 
New type domain.Question

[2018-05-08 13:17:36 #5 type] 
Type domain.Question is not enhanced.

[2018-05-08 13:17:36 #6 type.registry] 
New type domain.Event

[2018-05-08 13:17:36 #7 type.registry] 
New type domain.Result

[2018-05-08 13:17:36 #8 type] 
Type domain.Event is not enhanced.

[2018-05-08 13:17:36 #9 type.registry] 
New type java.util.Vector<domain.Question>

[2018-05-08 13:17:36 #10 type] 
Type domain.Result is not enhanced.

[2018-05-08 13:17:36 #11 type.registry] 
New type java.util.Vector<java.lang.Object>

[2018-05-08 13:17:48 #12 type.registry] 
New type domain.Apuesta

[2018-05-08 13:17:48 #13 type] 
Type domain.Apuesta is not enhanced.

------------------------------------------------------------------------------------------------------------------------

[2018-05-08 13:19:19 #1 store] 
Database 'C:\Users\aitor\workspace\Bets\resources\bets.temp' is opened by 13428@Aitor

[2018-05-08 13:19:20 #2 type.registry] 
New type domain.User

[2018-05-08 13:19:20 #3 type] 
Type domain.User is not enhanced.

[2018-05-08 13:19:20 #4 type.registry] 
New type domain.Question

[2018-05-08 13:19:20 #5 type] 
Type domain.Question is not enhanced.

[2018-05-08 13:19:20 #6 type.registry] 
New type domain.Event

[2018-05-08 13:19:20 #7 type.registry] 
New type domain.Result

[2018-05-08 13:19:20 #8 type] 
Type domain.Event is not enhanced.

[2018-05-08 13:19:20 #9 type.registry] 
New type java.util.Vector<domain.Question>

[2018-05-08 13:19:20 #10 type] 
Type domain.Result is not enhanced.

[2018-05-08 13:19:20 #11 type.registry] 
New type java.util.Vector<java.lang.Object>

[2018-05-08 13:19:31 #12 type.registry] 
New type domain.Apuesta

[2018-05-08 13:19:31 #13 type] 
Type domain.Apuesta is not enhanced.

------------------------------------------------------------------------------------------------------------------------

[2018-05-08 13:20:37 #1 store] 
Database 'C:\Users\aitor\workspace\Bets\resources\bets.temp' is opened by 7716@Aitor

[2018-05-08 13:20:37 #2 type.registry] 
New type domain.User

[2018-05-08 13:20:37 #3 type] 
Type domain.User is not enhanced.

[2018-05-08 13:20:37 #4 type.registry] 
New type domain.Question

[2018-05-08 13:20:37 #5 type] 
Type domain.Question is not enhanced.

[2018-05-08 13:20:37 #6 type.registry] 
New type domain.Event

[2018-05-08 13:20:37 #7 type.registry] 
New type domain.Result

[2018-05-08 13:20:37 #8 type] 
Type domain.Event is not enhanced.

[2018-05-08 13:20:37 #9 type.registry] 
New type java.util.Vector<domain.Question>

[2018-05-08 13:20:37 #10 type] 
Type domain.Result is not enhanced.

[2018-05-08 13:20:37 #11 type.registry] 
New type java.util.Vector<java.lang.Object>

[2018-05-08 13:20:49 #12 type.registry] 
New type domain.Apuesta

[2018-05-08 13:20:49 #13 type] 
Type domain.Apuesta is not enhanced.

------------------------------------------------------------------------------------------------------------------------

[2018-05-08 13:21:36 #1 store] 
Database 'C:\Users\aitor\workspace\Bets\resources\bets.temp' is opened by 8024@Aitor

[2018-05-08 13:21:36 #2 type.registry] 
New type domain.User

[2018-05-08 13:21:36 #3 type] 
Type domain.User is not enhanced.

[2018-05-08 13:21:36 #4 type.registry] 
New type domain.Question

[2018-05-08 13:21:36 #5 type] 
Type domain.Question is not enhanced.

[2018-05-08 13:21:36 #6 type.registry] 
New type domain.Event

[2018-05-08 13:21:37 #7 type.registry] 
New type domain.Result

[2018-05-08 13:21:37 #8 type] 
Type domain.Event is not enhanced.

[2018-05-08 13:21:37 #9 type.registry] 
New type java.util.Vector<domain.Question>

[2018-05-08 13:21:37 #10 type] 
Type domain.Result is not enhanced.

[2018-05-08 13:21:37 #11 type.registry] 
New type java.util.Vector<java.lang.Object>

[2018-05-08 13:21:49 #12 type.registry] 
New type domain.Apuesta

[2018-05-08 13:21:49 #13 type] 
Type domain.Apuesta is not enhanced.

------------------------------------------------------------------------------------------------------------------------

[2018-05-08 13:24:20 #1 store] 
Database 'C:\Users\aitor\workspace\Bets\resources\bets.temp' is opened by 11012@Aitor

[2018-05-08 13:24:20 #2 type.registry] 
New type domain.User

[2018-05-08 13:24:20 #3 type] 
Type domain.User is not enhanced.

[2018-05-08 13:24:20 #4 type.registry] 
New type domain.Question

[2018-05-08 13:24:20 #5 type] 
Type domain.Question is not enhanced.

[2018-05-08 13:24:20 #6 type.registry] 
New type domain.Event

[2018-05-08 13:24:20 #7 type.registry] 
New type domain.Result

[2018-05-08 13:24:20 #8 type] 
Type domain.Event is not enhanced.

[2018-05-08 13:24:20 #9 type.registry] 
New type java.util.Vector<domain.Question>

[2018-05-08 13:24:20 #10 type] 
Type domain.Result is not enhanced.

[2018-05-08 13:24:20 #11 type.registry] 
New type java.util.Vector<java.lang.Object>

[2018-05-08 13:24:32 #12 type.registry] 
New type domain.Apuesta

[2018-05-08 13:24:32 #13 type] 
Type domain.Apuesta is not enhanced.

------------------------------------------------------------------------------------------------------------------------

[2018-05-08 13:26:06 #1 store] 
Database 'C:\Users\aitor\workspace\Bets\resources\bets.temp' is opened by 10424@Aitor

[2018-05-08 13:26:06 #2 type.registry] 
New type domain.User

[2018-05-08 13:26:06 #3 type] 
Type domain.User is not enhanced.

[2018-05-08 13:26:06 #4 type.registry] 
New type domain.Question

[2018-05-08 13:26:06 #5 type] 
Type domain.Question is not enhanced.

[2018-05-08 13:26:06 #6 type.registry] 
New type domain.Event

[2018-05-08 13:26:06 #7 type.registry] 
New type domain.Result

[2018-05-08 13:26:06 #8 type] 
Type domain.Event is not enhanced.

[2018-05-08 13:26:06 #9 type.registry] 
New type java.util.Vector<domain.Question>

[2018-05-08 13:26:06 #10 type] 
Type domain.Result is not enhanced.

[2018-05-08 13:26:06 #11 type.registry] 
New type java.util.Vector<java.lang.Object>

[2018-05-08 13:26:20 #12 type.registry] 
New type domain.Apuesta

[2018-05-08 13:26:20 #13 type] 
Type domain.Apuesta is not enhanced.

------------------------------------------------------------------------------------------------------------------------

[2018-05-08 13:26:51 #1 store] 
Database 'C:\Users\aitor\workspace\Bets\resources\bets.temp' is opened by 708@Aitor

[2018-05-08 13:26:51 #2 type.registry] 
New type domain.User

[2018-05-08 13:26:51 #3 type] 
Type domain.User is not enhanced.

[2018-05-08 13:26:51 #4 type.registry] 
New type domain.Question

[2018-05-08 13:26:51 #5 type] 
Type domain.Question is not enhanced.

[2018-05-08 13:26:51 #6 type.registry] 
New type domain.Event

[2018-05-08 13:26:51 #7 type.registry] 
New type domain.Result

[2018-05-08 13:26:51 #8 type] 
Type domain.Event is not enhanced.

[2018-05-08 13:26:51 #9 type.registry] 
New type java.util.Vector<domain.Question>

[2018-05-08 13:26:51 #10 type] 
Type domain.Result is not enhanced.

[2018-05-08 13:26:51 #11 type.registry] 
New type java.util.Vector<java.lang.Object>

[2018-05-08 13:27:06 #12 type.registry] 
New type domain.Apuesta

[2018-05-08 13:27:06 #13 type] 
Type domain.Apuesta is not enhanced.

------------------------------------------------------------------------------------------------------------------------

[2018-05-08 13:28:04 #1 store] 
Database 'C:\Users\aitor\workspace\Bets\resources\bets.temp' is opened by 14128@Aitor

[2018-05-08 13:28:04 #2 type.registry] 
New type domain.User

[2018-05-08 13:28:04 #3 type] 
Type domain.User is not enhanced.

[2018-05-08 13:28:04 #4 type.registry] 
New type domain.Question

[2018-05-08 13:28:04 #5 type] 
Type domain.Question is not enhanced.

[2018-05-08 13:28:04 #6 type.registry] 
New type domain.Event

[2018-05-08 13:28:04 #7 type.registry] 
New type domain.Result

[2018-05-08 13:28:04 #8 type] 
Type domain.Event is not enhanced.

[2018-05-08 13:28:04 #9 type.registry] 
New type java.util.Vector<domain.Question>

[2018-05-08 13:28:04 #10 type] 
Type domain.Result is not enhanced.

[2018-05-08 13:28:04 #11 type.registry] 
New type java.util.Vector<java.lang.Object>

------------------------------------------------------------------------------------------------------------------------

[2018-05-08 13:28:26 #1 store] 
Database 'C:\Users\aitor\workspace\Bets\resources\bets.temp' is opened by 5928@Aitor

[2018-05-08 13:28:26 #2 type.registry] 
New type domain.User

[2018-05-08 13:28:26 #3 type] 
Type domain.User is not enhanced.

[2018-05-08 13:28:26 #4 type.registry] 
New type domain.Question

[2018-05-08 13:28:26 #5 type] 
Type domain.Question is not enhanced.

[2018-05-08 13:28:26 #6 type.registry] 
New type domain.Event

[2018-05-08 13:28:26 #7 type.registry] 
New type domain.Result

[2018-05-08 13:28:26 #8 type] 
Type domain.Event is not enhanced.

[2018-05-08 13:28:26 #9 type.registry] 
New type java.util.Vector<domain.Question>

[2018-05-08 13:28:26 #10 type] 
Type domain.Result is not enhanced.

[2018-05-08 13:28:26 #11 type.registry] 
New type java.util.Vector<java.lang.Object>

[2018-05-08 13:28:36 #12 type.registry] 
New type domain.Apuesta

[2018-05-08 13:28:37 #13 type] 
Type domain.Apuesta is not enhanced.

------------------------------------------------------------------------------------------------------------------------

[2018-05-08 13:39:11 #1 store] 
Database 'C:\Users\aitor\workspace\Bets\resources\bets.temp' is opened by 3236@Aitor

[2018-05-08 13:39:11 #2 type.registry] 
New type domain.User

[2018-05-08 13:39:11 #3 type] 
Type domain.User is not enhanced.

[2018-05-08 13:39:11 #4 type.registry] 
New type domain.Question

[2018-05-08 13:39:11 #5 type] 
Type domain.Question is not enhanced.

[2018-05-08 13:39:11 #6 type.registry] 
New type domain.Event

[2018-05-08 13:39:11 #7 type.registry] 
New type domain.Result

[2018-05-08 13:39:11 #8 type] 
Type domain.Event is not enhanced.

[2018-05-08 13:39:11 #9 type.registry] 
New type java.util.Vector<domain.Question>

[2018-05-08 13:39:11 #10 type] 
Type domain.Result is not enhanced.

[2018-05-08 13:39:11 #11 type.registry] 
New type java.util.Vector<java.lang.Object>

------------------------------------------------------------------------------------------------------------------------

[2018-05-08 13:39:44 #1 store] 
Database 'C:\Users\aitor\workspace\Bets\resources\bets.temp' is opened by 9112@Aitor

[2018-05-08 13:39:44 #2 type.registry] 
New type domain.User

[2018-05-08 13:39:44 #3 type] 
Type domain.User is not enhanced.

[2018-05-08 13:39:44 #4 type.registry] 
New type domain.Question

[2018-05-08 13:39:44 #5 type] 
Type domain.Question is not enhanced.

[2018-05-08 13:39:44 #6 type.registry] 
New type domain.Event

[2018-05-08 13:39:44 #7 type.registry] 
New type domain.Result

[2018-05-08 13:39:44 #8 type] 
Type domain.Event is not enhanced.

[2018-05-08 13:39:44 #9 type.registry] 
New type java.util.Vector<domain.Question>

[2018-05-08 13:39:44 #10 type] 
Type domain.Result is not enhanced.

[2018-05-08 13:39:44 #11 type.registry] 
New type java.util.Vector<java.lang.Object>

[2018-05-08 13:39:58 #12 type.registry] 
New type domain.Apuesta

[2018-05-08 13:39:58 #13 type] 
Type domain.Apuesta is not enhanced.

------------------------------------------------------------------------------------------------------------------------

[2018-05-08 13:42:57 #1 store] 
Database 'C:\Users\aitor\workspace\Bets\resources\bets.temp' is opened by 10496@Aitor

[2018-05-08 13:42:58 #2 type.registry] 
New type domain.User

[2018-05-08 13:42:58 #3 type] 
Type domain.User is not enhanced.

[2018-05-08 13:42:58 #4 type.registry] 
New type domain.Question

[2018-05-08 13:42:58 #5 type] 
Type domain.Question is not enhanced.

[2018-05-08 13:42:58 #6 type.registry] 
New type domain.Event

[2018-05-08 13:42:58 #7 type.registry] 
New type domain.Result

[2018-05-08 13:42:58 #8 type] 
Type domain.Event is not enhanced.

[2018-05-08 13:42:58 #9 type.registry] 
New type java.util.Vector<domain.Question>

[2018-05-08 13:42:58 #10 type] 
Type domain.Result is not enhanced.

[2018-05-08 13:42:58 #11 type.registry] 
New type java.util.Vector<java.lang.Object>

------------------------------------------------------------------------------------------------------------------------

[2018-05-08 13:43:52 #1 store] 
Database 'C:\Users\aitor\workspace\Bets\resources\bets.temp' is opened by 8308@Aitor

[2018-05-08 13:43:52 #2 type.registry] 
New type domain.User

[2018-05-08 13:43:52 #3 type] 
Type domain.User is not enhanced.

[2018-05-08 13:43:52 #4 type.registry] 
New type domain.Question

[2018-05-08 13:43:52 #5 type] 
Type domain.Question is not enhanced.

[2018-05-08 13:43:52 #6 type.registry] 
New type domain.Event

[2018-05-08 13:43:52 #7 type.registry] 
New type domain.Result

[2018-05-08 13:43:52 #8 type] 
Type domain.Event is not enhanced.

[2018-05-08 13:43:52 #9 type.registry] 
New type java.util.Vector<domain.Question>

[2018-05-08 13:43:52 #10 type] 
Type domain.Result is not enhanced.

[2018-05-08 13:43:52 #11 type.registry] 
New type java.util.Vector<java.lang.Object>

------------------------------------------------------------------------------------------------------------------------

[2018-05-08 13:44:21 #1 store] 
Database 'C:\Users\aitor\workspace\Bets\resources\bets.temp' is opened by 13476@Aitor

[2018-05-08 13:44:21 #2 type.registry] 
New type domain.User

[2018-05-08 13:44:21 #3 type] 
Type domain.User is not enhanced.

[2018-05-08 13:44:21 #4 type.registry] 
New type domain.Question

[2018-05-08 13:44:21 #5 type] 
Type domain.Question is not enhanced.

[2018-05-08 13:44:21 #6 type.registry] 
New type domain.Event

[2018-05-08 13:44:21 #7 type.registry] 
New type domain.Result

[2018-05-08 13:44:21 #8 type] 
Type domain.Event is not enhanced.

[2018-05-08 13:44:21 #9 type.registry] 
New type java.util.Vector<domain.Question>

[2018-05-08 13:44:21 #10 type] 
Type domain.Result is not enhanced.

[2018-05-08 13:44:21 #11 type.registry] 
New type java.util.Vector<java.lang.Object>

------------------------------------------------------------------------------------------------------------------------

[2018-05-08 13:45:28 #1 store] 
Database 'C:\Users\aitor\workspace\Bets\resources\bets.temp' is opened by 6636@Aitor

[2018-05-08 13:45:28 #2 type.registry] 
New type domain.User

[2018-05-08 13:45:28 #3 type] 
Type domain.User is not enhanced.

[2018-05-08 13:45:28 #4 type.registry] 
New type domain.Question

[2018-05-08 13:45:28 #5 type] 
Type domain.Question is not enhanced.

[2018-05-08 13:45:28 #6 type.registry] 
New type domain.Event

[2018-05-08 13:45:28 #7 type.registry] 
New type domain.Result

[2018-05-08 13:45:28 #8 type] 
Type domain.Event is not enhanced.

[2018-05-08 13:45:28 #9 type.registry] 
New type java.util.Vector<domain.Question>

[2018-05-08 13:45:28 #10 type] 
Type domain.Result is not enhanced.

[2018-05-08 13:45:28 #11 type.registry] 
New type java.util.Vector<java.lang.Object>

------------------------------------------------------------------------------------------------------------------------

[2018-05-08 13:46:48 #1 store] 
Database 'C:\Users\aitor\workspace\Bets\resources\bets.temp' is opened by 7812@Aitor

[2018-05-08 13:46:48 #2 type.registry] 
New type domain.User

[2018-05-08 13:46:48 #3 type] 
Type domain.User is not enhanced.

[2018-05-08 13:46:48 #4 type.registry] 
New type domain.Question

[2018-05-08 13:46:48 #5 type] 
Type domain.Question is not enhanced.

[2018-05-08 13:46:48 #6 type.registry] 
New type domain.Event

[2018-05-08 13:46:48 #7 type.registry] 
New type domain.Result

[2018-05-08 13:46:48 #8 type] 
Type domain.Event is not enhanced.

[2018-05-08 13:46:48 #9 type.registry] 
New type java.util.Vector<domain.Question>

[2018-05-08 13:46:48 #10 type] 
Type domain.Result is not enhanced.

[2018-05-08 13:46:48 #11 type.registry] 
New type java.util.Vector<java.lang.Object>

------------------------------------------------------------------------------------------------------------------------

[2018-05-08 13:47:30 #1 store] 
Database 'C:\Users\aitor\workspace\Bets\resources\bets.temp' is opened by 9816@Aitor

[2018-05-08 13:47:30 #2 type.registry] 
New type domain.User

[2018-05-08 13:47:30 #3 type] 
Type domain.User is not enhanced.

[2018-05-08 13:47:30 #4 type.registry] 
New type domain.Question

[2018-05-08 13:47:30 #5 type] 
Type domain.Question is not enhanced.

[2018-05-08 13:47:30 #6 type.registry] 
New type domain.Event

[2018-05-08 13:47:30 #7 type.registry] 
New type domain.Result

[2018-05-08 13:47:30 #8 type] 
Type domain.Event is not enhanced.

[2018-05-08 13:47:30 #9 type.registry] 
New type java.util.Vector<domain.Question>

[2018-05-08 13:47:30 #10 type] 
Type domain.Result is not enhanced.

[2018-05-08 13:47:30 #11 type.registry] 
New type java.util.Vector<java.lang.Object>

------------------------------------------------------------------------------------------------------------------------

[2018-05-08 13:48:07 #1 store] 
Database 'C:\Users\aitor\workspace\Bets\resources\bets.temp' is opened by 10536@Aitor

[2018-05-08 13:48:07 #2 type.registry] 
New type domain.User

[2018-05-08 13:48:07 #3 type] 
Type domain.User is not enhanced.

[2018-05-08 13:48:07 #4 type.registry] 
New type domain.Question

[2018-05-08 13:48:07 #5 type] 
Type domain.Question is not enhanced.

[2018-05-08 13:48:07 #6 type.registry] 
New type domain.Event

[2018-05-08 13:48:07 #7 type.registry] 
New type domain.Result

[2018-05-08 13:48:07 #8 type] 
Type domain.Event is not enhanced.

[2018-05-08 13:48:07 #9 type.registry] 
New type java.util.Vector<domain.Question>

[2018-05-08 13:48:07 #10 type] 
Type domain.Result is not enhanced.

[2018-05-08 13:48:07 #11 type.registry] 
New type java.util.Vector<java.lang.Object>

------------------------------------------------------------------------------------------------------------------------

[2018-05-08 13:50:15 #1 store] 
Database 'C:\Users\aitor\workspace\Bets\resources\bets.temp' is opened by 8224@Aitor

[2018-05-08 13:50:15 #2 type.registry] 
New type domain.User

[2018-05-08 13:50:15 #3 type] 
Type domain.User is not enhanced.

[2018-05-08 13:50:15 #4 type.registry] 
New type domain.Question

[2018-05-08 13:50:15 #5 type] 
Type domain.Question is not enhanced.

[2018-05-08 13:50:15 #6 type.registry] 
New type domain.Event

[2018-05-08 13:50:15 #7 type.registry] 
New type domain.Result

[2018-05-08 13:50:15 #8 type] 
Type domain.Event is not enhanced.

[2018-05-08 13:50:15 #9 type.registry] 
New type java.util.Vector<domain.Question>

[2018-05-08 13:50:15 #10 type] 
Type domain.Result is not enhanced.

[2018-05-08 13:50:15 #11 type.registry] 
New type java.util.Vector<java.lang.Object>

------------------------------------------------------------------------------------------------------------------------

[2018-05-08 13:51:19 #1 store] 
Database 'C:\Users\aitor\workspace\Bets\resources\bets.temp' is opened by 12792@Aitor

[2018-05-08 13:51:19 #2 type.registry] 
New type domain.User

[2018-05-08 13:51:19 #3 type] 
Type domain.User is not enhanced.

[2018-05-08 13:51:19 #4 type.registry] 
New type domain.Question

[2018-05-08 13:51:19 #5 type] 
Type domain.Question is not enhanced.

[2018-05-08 13:51:19 #6 type.registry] 
New type domain.Event

[2018-05-08 13:51:19 #7 type.registry] 
New type domain.Result

[2018-05-08 13:51:19 #8 type] 
Type domain.Event is not enhanced.

[2018-05-08 13:51:19 #9 type.registry] 
New type java.util.Vector<domain.Question>

[2018-05-08 13:51:19 #10 type] 
Type domain.Result is not enhanced.

[2018-05-08 13:51:19 #11 type.registry] 
New type java.util.Vector<java.lang.Object>

[2018-05-08 13:51:26 #12 type.registry] 
New type domain.Apuesta

[2018-05-08 13:51:26 #13 type] 
Type domain.Apuesta is not enhanced.

------------------------------------------------------------------------------------------------------------------------

[2018-05-08 13:55:56 #1 store] 
Database 'C:\Users\aitor\workspace\Bets\resources\bets.temp' is opened by 4608@Aitor

[2018-05-08 13:55:56 #2 type.registry] 
New type domain.User

[2018-05-08 13:55:56 #3 type] 
Type domain.User is not enhanced.

[2018-05-08 13:55:56 #4 type.registry] 
New type domain.Question

[2018-05-08 13:55:56 #5 type] 
Type domain.Question is not enhanced.

[2018-05-08 13:55:56 #6 type.registry] 
New type domain.Event

[2018-05-08 13:55:56 #7 type.registry] 
New type domain.Result

[2018-05-08 13:55:56 #8 type] 
Type domain.Event is not enhanced.

[2018-05-08 13:55:56 #9 type.registry] 
New type java.util.Vector<domain.Question>

[2018-05-08 13:55:56 #10 type] 
Type domain.Result is not enhanced.

[2018-05-08 13:55:56 #11 type.registry] 
New type java.util.Vector<java.lang.Object>

------------------------------------------------------------------------------------------------------------------------

[2018-05-08 13:56:49 #1 store] 
Database 'C:\Users\aitor\workspace\Bets\resources\bets.temp' is opened by 8404@Aitor

[2018-05-08 13:56:50 #2 type.registry] 
New type domain.User

[2018-05-08 13:56:50 #3 type] 
Type domain.User is not enhanced.

[2018-05-08 13:56:50 #4 type.registry] 
New type domain.Question

[2018-05-08 13:56:50 #5 type] 
Type domain.Question is not enhanced.

[2018-05-08 13:56:50 #6 type.registry] 
New type domain.Event

[2018-05-08 13:56:50 #7 type.registry] 
New type domain.Result

[2018-05-08 13:56:50 #8 type] 
Type domain.Event is not enhanced.

[2018-05-08 13:56:50 #9 type.registry] 
New type java.util.Vector<domain.Question>

[2018-05-08 13:56:50 #10 type] 
Type domain.Result is not enhanced.

[2018-05-08 13:56:50 #11 type.registry] 
New type java.util.Vector<java.lang.Object>

------------------------------------------------------------------------------------------------------------------------

[2018-05-08 13:57:20 #1 store] 
Database 'C:\Users\aitor\workspace\Bets\resources\bets.temp' is opened by 9360@Aitor

[2018-05-08 13:57:21 #2 type.registry] 
New type domain.User

[2018-05-08 13:57:21 #3 type] 
Type domain.User is not enhanced.

[2018-05-08 13:57:21 #4 type.registry] 
New type domain.Question

[2018-05-08 13:57:21 #5 type] 
Type domain.Question is not enhanced.

[2018-05-08 13:57:21 #6 type.registry] 
New type domain.Event

[2018-05-08 13:57:21 #7 type.registry] 
New type domain.Result

[2018-05-08 13:57:21 #8 type] 
Type domain.Event is not enhanced.

[2018-05-08 13:57:21 #9 type.registry] 
New type java.util.Vector<domain.Question>

[2018-05-08 13:57:21 #10 type] 
Type domain.Result is not enhanced.

[2018-05-08 13:57:21 #11 type.registry] 
New type java.util.Vector<java.lang.Object>

------------------------------------------------------------------------------------------------------------------------

[2018-05-08 13:59:38 #1 store] 
Database 'C:\Users\aitor\workspace\Bets\resources\bets.temp' is opened by 9684@Aitor

[2018-05-08 13:59:38 #2 type.registry] 
New type domain.User

[2018-05-08 13:59:38 #3 type] 
Type domain.User is not enhanced.

[2018-05-08 13:59:38 #4 type.registry] 
New type domain.Question

[2018-05-08 13:59:38 #5 type] 
Type domain.Question is not enhanced.

[2018-05-08 13:59:38 #6 type.registry] 
New type domain.Event

[2018-05-08 13:59:38 #7 type.registry] 
New type domain.Result

[2018-05-08 13:59:38 #8 type] 
Type domain.Event is not enhanced.

[2018-05-08 13:59:38 #9 type.registry] 
New type java.util.Vector<domain.Question>

[2018-05-08 13:59:38 #10 type] 
Type domain.Result is not enhanced.

[2018-05-08 13:59:38 #11 type.registry] 
New type java.util.Vector<java.lang.Object>

[2018-05-08 13:59:58 #12 type.registry] 
New type domain.Apuesta

[2018-05-08 13:59:58 #13 type] 
Type domain.Apuesta is not enhanced.

------------------------------------------------------------------------------------------------------------------------

[2018-05-08 14:02:55 #1 store] 
Database 'C:\Users\aitor\workspace\Bets\resources\bets.temp' is opened by 5188@Aitor

[2018-05-08 14:02:56 #2 type.registry] 
New type domain.User

[2018-05-08 14:02:56 #3 type] 
Type domain.User is not enhanced.

[2018-05-08 14:02:56 #4 type.registry] 
New type domain.Question

[2018-05-08 14:02:56 #5 type] 
Type domain.Question is not enhanced.

[2018-05-08 14:02:56 #6 type.registry] 
New type domain.Event

[2018-05-08 14:02:56 #7 type.registry] 
New type domain.Result

[2018-05-08 14:02:56 #8 type] 
Type domain.Event is not enhanced.

[2018-05-08 14:02:56 #9 type.registry] 
New type java.util.Vector<domain.Question>

[2018-05-08 14:02:56 #10 type] 
Type domain.Result is not enhanced.

[2018-05-08 14:02:56 #11 type.registry] 
New type java.util.Vector<java.lang.Object>

[2018-05-08 14:03:07 #12 type.registry] 
New type domain.Apuesta

[2018-05-08 14:03:07 #13 type] 
Type domain.Apuesta is not enhanced.

------------------------------------------------------------------------------------------------------------------------

[2018-05-08 14:05:52 #1 store] 
Database 'C:\Users\aitor\workspace\Bets\resources\bets.temp' is opened by 2876@Aitor

[2018-05-08 14:05:52 #2 type.registry] 
New type domain.User

[2018-05-08 14:05:52 #3 type] 
Type domain.User is not enhanced.

[2018-05-08 14:05:52 #4 type.registry] 
New type domain.Question

[2018-05-08 14:05:52 #5 type] 
Type domain.Question is not enhanced.

[2018-05-08 14:05:52 #6 type.registry] 
New type domain.Event

[2018-05-08 14:05:52 #7 type.registry] 
New type domain.Result

[2018-05-08 14:05:52 #8 type] 
Type domain.Event is not enhanced.

[2018-05-08 14:05:52 #9 type.registry] 
New type java.util.Vector<domain.Question>

[2018-05-08 14:05:52 #10 type] 
Type domain.Result is not enhanced.

[2018-05-08 14:05:52 #11 type.registry] 
New type java.util.Vector<java.lang.Object>

[2018-05-08 14:06:06 #12 type.registry] 
New type domain.Apuesta

[2018-05-08 14:06:06 #13 type] 
Type domain.Apuesta is not enhanced.

