------------------------------------------------------------------------------------------------------------------------

[2018-05-05 12:38:54 #1 store] 
Database 'C:\Users\aitor\workspace\Bets\resources\bets.temp' is opened by 14452@Aitor

[2018-05-05 12:38:54 #2 type.registry] 
New type domain.User

[2018-05-05 12:38:54 #3 type] 
Type domain.User is not enhanced.

[2018-05-05 12:38:54 #4 type.registry] 
New type domain.Question

[2018-05-05 12:38:54 #5 type] 
Type domain.Question is not enhanced.

[2018-05-05 12:38:54 #6 type.registry] 
New type domain.Event

[2018-05-05 12:38:54 #7 type.registry] 
New type domain.Result

[2018-05-05 12:38:54 #8 type] 
Type domain.Event is not enhanced.

[2018-05-05 12:38:54 #9 type.registry] 
New type java.util.Vector<domain.Question>

[2018-05-05 12:38:54 #10 type] 
Type domain.Result is not enhanced.

[2018-05-05 12:38:54 #11 type.registry] 
New type java.util.Vector<java.lang.Object>

[2018-05-05 12:39:16 #12 type.registry] 
New type domain.Apuesta

[2018-05-05 12:39:16 #13 type] 
Type domain.Apuesta is not enhanced.

------------------------------------------------------------------------------------------------------------------------

[2018-05-05 12:51:42 #1 store] 
Database 'C:\Users\aitor\workspace\Bets\resources\bets.temp' is opened by 2696@Aitor

[2018-05-05 12:51:42 #2 type.registry] 
New type domain.User

[2018-05-05 12:51:42 #3 type] 
Type domain.User is not enhanced.

[2018-05-05 12:51:43 #4 type.registry] 
New type domain.Question

[2018-05-05 12:51:43 #5 type] 
Type domain.Question is not enhanced.

[2018-05-05 12:51:43 #6 type.registry] 
New type domain.Event

[2018-05-05 12:51:43 #7 type.registry] 
New type domain.Result

[2018-05-05 12:51:43 #8 type] 
Type domain.Event is not enhanced.

[2018-05-05 12:51:43 #9 type.registry] 
New type java.util.Vector<domain.Question>

[2018-05-05 12:51:43 #10 type] 
Type domain.Result is not enhanced.

[2018-05-05 12:51:43 #11 type.registry] 
New type java.util.Vector<java.lang.Object>

------------------------------------------------------------------------------------------------------------------------

[2018-05-05 12:55:16 #1 store] 
Database 'C:\Users\aitor\workspace\Bets\resources\bets.temp' is opened by 6724@Aitor

[2018-05-05 12:55:16 #2 type.registry] 
New type domain.User

[2018-05-05 12:55:16 #3 type] 
Type domain.User is not enhanced.

[2018-05-05 12:55:16 #4 type.registry] 
New type domain.Question

[2018-05-05 12:55:16 #5 type] 
Type domain.Question is not enhanced.

[2018-05-05 12:55:16 #6 type.registry] 
New type domain.Event

[2018-05-05 12:55:16 #7 type.registry] 
New type domain.Result

[2018-05-05 12:55:16 #8 type] 
Type domain.Event is not enhanced.

[2018-05-05 12:55:16 #9 type.registry] 
New type java.util.Vector<domain.Question>

[2018-05-05 12:55:16 #10 type] 
Type domain.Result is not enhanced.

[2018-05-05 12:55:16 #11 type.registry] 
New type java.util.Vector<java.lang.Object>

------------------------------------------------------------------------------------------------------------------------

[2018-05-05 12:59:31 #1 store] 
Database 'C:\Users\aitor\workspace\Bets\resources\bets.temp' is opened by 13740@Aitor

[2018-05-05 12:59:31 #2 type.registry] 
New type domain.User

[2018-05-05 12:59:31 #3 type] 
Type domain.User is not enhanced.

[2018-05-05 12:59:31 #4 type.registry] 
New type domain.Question

[2018-05-05 12:59:31 #5 type] 
Type domain.Question is not enhanced.

[2018-05-05 12:59:31 #6 type.registry] 
New type domain.Event

[2018-05-05 12:59:31 #7 type.registry] 
New type domain.Result

[2018-05-05 12:59:31 #8 type] 
Type domain.Event is not enhanced.

[2018-05-05 12:59:31 #9 type.registry] 
New type java.util.Vector<domain.Question>

[2018-05-05 12:59:31 #10 type] 
Type domain.Result is not enhanced.

[2018-05-05 12:59:31 #11 type.registry] 
New type java.util.Vector<java.lang.Object>

------------------------------------------------------------------------------------------------------------------------

[2018-05-05 13:06:46 #1 store] 
Database 'C:\Users\aitor\workspace\Bets\resources\bets.temp' is opened by 14388@Aitor

[2018-05-05 13:06:46 #2 type.registry] 
New type domain.User

[2018-05-05 13:06:46 #3 type] 
Type domain.User is not enhanced.

[2018-05-05 13:06:46 #4 type.registry] 
New type domain.Question

[2018-05-05 13:06:46 #5 type] 
Type domain.Question is not enhanced.

[2018-05-05 13:06:46 #6 type.registry] 
New type domain.Event

[2018-05-05 13:06:46 #7 type.registry] 
New type domain.Result

[2018-05-05 13:06:46 #8 type] 
Type domain.Event is not enhanced.

[2018-05-05 13:06:46 #9 type.registry] 
New type java.util.Vector<domain.Question>

[2018-05-05 13:06:46 #10 type] 
Type domain.Result is not enhanced.

[2018-05-05 13:06:46 #11 type.registry] 
New type java.util.Vector<java.lang.Object>

[2018-05-05 13:07:01 #12 type.registry] 
New type domain.Apuesta

[2018-05-05 13:07:01 #13 type] 
Type domain.Apuesta is not enhanced.

------------------------------------------------------------------------------------------------------------------------

[2018-05-05 14:18:07 #1 store] 
Database 'C:\Users\aitor\workspace\Bets\resources\bets.temp' is opened by 7460@Aitor

[2018-05-05 14:18:08 #2 type.registry] 
New type domain.User

[2018-05-05 14:18:08 #3 type] 
Type domain.User is not enhanced.

[2018-05-05 14:18:08 #4 type.registry] 
New type domain.Question

[2018-05-05 14:18:08 #5 type] 
Type domain.Question is not enhanced.

[2018-05-05 14:18:08 #6 type.registry] 
New type domain.Event

[2018-05-05 14:18:08 #7 type.registry] 
New type domain.Result

[2018-05-05 14:18:08 #8 type] 
Type domain.Event is not enhanced.

[2018-05-05 14:18:08 #9 type.registry] 
New type java.util.Vector<domain.Question>

[2018-05-05 14:18:08 #10 type] 
Type domain.Result is not enhanced.

[2018-05-05 14:18:08 #11 type.registry] 
New type java.util.Vector<java.lang.Object>

[2018-05-05 14:18:48 #12 type.registry] 
New type domain.Apuesta

[2018-05-05 14:18:48 #13 type] 
Type domain.Apuesta is not enhanced.

------------------------------------------------------------------------------------------------------------------------

[2018-05-05 14:21:45 #1 store] 
Database 'C:\Users\aitor\workspace\Bets\resources\bets.temp' is opened by 1216@Aitor

[2018-05-05 14:21:45 #2 type.registry] 
New type domain.User

[2018-05-05 14:21:45 #3 type] 
Type domain.User is not enhanced.

[2018-05-05 14:21:45 #4 type.registry] 
New type domain.Question

[2018-05-05 14:21:45 #5 type] 
Type domain.Question is not enhanced.

[2018-05-05 14:21:45 #6 type.registry] 
New type domain.Event

[2018-05-05 14:21:45 #7 type.registry] 
New type domain.Result

[2018-05-05 14:21:45 #8 type] 
Type domain.Event is not enhanced.

[2018-05-05 14:21:45 #9 type.registry] 
New type java.util.Vector<domain.Question>

[2018-05-05 14:21:45 #10 type] 
Type domain.Result is not enhanced.

[2018-05-05 14:21:45 #11 type.registry] 
New type java.util.Vector<java.lang.Object>

[2018-05-05 14:22:00 #12 type.registry] 
New type domain.Apuesta

[2018-05-05 14:22:00 #13 type] 
Type domain.Apuesta is not enhanced.

------------------------------------------------------------------------------------------------------------------------

[2018-05-05 16:00:12 #1 store] 
Database 'C:\Users\aitor\workspace\Bets\resources\bets.temp' is opened by 3160@Aitor

[2018-05-05 16:00:12 #2 type.registry] 
New type domain.User

[2018-05-05 16:00:12 #3 type] 
Type domain.User is not enhanced.

[2018-05-05 16:00:12 #4 type.registry] 
New type domain.Question

[2018-05-05 16:00:12 #5 type] 
Type domain.Question is not enhanced.

[2018-05-05 16:00:12 #6 type.registry] 
New type domain.Event

[2018-05-05 16:00:12 #7 type.registry] 
New type domain.Result

[2018-05-05 16:00:12 #8 type] 
Type domain.Event is not enhanced.

[2018-05-05 16:00:12 #9 type.registry] 
New type java.util.Vector<domain.Question>

[2018-05-05 16:00:12 #10 type] 
Type domain.Result is not enhanced.

[2018-05-05 16:00:12 #11 type.registry] 
New type java.util.Vector<java.lang.Object>

[2018-05-05 16:00:26 #12 type.registry] 
New type domain.Apuesta

[2018-05-05 16:00:26 #13 type] 
Type domain.Apuesta is not enhanced.

------------------------------------------------------------------------------------------------------------------------

[2018-05-05 16:01:15 #1 store] 
Database 'C:\Users\aitor\workspace\Bets\resources\bets.temp' is opened by 9396@Aitor

[2018-05-05 16:01:15 #2 type.registry] 
New type domain.User

[2018-05-05 16:01:15 #3 type] 
Type domain.User is not enhanced.

[2018-05-05 16:01:15 #4 type.registry] 
New type domain.Question

[2018-05-05 16:01:15 #5 type] 
Type domain.Question is not enhanced.

[2018-05-05 16:01:15 #6 type.registry] 
New type domain.Event

[2018-05-05 16:01:15 #7 type.registry] 
New type domain.Result

[2018-05-05 16:01:15 #8 type] 
Type domain.Event is not enhanced.

[2018-05-05 16:01:15 #9 type.registry] 
New type java.util.Vector<domain.Question>

[2018-05-05 16:01:15 #10 type] 
Type domain.Result is not enhanced.

[2018-05-05 16:01:15 #11 type.registry] 
New type java.util.Vector<java.lang.Object>

[2018-05-05 16:01:30 #12 type.registry] 
New type domain.Apuesta

[2018-05-05 16:01:30 #13 type] 
Type domain.Apuesta is not enhanced.

------------------------------------------------------------------------------------------------------------------------

[2018-05-05 16:03:35 #1 store] 
Database 'C:\Users\aitor\workspace\Bets\resources\bets.temp' is opened by 14304@Aitor

[2018-05-05 16:03:35 #2 type.registry] 
New type domain.User

[2018-05-05 16:03:35 #3 type] 
Type domain.User is not enhanced.

[2018-05-05 16:03:35 #4 type.registry] 
New type domain.Question

[2018-05-05 16:03:35 #5 type] 
Type domain.Question is not enhanced.

[2018-05-05 16:03:35 #6 type.registry] 
New type domain.Event

[2018-05-05 16:03:35 #7 type.registry] 
New type domain.Result

[2018-05-05 16:03:35 #8 type] 
Type domain.Event is not enhanced.

[2018-05-05 16:03:35 #9 type.registry] 
New type java.util.Vector<domain.Question>

[2018-05-05 16:03:35 #10 type] 
Type domain.Result is not enhanced.

[2018-05-05 16:03:35 #11 type.registry] 
New type java.util.Vector<java.lang.Object>

[2018-05-05 16:03:46 #12 type.registry] 
New type domain.Apuesta

[2018-05-05 16:03:46 #13 type] 
Type domain.Apuesta is not enhanced.

------------------------------------------------------------------------------------------------------------------------

[2018-05-05 16:04:25 #1 store] 
Database 'C:\Users\aitor\workspace\Bets\resources\bets.temp' is opened by 7576@Aitor

[2018-05-05 16:04:25 #2 type.registry] 
New type domain.User

[2018-05-05 16:04:25 #3 type] 
Type domain.User is not enhanced.

[2018-05-05 16:04:25 #4 type.registry] 
New type domain.Question

[2018-05-05 16:04:25 #5 type] 
Type domain.Question is not enhanced.

[2018-05-05 16:04:25 #6 type.registry] 
New type domain.Event

[2018-05-05 16:04:25 #7 type.registry] 
New type domain.Result

[2018-05-05 16:04:25 #8 type] 
Type domain.Event is not enhanced.

[2018-05-05 16:04:25 #9 type.registry] 
New type java.util.Vector<domain.Question>

[2018-05-05 16:04:25 #10 type] 
Type domain.Result is not enhanced.

[2018-05-05 16:04:25 #11 type.registry] 
New type java.util.Vector<java.lang.Object>

[2018-05-05 16:04:36 #12 type.registry] 
New type domain.Apuesta

[2018-05-05 16:04:36 #13 type] 
Type domain.Apuesta is not enhanced.

------------------------------------------------------------------------------------------------------------------------

[2018-05-05 16:06:30 #1 store] 
Database 'C:\Users\aitor\workspace\Bets\resources\bets.temp' is opened by 5704@Aitor

[2018-05-05 16:06:30 #2 type.registry] 
New type domain.User

[2018-05-05 16:06:30 #3 type] 
Type domain.User is not enhanced.

[2018-05-05 16:06:30 #4 type.registry] 
New type domain.Question

[2018-05-05 16:06:30 #5 type] 
Type domain.Question is not enhanced.

[2018-05-05 16:06:30 #6 type.registry] 
New type domain.Event

[2018-05-05 16:06:30 #7 type.registry] 
New type domain.Result

[2018-05-05 16:06:30 #8 type] 
Type domain.Event is not enhanced.

[2018-05-05 16:06:30 #9 type.registry] 
New type java.util.Vector<domain.Question>

[2018-05-05 16:06:30 #10 type] 
Type domain.Result is not enhanced.

[2018-05-05 16:06:30 #11 type.registry] 
New type java.util.Vector<java.lang.Object>

[2018-05-05 16:06:42 #12 type.registry] 
New type domain.Apuesta

[2018-05-05 16:06:42 #13 type] 
Type domain.Apuesta is not enhanced.

------------------------------------------------------------------------------------------------------------------------

[2018-05-05 16:09:06 #1 store] 
Database 'C:\Users\aitor\workspace\Bets\resources\bets.temp' is opened by 14280@Aitor

[2018-05-05 16:09:07 #2 type.registry] 
New type domain.User

[2018-05-05 16:09:07 #3 type] 
Type domain.User is not enhanced.

[2018-05-05 16:09:07 #4 type.registry] 
New type domain.Question

[2018-05-05 16:09:07 #5 type] 
Type domain.Question is not enhanced.

[2018-05-05 16:09:07 #6 type.registry] 
New type domain.Event

[2018-05-05 16:09:07 #7 type.registry] 
New type domain.Result

[2018-05-05 16:09:07 #8 type] 
Type domain.Event is not enhanced.

[2018-05-05 16:09:07 #9 type.registry] 
New type java.util.Vector<domain.Question>

[2018-05-05 16:09:07 #10 type] 
Type domain.Result is not enhanced.

[2018-05-05 16:09:07 #11 type.registry] 
New type java.util.Vector<java.lang.Object>

------------------------------------------------------------------------------------------------------------------------

[2018-05-05 16:09:11 #1 store] 
Database 'C:\Users\aitor\workspace\Bets\resources\bets.temp' is opened by 7068@Aitor

[2018-05-05 16:09:11 #2 type.registry] 
New type domain.User

[2018-05-05 16:09:11 #3 type] 
Type domain.User is not enhanced.

[2018-05-05 16:09:11 #4 type.registry] 
New type domain.Question

[2018-05-05 16:09:11 #5 type] 
Type domain.Question is not enhanced.

[2018-05-05 16:09:11 #6 type.registry] 
New type domain.Event

[2018-05-05 16:09:11 #7 type.registry] 
New type domain.Result

[2018-05-05 16:09:11 #8 type] 
Type domain.Event is not enhanced.

[2018-05-05 16:09:11 #9 type.registry] 
New type java.util.Vector<domain.Question>

[2018-05-05 16:09:11 #10 type] 
Type domain.Result is not enhanced.

[2018-05-05 16:09:11 #11 type.registry] 
New type java.util.Vector<java.lang.Object>

[2018-05-05 16:09:22 #12 type.registry] 
New type domain.Apuesta

[2018-05-05 16:09:22 #13 type] 
Type domain.Apuesta is not enhanced.

------------------------------------------------------------------------------------------------------------------------

[2018-05-05 16:10:33 #1 store] 
Database 'C:\Users\aitor\workspace\Bets\resources\bets.temp' is opened by 4488@Aitor

[2018-05-05 16:10:33 #2 type.registry] 
New type domain.User

[2018-05-05 16:10:33 #3 type] 
Type domain.User is not enhanced.

[2018-05-05 16:10:33 #4 type.registry] 
New type domain.Question

[2018-05-05 16:10:34 #5 type] 
Type domain.Question is not enhanced.

[2018-05-05 16:10:34 #6 type.registry] 
New type domain.Event

[2018-05-05 16:10:34 #7 type.registry] 
New type domain.Result

[2018-05-05 16:10:34 #8 type] 
Type domain.Event is not enhanced.

[2018-05-05 16:10:34 #9 type.registry] 
New type java.util.Vector<domain.Question>

[2018-05-05 16:10:34 #10 type] 
Type domain.Result is not enhanced.

[2018-05-05 16:10:34 #11 type.registry] 
New type java.util.Vector<java.lang.Object>

[2018-05-05 16:10:44 #12 type.registry] 
New type domain.Apuesta

[2018-05-05 16:10:44 #13 type] 
Type domain.Apuesta is not enhanced.

------------------------------------------------------------------------------------------------------------------------

[2018-05-05 16:13:21 #1 store] 
Database 'C:\Users\aitor\workspace\Bets\resources\bets.temp' is opened by 8384@Aitor

[2018-05-05 16:13:21 #2 type.registry] 
New type domain.User

[2018-05-05 16:13:21 #3 type] 
Type domain.User is not enhanced.

[2018-05-05 16:13:21 #4 type.registry] 
New type domain.Question

[2018-05-05 16:13:21 #5 type] 
Type domain.Question is not enhanced.

[2018-05-05 16:13:21 #6 type.registry] 
New type domain.Event

[2018-05-05 16:13:21 #7 type.registry] 
New type domain.Result

[2018-05-05 16:13:21 #8 type] 
Type domain.Event is not enhanced.

[2018-05-05 16:13:21 #9 type.registry] 
New type java.util.Vector<domain.Question>

[2018-05-05 16:13:21 #10 type] 
Type domain.Result is not enhanced.

[2018-05-05 16:13:21 #11 type.registry] 
New type java.util.Vector<java.lang.Object>

[2018-05-05 16:13:34 #12 type.registry] 
New type domain.Apuesta

[2018-05-05 16:13:34 #13 type] 
Type domain.Apuesta is not enhanced.

------------------------------------------------------------------------------------------------------------------------

[2018-05-05 16:16:11 #1 store] 
Database 'C:\Users\aitor\workspace\Bets\resources\bets.temp' is opened by 11500@Aitor

[2018-05-05 16:16:11 #2 type.registry] 
New type domain.User

[2018-05-05 16:16:11 #3 type] 
Type domain.User is not enhanced.

[2018-05-05 16:16:11 #4 type.registry] 
New type domain.Question

[2018-05-05 16:16:11 #5 type] 
Type domain.Question is not enhanced.

[2018-05-05 16:16:11 #6 type.registry] 
New type domain.Event

[2018-05-05 16:16:11 #7 type.registry] 
New type domain.Result

[2018-05-05 16:16:11 #8 type] 
Type domain.Event is not enhanced.

[2018-05-05 16:16:11 #9 type.registry] 
New type java.util.Vector<domain.Question>

[2018-05-05 16:16:11 #10 type] 
Type domain.Result is not enhanced.

[2018-05-05 16:16:11 #11 type.registry] 
New type java.util.Vector<java.lang.Object>

[2018-05-05 16:16:22 #12 type.registry] 
New type domain.Apuesta

[2018-05-05 16:16:22 #13 type] 
Type domain.Apuesta is not enhanced.

------------------------------------------------------------------------------------------------------------------------

[2018-05-05 16:19:55 #1 store] 
Database 'C:\Users\aitor\workspace\Bets\resources\bets.temp' is opened by 14292@Aitor

[2018-05-05 16:19:55 #2 type.registry] 
New type domain.User

[2018-05-05 16:19:55 #3 type] 
Type domain.User is not enhanced.

[2018-05-05 16:19:55 #4 type.registry] 
New type domain.Question

[2018-05-05 16:19:55 #5 type] 
Type domain.Question is not enhanced.

[2018-05-05 16:19:55 #6 type.registry] 
New type domain.Event

[2018-05-05 16:19:55 #7 type.registry] 
New type domain.Result

[2018-05-05 16:19:55 #8 type] 
Type domain.Event is not enhanced.

[2018-05-05 16:19:55 #9 type.registry] 
New type java.util.Vector<domain.Question>

[2018-05-05 16:19:55 #10 type] 
Type domain.Result is not enhanced.

[2018-05-05 16:19:55 #11 type.registry] 
New type java.util.Vector<java.lang.Object>

[2018-05-05 16:20:09 #12 type.registry] 
New type domain.Apuesta

[2018-05-05 16:20:09 #13 type] 
Type domain.Apuesta is not enhanced.

