------------------------------------------------------------------------------------------------------------------------

[2018-05-04 10:49:57 #1 store] 
Database 'C:\Users\aitor\workspace\Bets\resources\bets.temp' is opened by 10952@Aitor

[2018-05-04 10:49:58 #2 type.registry] 
New type domain.User

[2018-05-04 10:49:58 #3 type] 
Type domain.User is not enhanced.

[2018-05-04 10:49:58 #4 type.registry] 
New type domain.Question

[2018-05-04 10:49:58 #5 type] 
Type domain.Question is not enhanced.

[2018-05-04 10:49:58 #6 type.registry] 
New type domain.Event

[2018-05-04 10:49:58 #7 type.registry] 
New type domain.Result

[2018-05-04 10:49:58 #8 type] 
Type domain.Event is not enhanced.

[2018-05-04 10:49:58 #9 type.registry] 
New type java.util.Vector<domain.Question>

[2018-05-04 10:49:58 #10 type] 
Type domain.Result is not enhanced.

[2018-05-04 10:49:58 #11 type.registry] 
New type java.util.Vector<java.lang.Object>

------------------------------------------------------------------------------------------------------------------------

[2018-05-04 10:56:06 #1 store] 
Database 'C:\Users\aitor\workspace\Bets\resources\bets.temp' is opened by 5736@Aitor

[2018-05-04 10:56:06 #2 type.registry] 
New type domain.User

[2018-05-04 10:56:06 #3 type] 
Type domain.User is not enhanced.

[2018-05-04 10:56:06 #4 type.registry] 
New type domain.Question

[2018-05-04 10:56:06 #5 type] 
Type domain.Question is not enhanced.

[2018-05-04 10:56:06 #6 type.registry] 
New type domain.Event

[2018-05-04 10:56:06 #7 type.registry] 
New type domain.Result

[2018-05-04 10:56:06 #8 type] 
Type domain.Event is not enhanced.

[2018-05-04 10:56:07 #9 type.registry] 
New type java.util.Vector<domain.Question>

[2018-05-04 10:56:07 #10 type] 
Type domain.Result is not enhanced.

[2018-05-04 10:56:07 #11 type.registry] 
New type java.util.Vector<java.lang.Object>

------------------------------------------------------------------------------------------------------------------------

[2018-05-04 11:01:55 #1 store] 
Database 'C:\Users\aitor\workspace\Bets\resources\bets.temp' is opened by 11704@Aitor

[2018-05-04 11:01:56 #2 type.registry] 
New type domain.User

[2018-05-04 11:01:56 #3 type] 
Type domain.User is not enhanced.

[2018-05-04 11:01:56 #4 type.registry] 
New type domain.Question

[2018-05-04 11:01:56 #5 type] 
Type domain.Question is not enhanced.

[2018-05-04 11:01:56 #6 type.registry] 
New type domain.Event

[2018-05-04 11:01:56 #7 type.registry] 
New type domain.Result

[2018-05-04 11:01:56 #8 type] 
Type domain.Event is not enhanced.

[2018-05-04 11:01:56 #9 type.registry] 
New type java.util.Vector<domain.Question>

[2018-05-04 11:01:56 #10 type] 
Type domain.Result is not enhanced.

[2018-05-04 11:01:56 #11 type.registry] 
New type java.util.Vector<java.lang.Object>

------------------------------------------------------------------------------------------------------------------------

[2018-05-04 11:03:27 #1 store] 
Database 'C:\Users\aitor\workspace\Bets\resources\bets.temp' is opened by 14812@Aitor

[2018-05-04 11:03:27 #2 type.registry] 
New type domain.User

[2018-05-04 11:03:27 #3 type] 
Type domain.User is not enhanced.

[2018-05-04 11:03:27 #4 type.registry] 
New type domain.Question

[2018-05-04 11:03:27 #5 type] 
Type domain.Question is not enhanced.

[2018-05-04 11:03:27 #6 type.registry] 
New type domain.Event

[2018-05-04 11:03:27 #7 type.registry] 
New type domain.Result

[2018-05-04 11:03:27 #8 type] 
Type domain.Event is not enhanced.

[2018-05-04 11:03:27 #9 type.registry] 
New type java.util.Vector<domain.Question>

[2018-05-04 11:03:27 #10 type] 
Type domain.Result is not enhanced.

[2018-05-04 11:03:27 #11 type.registry] 
New type java.util.Vector<java.lang.Object>

------------------------------------------------------------------------------------------------------------------------

[2018-05-04 11:06:34 #1 store] 
Database 'C:\Users\aitor\workspace\Bets\resources\bets.temp' is opened by 10916@Aitor

[2018-05-04 11:06:35 #2 type.registry] 
New type domain.User

[2018-05-04 11:06:35 #3 type] 
Type domain.User is not enhanced.

[2018-05-04 11:06:35 #4 type.registry] 
New type domain.Question

[2018-05-04 11:06:35 #5 type] 
Type domain.Question is not enhanced.

[2018-05-04 11:06:35 #6 type.registry] 
New type domain.Event

[2018-05-04 11:06:35 #7 type.registry] 
New type domain.Result

[2018-05-04 11:06:35 #8 type] 
Type domain.Event is not enhanced.

[2018-05-04 11:06:35 #9 type.registry] 
New type java.util.Vector<domain.Question>

[2018-05-04 11:06:35 #10 type] 
Type domain.Result is not enhanced.

[2018-05-04 11:06:35 #11 type.registry] 
New type java.util.Vector<java.lang.Object>

------------------------------------------------------------------------------------------------------------------------

[2018-05-04 11:07:03 #1 store] 
Database 'C:\Users\aitor\workspace\Bets\resources\bets.temp' is opened by 12396@Aitor

[2018-05-04 11:07:03 #2 type.registry] 
New type domain.User

[2018-05-04 11:07:03 #3 type] 
Type domain.User is not enhanced.

[2018-05-04 11:07:03 #4 type.registry] 
New type domain.Question

[2018-05-04 11:07:03 #5 type] 
Type domain.Question is not enhanced.

[2018-05-04 11:07:03 #6 type.registry] 
New type domain.Event

[2018-05-04 11:07:03 #7 type.registry] 
New type domain.Result

[2018-05-04 11:07:03 #8 type] 
Type domain.Event is not enhanced.

[2018-05-04 11:07:03 #9 type.registry] 
New type java.util.Vector<domain.Question>

[2018-05-04 11:07:03 #10 type] 
Type domain.Result is not enhanced.

[2018-05-04 11:07:03 #11 type.registry] 
New type java.util.Vector<java.lang.Object>

------------------------------------------------------------------------------------------------------------------------

[2018-05-04 11:07:43 #1 store] 
Database 'C:\Users\aitor\workspace\Bets\resources\bets.temp' is opened by 8160@Aitor

[2018-05-04 11:07:44 #2 type.registry] 
New type domain.User

[2018-05-04 11:07:44 #3 type] 
Type domain.User is not enhanced.

[2018-05-04 11:07:44 #4 type.registry] 
New type domain.Question

[2018-05-04 11:07:44 #5 type] 
Type domain.Question is not enhanced.

[2018-05-04 11:07:44 #6 type.registry] 
New type domain.Event

[2018-05-04 11:07:44 #7 type.registry] 
New type domain.Result

[2018-05-04 11:07:44 #8 type] 
Type domain.Event is not enhanced.

[2018-05-04 11:07:44 #9 type.registry] 
New type java.util.Vector<domain.Question>

[2018-05-04 11:07:44 #10 type] 
Type domain.Result is not enhanced.

[2018-05-04 11:07:44 #11 type.registry] 
New type java.util.Vector<java.lang.Object>

------------------------------------------------------------------------------------------------------------------------

[2018-05-04 11:09:12 #1 store] 
Database 'C:\Users\aitor\workspace\Bets\resources\bets.temp' is opened by 11688@Aitor

[2018-05-04 11:09:12 #2 type.registry] 
New type domain.User

[2018-05-04 11:09:12 #3 type] 
Type domain.User is not enhanced.

[2018-05-04 11:09:12 #4 type.registry] 
New type domain.Question

[2018-05-04 11:09:12 #5 type] 
Type domain.Question is not enhanced.

[2018-05-04 11:09:12 #6 type.registry] 
New type domain.Event

[2018-05-04 11:09:12 #7 type.registry] 
New type domain.Result

[2018-05-04 11:09:12 #8 type] 
Type domain.Event is not enhanced.

[2018-05-04 11:09:12 #9 type.registry] 
New type java.util.Vector<domain.Question>

[2018-05-04 11:09:12 #10 type] 
Type domain.Result is not enhanced.

[2018-05-04 11:09:12 #11 type.registry] 
New type java.util.Vector<java.lang.Object>

------------------------------------------------------------------------------------------------------------------------

[2018-05-04 11:10:56 #1 store] 
Database 'C:\Users\aitor\workspace\Bets\resources\bets.temp' is opened by 6408@Aitor

[2018-05-04 11:10:56 #2 type.registry] 
New type domain.User

[2018-05-04 11:10:56 #3 type] 
Type domain.User is not enhanced.

[2018-05-04 11:10:56 #4 type.registry] 
New type domain.Question

[2018-05-04 11:10:57 #5 type] 
Type domain.Question is not enhanced.

[2018-05-04 11:10:57 #6 type.registry] 
New type domain.Event

[2018-05-04 11:10:57 #7 type.registry] 
New type domain.Result

[2018-05-04 11:10:57 #8 type] 
Type domain.Event is not enhanced.

[2018-05-04 11:10:57 #9 type.registry] 
New type java.util.Vector<domain.Question>

[2018-05-04 11:10:57 #10 type] 
Type domain.Result is not enhanced.

[2018-05-04 11:10:57 #11 type.registry] 
New type java.util.Vector<java.lang.Object>

------------------------------------------------------------------------------------------------------------------------

[2018-05-04 11:12:30 #1 store] 
Database 'C:\Users\aitor\workspace\Bets\resources\bets.temp' is opened by 13520@Aitor

[2018-05-04 11:12:30 #2 type.registry] 
New type domain.User

[2018-05-04 11:12:30 #3 type] 
Type domain.User is not enhanced.

[2018-05-04 11:12:30 #4 type.registry] 
New type domain.Question

[2018-05-04 11:12:30 #5 type] 
Type domain.Question is not enhanced.

[2018-05-04 11:12:30 #6 type.registry] 
New type domain.Event

[2018-05-04 11:12:30 #7 type.registry] 
New type domain.Result

[2018-05-04 11:12:30 #8 type] 
Type domain.Event is not enhanced.

[2018-05-04 11:12:30 #9 type.registry] 
New type java.util.Vector<domain.Question>

[2018-05-04 11:12:30 #10 type] 
Type domain.Result is not enhanced.

[2018-05-04 11:12:30 #11 type.registry] 
New type java.util.Vector<java.lang.Object>

[2018-05-04 11:12:43 #12 type.registry] 
New type domain.Apuesta

[2018-05-04 11:12:43 #13 type] 
Type domain.Apuesta is not enhanced.

------------------------------------------------------------------------------------------------------------------------

[2018-05-04 11:14:42 #1 store] 
Database 'C:\Users\aitor\workspace\Bets\resources\bets.temp' is opened by 8032@Aitor

[2018-05-04 11:14:42 #2 type.registry] 
New type domain.User

[2018-05-04 11:14:42 #3 type] 
Type domain.User is not enhanced.

[2018-05-04 11:14:42 #4 type.registry] 
New type domain.Question

[2018-05-04 11:14:42 #5 type] 
Type domain.Question is not enhanced.

[2018-05-04 11:14:42 #6 type.registry] 
New type domain.Event

[2018-05-04 11:14:42 #7 type.registry] 
New type domain.Result

[2018-05-04 11:14:42 #8 type] 
Type domain.Event is not enhanced.

[2018-05-04 11:14:42 #9 type.registry] 
New type java.util.Vector<domain.Question>

[2018-05-04 11:14:42 #10 type] 
Type domain.Result is not enhanced.

[2018-05-04 11:14:42 #11 type.registry] 
New type java.util.Vector<java.lang.Object>

------------------------------------------------------------------------------------------------------------------------

[2018-05-04 11:15:06 #1 store] 
Database 'C:\Users\aitor\workspace\Bets\resources\bets.temp' is opened by 13464@Aitor

[2018-05-04 11:15:06 #2 type.registry] 
New type domain.User

[2018-05-04 11:15:06 #3 type] 
Type domain.User is not enhanced.

[2018-05-04 11:15:06 #4 type.registry] 
New type domain.Question

[2018-05-04 11:15:06 #5 type] 
Type domain.Question is not enhanced.

[2018-05-04 11:15:06 #6 type.registry] 
New type domain.Event

[2018-05-04 11:15:06 #7 type.registry] 
New type domain.Result

[2018-05-04 11:15:06 #8 type] 
Type domain.Event is not enhanced.

[2018-05-04 11:15:06 #9 type.registry] 
New type java.util.Vector<domain.Question>

[2018-05-04 11:15:06 #10 type] 
Type domain.Result is not enhanced.

[2018-05-04 11:15:06 #11 type.registry] 
New type java.util.Vector<java.lang.Object>

[2018-05-04 11:15:40 #12 type.registry] 
New type domain.Apuesta

[2018-05-04 11:15:40 #13 type] 
Type domain.Apuesta is not enhanced.

------------------------------------------------------------------------------------------------------------------------

[2018-05-04 11:16:01 #1 store] 
Database 'C:\Users\aitor\workspace\Bets\resources\bets.temp' is opened by 14836@Aitor

[2018-05-04 11:16:01 #2 type.registry] 
New type domain.User

[2018-05-04 11:16:01 #3 type] 
Type domain.User is not enhanced.

[2018-05-04 11:16:01 #4 type.registry] 
New type domain.Question

[2018-05-04 11:16:01 #5 type] 
Type domain.Question is not enhanced.

[2018-05-04 11:16:01 #6 type.registry] 
New type domain.Event

[2018-05-04 11:16:01 #7 type.registry] 
New type domain.Result

[2018-05-04 11:16:01 #8 type] 
Type domain.Event is not enhanced.

[2018-05-04 11:16:01 #9 type.registry] 
New type java.util.Vector<domain.Question>

[2018-05-04 11:16:01 #10 type] 
Type domain.Result is not enhanced.

[2018-05-04 11:16:01 #11 type.registry] 
New type java.util.Vector<java.lang.Object>

[2018-05-04 11:16:19 #12 type.registry] 
New type domain.Apuesta

[2018-05-04 11:16:19 #13 type] 
Type domain.Apuesta is not enhanced.

