------------------------------------------------------------------------------------------------------------------------

[2018-05-15 11:01:32 #1 store] 
Database 'C:\Users\aitor\workspace\Bets\resources\bets.temp' is opened by 9160@Aitor

[2018-05-15 11:01:32 #2 type.registry] 
New type domain.User

[2018-05-15 11:01:32 #3 type] 
Type domain.User is not enhanced.

[2018-05-15 11:01:32 #4 type.registry] 
New type domain.Question

[2018-05-15 11:01:32 #5 type] 
Type domain.Question is not enhanced.

[2018-05-15 11:01:32 #6 type.registry] 
New type domain.Event

[2018-05-15 11:01:32 #7 type.registry] 
New type domain.Result

[2018-05-15 11:01:32 #8 type] 
Type domain.Event is not enhanced.

[2018-05-15 11:01:32 #9 type.registry] 
New type java.util.Vector<domain.Question>

[2018-05-15 11:01:32 #10 type] 
Type domain.Result is not enhanced.

[2018-05-15 11:01:32 #11 type.registry] 
New type domain.Apuesta

[2018-05-15 11:01:32 #12 type] 
Type domain.Apuesta is not enhanced.

[2018-05-15 11:01:32 #13 type.registry] 
New type java.util.Vector<java.lang.Object>

------------------------------------------------------------------------------------------------------------------------

[2018-05-15 17:47:16 #1 store] 
Database 'C:\Users\aitor\workspace\Bets\resources\bets.temp' is opened by 5468@Aitor

[2018-05-15 17:47:16 #2 type.registry] 
New type domain.User

[2018-05-15 17:47:16 #3 type] 
Type domain.User is not enhanced.

[2018-05-15 17:47:16 #4 type.registry] 
New type domain.Question

[2018-05-15 17:47:16 #5 type] 
Type domain.Question is not enhanced.

[2018-05-15 17:47:16 #6 type.registry] 
New type domain.Event

[2018-05-15 17:47:16 #7 type.registry] 
New type domain.Result

[2018-05-15 17:47:16 #8 type] 
Type domain.Event is not enhanced.

[2018-05-15 17:47:16 #9 type.registry] 
New type java.util.Vector<domain.Question>

[2018-05-15 17:47:16 #10 type] 
Type domain.Result is not enhanced.

[2018-05-15 17:47:16 #11 type.registry] 
New type domain.Apuesta

[2018-05-15 17:47:16 #12 type] 
Type domain.Apuesta is not enhanced.

[2018-05-15 17:47:16 #13 type.registry] 
New type java.util.Vector<java.lang.Object>

------------------------------------------------------------------------------------------------------------------------

[2018-05-15 17:50:48 #1 store] 
Database 'C:\Users\aitor\workspace\Bets\resources\bets.temp' is opened by 8452@Aitor

[2018-05-15 17:50:49 #2 type.registry] 
New type domain.User

[2018-05-15 17:50:49 #3 type] 
Type domain.User is not enhanced.

[2018-05-15 17:50:49 #4 type.registry] 
New type domain.Question

[2018-05-15 17:50:49 #5 type] 
Type domain.Question is not enhanced.

[2018-05-15 17:50:49 #6 type.registry] 
New type domain.Event

[2018-05-15 17:50:49 #7 type.registry] 
New type domain.Result

[2018-05-15 17:50:49 #8 type] 
Type domain.Event is not enhanced.

[2018-05-15 17:50:49 #9 type.registry] 
New type java.util.Vector<domain.Question>

[2018-05-15 17:50:49 #10 type] 
Type domain.Result is not enhanced.

[2018-05-15 17:50:49 #11 type.registry] 
New type domain.Apuesta

[2018-05-15 17:50:49 #12 type] 
Type domain.Apuesta is not enhanced.

[2018-05-15 17:50:49 #13 type.registry] 
New type java.util.Vector<java.lang.Object>

