------------------------------------------------------------------------------------------------------------------------

[2018-05-09 19:05:02 #1 store] 
Database 'C:\Users\aitor\workspace\Bets\resources\bets.temp' is opened by 9848@Aitor

[2018-05-09 19:05:02 #2 type.registry] 
New type domain.User

[2018-05-09 19:05:02 #3 type] 
Type domain.User is not enhanced.

[2018-05-09 19:05:03 #4 type.registry] 
New type domain.Question

[2018-05-09 19:05:03 #5 type] 
Type domain.Question is not enhanced.

[2018-05-09 19:05:03 #6 type.registry] 
New type domain.Event

[2018-05-09 19:05:03 #7 type.registry] 
New type domain.Result

[2018-05-09 19:05:03 #8 type] 
Type domain.Event is not enhanced.

[2018-05-09 19:05:03 #9 type.registry] 
New type java.util.Vector<domain.Question>

[2018-05-09 19:05:03 #10 type] 
Type domain.Result is not enhanced.

[2018-05-09 19:05:03 #11 type.registry] 
New type java.util.Vector<java.lang.Object>

[2018-05-09 19:05:16 #12 type.registry] 
New type domain.Apuesta

[2018-05-09 19:05:16 #13 type] 
Type domain.Apuesta is not enhanced.

------------------------------------------------------------------------------------------------------------------------

[2018-05-09 19:07:28 #1 store] 
Database 'C:\Users\aitor\workspace\Bets\resources\bets.temp' is opened by 14412@Aitor

[2018-05-09 19:07:28 #2 type.registry] 
New type domain.User

[2018-05-09 19:07:28 #3 type] 
Type domain.User is not enhanced.

[2018-05-09 19:07:28 #4 type.registry] 
New type domain.Question

[2018-05-09 19:07:28 #5 type] 
Type domain.Question is not enhanced.

[2018-05-09 19:07:28 #6 type.registry] 
New type domain.Event

[2018-05-09 19:07:28 #7 type.registry] 
New type domain.Result

[2018-05-09 19:07:28 #8 type] 
Type domain.Event is not enhanced.

[2018-05-09 19:07:28 #9 type.registry] 
New type java.util.Vector<domain.Question>

[2018-05-09 19:07:28 #10 type] 
Type domain.Result is not enhanced.

[2018-05-09 19:07:28 #11 type.registry] 
New type java.util.Vector<java.lang.Object>

[2018-05-09 19:07:40 #12 type.registry] 
New type domain.Apuesta

[2018-05-09 19:07:40 #13 type] 
Type domain.Apuesta is not enhanced.

------------------------------------------------------------------------------------------------------------------------

[2018-05-09 19:08:37 #1 store] 
Database 'C:\Users\aitor\workspace\Bets\resources\bets.temp' is opened by 6424@Aitor

[2018-05-09 19:08:37 #2 type.registry] 
New type domain.User

[2018-05-09 19:08:37 #3 type] 
Type domain.User is not enhanced.

[2018-05-09 19:08:37 #4 type.registry] 
New type domain.Question

[2018-05-09 19:08:37 #5 type] 
Type domain.Question is not enhanced.

[2018-05-09 19:08:37 #6 type.registry] 
New type domain.Event

[2018-05-09 19:08:37 #7 type.registry] 
New type domain.Result

[2018-05-09 19:08:37 #8 type] 
Type domain.Event is not enhanced.

[2018-05-09 19:08:37 #9 type.registry] 
New type java.util.Vector<domain.Question>

[2018-05-09 19:08:37 #10 type] 
Type domain.Result is not enhanced.

[2018-05-09 19:08:37 #11 type.registry] 
New type java.util.Vector<java.lang.Object>

[2018-05-09 19:08:52 #12 type.registry] 
New type domain.Apuesta

[2018-05-09 19:08:52 #13 type] 
Type domain.Apuesta is not enhanced.

------------------------------------------------------------------------------------------------------------------------

[2018-05-09 19:09:48 #1 store] 
Database 'C:\Users\aitor\workspace\Bets\resources\bets.temp' is opened by 14208@Aitor

[2018-05-09 19:09:48 #2 type.registry] 
New type domain.User

[2018-05-09 19:09:48 #3 type] 
Type domain.User is not enhanced.

[2018-05-09 19:09:48 #4 type.registry] 
New type domain.Question

[2018-05-09 19:09:48 #5 type] 
Type domain.Question is not enhanced.

[2018-05-09 19:09:48 #6 type.registry] 
New type domain.Event

[2018-05-09 19:09:48 #7 type.registry] 
New type domain.Result

[2018-05-09 19:09:48 #8 type] 
Type domain.Event is not enhanced.

[2018-05-09 19:09:48 #9 type.registry] 
New type java.util.Vector<domain.Question>

[2018-05-09 19:09:48 #10 type] 
Type domain.Result is not enhanced.

[2018-05-09 19:09:48 #11 type.registry] 
New type java.util.Vector<java.lang.Object>

[2018-05-09 19:10:01 #12 type.registry] 
New type domain.Apuesta

[2018-05-09 19:10:01 #13 type] 
Type domain.Apuesta is not enhanced.

------------------------------------------------------------------------------------------------------------------------

[2018-05-09 19:11:30 #1 store] 
Database 'C:\Users\aitor\workspace\Bets\resources\bets.temp' is opened by 9016@Aitor

[2018-05-09 19:11:30 #2 type.registry] 
New type domain.User

[2018-05-09 19:11:30 #3 type] 
Type domain.User is not enhanced.

[2018-05-09 19:11:30 #4 type.registry] 
New type domain.Question

[2018-05-09 19:11:30 #5 type] 
Type domain.Question is not enhanced.

[2018-05-09 19:11:30 #6 type.registry] 
New type domain.Event

[2018-05-09 19:11:30 #7 type.registry] 
New type domain.Result

[2018-05-09 19:11:30 #8 type] 
Type domain.Event is not enhanced.

[2018-05-09 19:11:30 #9 type.registry] 
New type java.util.Vector<domain.Question>

[2018-05-09 19:11:30 #10 type] 
Type domain.Result is not enhanced.

[2018-05-09 19:11:30 #11 type.registry] 
New type java.util.Vector<java.lang.Object>

[2018-05-09 19:11:39 #12 type.registry] 
New type domain.Apuesta

[2018-05-09 19:11:39 #13 type] 
Type domain.Apuesta is not enhanced.

------------------------------------------------------------------------------------------------------------------------

[2018-05-09 19:12:42 #1 store] 
Database 'C:\Users\aitor\workspace\Bets\resources\bets.temp' is opened by 13236@Aitor

[2018-05-09 19:12:42 #2 type.registry] 
New type domain.User

[2018-05-09 19:12:42 #3 type] 
Type domain.User is not enhanced.

[2018-05-09 19:12:42 #4 type.registry] 
New type domain.Question

[2018-05-09 19:12:42 #5 type] 
Type domain.Question is not enhanced.

[2018-05-09 19:12:42 #6 type.registry] 
New type domain.Event

[2018-05-09 19:12:42 #7 type.registry] 
New type domain.Result

[2018-05-09 19:12:42 #8 type] 
Type domain.Event is not enhanced.

[2018-05-09 19:12:42 #9 type.registry] 
New type java.util.Vector<domain.Question>

[2018-05-09 19:12:42 #10 type] 
Type domain.Result is not enhanced.

[2018-05-09 19:12:43 #11 type.registry] 
New type java.util.Vector<java.lang.Object>

[2018-05-09 19:12:50 #12 type.registry] 
New type domain.Apuesta

[2018-05-09 19:12:50 #13 type] 
Type domain.Apuesta is not enhanced.

------------------------------------------------------------------------------------------------------------------------

[2018-05-09 19:14:56 #1 store] 
Database 'C:\Users\aitor\workspace\Bets\resources\bets.temp' is opened by 5184@Aitor

[2018-05-09 19:14:56 #2 type.registry] 
New type domain.User

[2018-05-09 19:14:56 #3 type] 
Type domain.User is not enhanced.

[2018-05-09 19:14:56 #4 type.registry] 
New type domain.Question

[2018-05-09 19:14:56 #5 type] 
Type domain.Question is not enhanced.

[2018-05-09 19:14:56 #6 type.registry] 
New type domain.Event

[2018-05-09 19:14:56 #7 type.registry] 
New type domain.Result

[2018-05-09 19:14:56 #8 type] 
Type domain.Event is not enhanced.

[2018-05-09 19:14:56 #9 type.registry] 
New type java.util.Vector<domain.Question>

[2018-05-09 19:14:56 #10 type] 
Type domain.Result is not enhanced.

[2018-05-09 19:14:56 #11 type.registry] 
New type java.util.Vector<java.lang.Object>

[2018-05-09 19:15:02 #12 type.registry] 
New type domain.Apuesta

[2018-05-09 19:15:02 #13 type] 
Type domain.Apuesta is not enhanced.

------------------------------------------------------------------------------------------------------------------------

[2018-05-09 19:15:16 #1 store] 
Database 'C:\Users\aitor\workspace\Bets\resources\bets.temp' is opened by 1228@Aitor

[2018-05-09 19:15:16 #2 type.registry] 
New type domain.User

[2018-05-09 19:15:16 #3 type] 
Type domain.User is not enhanced.

[2018-05-09 19:15:16 #4 type.registry] 
New type domain.Question

[2018-05-09 19:15:16 #5 type] 
Type domain.Question is not enhanced.

[2018-05-09 19:15:16 #6 type.registry] 
New type domain.Event

[2018-05-09 19:15:16 #7 type.registry] 
New type domain.Result

[2018-05-09 19:15:16 #8 type] 
Type domain.Event is not enhanced.

[2018-05-09 19:15:16 #9 type.registry] 
New type java.util.Vector<domain.Question>

[2018-05-09 19:15:16 #10 type] 
Type domain.Result is not enhanced.

[2018-05-09 19:15:16 #11 type.registry] 
New type java.util.Vector<java.lang.Object>

[2018-05-09 19:15:20 #12 type.registry] 
New type domain.Apuesta

[2018-05-09 19:15:20 #13 type] 
Type domain.Apuesta is not enhanced.

------------------------------------------------------------------------------------------------------------------------

[2018-05-09 19:39:58 #1 store] 
Database 'C:\Users\aitor\workspace\Bets\resources\bets.temp' is opened by 7492@Aitor

[2018-05-09 19:39:58 #2 type.registry] 
New type domain.User

[2018-05-09 19:39:58 #3 type] 
Type domain.User is not enhanced.

[2018-05-09 19:39:58 #4 type.registry] 
New type domain.Question

[2018-05-09 19:39:58 #5 type] 
Type domain.Question is not enhanced.

[2018-05-09 19:39:58 #6 type.registry] 
New type domain.Event

[2018-05-09 19:39:58 #7 type.registry] 
New type domain.Result

[2018-05-09 19:39:58 #8 type] 
Type domain.Event is not enhanced.

[2018-05-09 19:39:58 #9 type.registry] 
New type java.util.Vector<domain.Question>

[2018-05-09 19:39:58 #10 type] 
Type domain.Result is not enhanced.

[2018-05-09 19:39:58 #11 type.registry] 
New type domain.Apuesta

[2018-05-09 19:39:58 #12 type] 
Type domain.Apuesta is not enhanced.

[2018-05-09 19:39:58 #13 type.registry] 
New type java.util.Vector<java.lang.Object>

------------------------------------------------------------------------------------------------------------------------

[2018-05-09 19:40:37 #1 store] 
Database 'C:\Users\aitor\workspace\Bets\resources\bets.temp' is opened by 14964@Aitor

[2018-05-09 19:40:37 #2 type.registry] 
New type domain.User

[2018-05-09 19:40:37 #3 type] 
Type domain.User is not enhanced.

[2018-05-09 19:40:37 #4 type.registry] 
New type domain.Question

[2018-05-09 19:40:37 #5 type] 
Type domain.Question is not enhanced.

[2018-05-09 19:40:37 #6 type.registry] 
New type domain.Event

[2018-05-09 19:40:37 #7 type.registry] 
New type domain.Result

[2018-05-09 19:40:37 #8 type] 
Type domain.Event is not enhanced.

[2018-05-09 19:40:37 #9 type.registry] 
New type java.util.Vector<domain.Question>

[2018-05-09 19:40:37 #10 type] 
Type domain.Result is not enhanced.

[2018-05-09 19:40:37 #11 type.registry] 
New type domain.Apuesta

[2018-05-09 19:40:37 #12 type] 
Type domain.Apuesta is not enhanced.

[2018-05-09 19:40:37 #13 type.registry] 
New type java.util.Vector<java.lang.Object>

------------------------------------------------------------------------------------------------------------------------

[2018-05-09 19:41:19 #1 store] 
Database 'C:\Users\aitor\workspace\Bets\resources\bets.temp' is opened by 10552@Aitor

[2018-05-09 19:41:19 #2 type.registry] 
New type domain.User

[2018-05-09 19:41:19 #3 type] 
Type domain.User is not enhanced.

[2018-05-09 19:41:19 #4 type.registry] 
New type domain.Question

[2018-05-09 19:41:19 #5 type] 
Type domain.Question is not enhanced.

[2018-05-09 19:41:19 #6 type.registry] 
New type domain.Event

[2018-05-09 19:41:19 #7 type.registry] 
New type domain.Result

[2018-05-09 19:41:19 #8 type] 
Type domain.Event is not enhanced.

[2018-05-09 19:41:19 #9 type.registry] 
New type java.util.Vector<domain.Question>

[2018-05-09 19:41:19 #10 type] 
Type domain.Result is not enhanced.

[2018-05-09 19:41:19 #11 type.registry] 
New type domain.Apuesta

[2018-05-09 19:41:19 #12 type] 
Type domain.Apuesta is not enhanced.

[2018-05-09 19:41:19 #13 type.registry] 
New type java.util.Vector<java.lang.Object>

------------------------------------------------------------------------------------------------------------------------

[2018-05-09 19:44:58 #1 store] 
Database 'C:\Users\aitor\workspace\Bets\resources\bets.temp' is opened by 14776@Aitor

[2018-05-09 19:44:58 #2 type.registry] 
New type domain.User

[2018-05-09 19:44:58 #3 type] 
Type domain.User is not enhanced.

[2018-05-09 19:44:58 #4 type.registry] 
New type domain.Question

[2018-05-09 19:44:58 #5 type] 
Type domain.Question is not enhanced.

[2018-05-09 19:44:58 #6 type.registry] 
New type domain.Event

[2018-05-09 19:44:58 #7 type.registry] 
New type domain.Result

[2018-05-09 19:44:58 #8 type] 
Type domain.Event is not enhanced.

[2018-05-09 19:44:58 #9 type.registry] 
New type java.util.Vector<domain.Question>

[2018-05-09 19:44:58 #10 type] 
Type domain.Result is not enhanced.

[2018-05-09 19:44:58 #11 type.registry] 
New type domain.Apuesta

[2018-05-09 19:44:58 #12 type] 
Type domain.Apuesta is not enhanced.

[2018-05-09 19:44:58 #13 type.registry] 
New type java.util.Vector<java.lang.Object>

------------------------------------------------------------------------------------------------------------------------

[2018-05-09 19:45:24 #1 store] 
Database 'C:\Users\aitor\workspace\Bets\resources\bets.temp' is opened by 10876@Aitor

[2018-05-09 19:45:24 #2 type.registry] 
New type domain.User

[2018-05-09 19:45:24 #3 type] 
Type domain.User is not enhanced.

[2018-05-09 19:45:24 #4 type.registry] 
New type domain.Question

[2018-05-09 19:45:24 #5 type] 
Type domain.Question is not enhanced.

[2018-05-09 19:45:24 #6 type.registry] 
New type domain.Event

[2018-05-09 19:45:24 #7 type.registry] 
New type domain.Result

[2018-05-09 19:45:24 #8 type] 
Type domain.Event is not enhanced.

[2018-05-09 19:45:24 #9 type.registry] 
New type java.util.Vector<domain.Question>

[2018-05-09 19:45:25 #10 type] 
Type domain.Result is not enhanced.

[2018-05-09 19:45:25 #11 type.registry] 
New type domain.Apuesta

[2018-05-09 19:45:25 #12 type] 
Type domain.Apuesta is not enhanced.

[2018-05-09 19:45:25 #13 type.registry] 
New type java.util.Vector<java.lang.Object>

------------------------------------------------------------------------------------------------------------------------

[2018-05-09 19:50:46 #1 store] 
Database 'C:\Users\aitor\workspace\Bets\resources\bets.temp' is opened by 7232@Aitor

[2018-05-09 19:50:46 #2 type.registry] 
New type domain.User

[2018-05-09 19:50:46 #3 type] 
Type domain.User is not enhanced.

[2018-05-09 19:50:46 #4 type.registry] 
New type domain.Question

[2018-05-09 19:50:46 #5 type] 
Type domain.Question is not enhanced.

[2018-05-09 19:50:46 #6 type.registry] 
New type domain.Event

[2018-05-09 19:50:46 #7 type.registry] 
New type domain.Result

[2018-05-09 19:50:46 #8 type] 
Type domain.Event is not enhanced.

[2018-05-09 19:50:46 #9 type.registry] 
New type java.util.Vector<domain.Question>

[2018-05-09 19:50:46 #10 type] 
Type domain.Result is not enhanced.

[2018-05-09 19:50:46 #11 type.registry] 
New type domain.Apuesta

[2018-05-09 19:50:46 #12 type] 
Type domain.Apuesta is not enhanced.

[2018-05-09 19:50:46 #13 type.registry] 
New type java.util.Vector<java.lang.Object>

------------------------------------------------------------------------------------------------------------------------

[2018-05-09 19:52:39 #1 store] 
Database 'C:\Users\aitor\workspace\Bets\resources\bets.temp' is opened by 9176@Aitor

[2018-05-09 19:52:39 #2 type.registry] 
New type domain.User

[2018-05-09 19:52:39 #3 type] 
Type domain.User is not enhanced.

[2018-05-09 19:52:39 #4 type.registry] 
New type domain.Question

[2018-05-09 19:52:39 #5 type] 
Type domain.Question is not enhanced.

[2018-05-09 19:52:39 #6 type.registry] 
New type domain.Event

[2018-05-09 19:52:39 #7 type.registry] 
New type domain.Result

[2018-05-09 19:52:39 #8 type] 
Type domain.Event is not enhanced.

[2018-05-09 19:52:39 #9 type.registry] 
New type java.util.Vector<domain.Question>

[2018-05-09 19:52:39 #10 type] 
Type domain.Result is not enhanced.

[2018-05-09 19:52:39 #11 type.registry] 
New type domain.Apuesta

[2018-05-09 19:52:39 #12 type] 
Type domain.Apuesta is not enhanced.

[2018-05-09 19:52:39 #13 type.registry] 
New type java.util.Vector<java.lang.Object>

------------------------------------------------------------------------------------------------------------------------

[2018-05-09 19:55:19 #1 store] 
Database 'C:\Users\aitor\workspace\Bets\resources\bets.temp' is opened by 2812@Aitor

[2018-05-09 19:55:19 #2 type.registry] 
New type domain.User

[2018-05-09 19:55:19 #3 type] 
Type domain.User is not enhanced.

[2018-05-09 19:55:19 #4 type.registry] 
New type domain.Question

[2018-05-09 19:55:19 #5 type] 
Type domain.Question is not enhanced.

[2018-05-09 19:55:19 #6 type.registry] 
New type domain.Event

[2018-05-09 19:55:19 #7 type.registry] 
New type domain.Result

[2018-05-09 19:55:19 #8 type] 
Type domain.Event is not enhanced.

[2018-05-09 19:55:19 #9 type.registry] 
New type java.util.Vector<domain.Question>

[2018-05-09 19:55:19 #10 type] 
Type domain.Result is not enhanced.

[2018-05-09 19:55:19 #11 type.registry] 
New type domain.Apuesta

[2018-05-09 19:55:19 #12 type] 
Type domain.Apuesta is not enhanced.

[2018-05-09 19:55:19 #13 type.registry] 
New type java.util.Vector<java.lang.Object>

------------------------------------------------------------------------------------------------------------------------

[2018-05-09 20:06:36 #1 store] 
Database 'C:\Users\aitor\workspace\Bets\resources\bets.temp' is opened by 7884@Aitor

[2018-05-09 20:06:36 #2 type.registry] 
New type domain.User

[2018-05-09 20:06:36 #3 type] 
Type domain.User is not enhanced.

[2018-05-09 20:06:36 #4 type.registry] 
New type domain.Question

[2018-05-09 20:06:36 #5 type] 
Type domain.Question is not enhanced.

[2018-05-09 20:06:36 #6 type.registry] 
New type domain.Event

[2018-05-09 20:06:36 #7 type.registry] 
New type domain.Result

[2018-05-09 20:06:36 #8 type] 
Type domain.Event is not enhanced.

[2018-05-09 20:06:36 #9 type.registry] 
New type java.util.Vector<domain.Question>

[2018-05-09 20:06:36 #10 type] 
Type domain.Result is not enhanced.

[2018-05-09 20:06:36 #11 type.registry] 
New type domain.Apuesta

[2018-05-09 20:06:36 #12 type] 
Type domain.Apuesta is not enhanced.

[2018-05-09 20:06:36 #13 type.registry] 
New type java.util.Vector<java.lang.Object>

------------------------------------------------------------------------------------------------------------------------

[2018-05-09 20:07:24 #1 store] 
Database 'C:\Users\aitor\workspace\Bets\resources\bets.temp' is opened by 3636@Aitor

[2018-05-09 20:07:24 #2 type.registry] 
New type domain.User

[2018-05-09 20:07:24 #3 type] 
Type domain.User is not enhanced.

[2018-05-09 20:07:24 #4 type.registry] 
New type domain.Question

[2018-05-09 20:07:24 #5 type] 
Type domain.Question is not enhanced.

[2018-05-09 20:07:24 #6 type.registry] 
New type domain.Event

[2018-05-09 20:07:24 #7 type.registry] 
New type domain.Result

[2018-05-09 20:07:24 #8 type] 
Type domain.Event is not enhanced.

[2018-05-09 20:07:24 #9 type.registry] 
New type java.util.Vector<domain.Question>

[2018-05-09 20:07:24 #10 type] 
Type domain.Result is not enhanced.

[2018-05-09 20:07:24 #11 type.registry] 
New type domain.Apuesta

[2018-05-09 20:07:24 #12 type] 
Type domain.Apuesta is not enhanced.

[2018-05-09 20:07:24 #13 type.registry] 
New type java.util.Vector<java.lang.Object>

------------------------------------------------------------------------------------------------------------------------

[2018-05-09 20:09:52 #1 store] 
Database 'C:\Users\aitor\workspace\Bets\resources\bets.temp' is opened by 5212@Aitor

[2018-05-09 20:09:52 #2 type.registry] 
New type domain.User

[2018-05-09 20:09:52 #3 type] 
Type domain.User is not enhanced.

[2018-05-09 20:09:52 #4 type.registry] 
New type domain.Question

[2018-05-09 20:09:52 #5 type] 
Type domain.Question is not enhanced.

[2018-05-09 20:09:52 #6 type.registry] 
New type domain.Event

[2018-05-09 20:09:52 #7 type.registry] 
New type domain.Result

[2018-05-09 20:09:52 #8 type] 
Type domain.Event is not enhanced.

[2018-05-09 20:09:52 #9 type.registry] 
New type java.util.Vector<domain.Question>

[2018-05-09 20:09:52 #10 type] 
Type domain.Result is not enhanced.

[2018-05-09 20:09:52 #11 type.registry] 
New type domain.Apuesta

[2018-05-09 20:09:52 #12 type] 
Type domain.Apuesta is not enhanced.

[2018-05-09 20:09:52 #13 type.registry] 
New type java.util.Vector<java.lang.Object>

------------------------------------------------------------------------------------------------------------------------

[2018-05-09 20:10:54 #1 store] 
Database 'C:\Users\aitor\workspace\Bets\resources\bets.temp' is opened by 11380@Aitor

[2018-05-09 20:10:54 #2 type.registry] 
New type domain.User

[2018-05-09 20:10:54 #3 type] 
Type domain.User is not enhanced.

[2018-05-09 20:10:54 #4 type.registry] 
New type domain.Question

[2018-05-09 20:10:54 #5 type] 
Type domain.Question is not enhanced.

[2018-05-09 20:10:54 #6 type.registry] 
New type domain.Event

[2018-05-09 20:10:54 #7 type.registry] 
New type domain.Result

[2018-05-09 20:10:54 #8 type] 
Type domain.Event is not enhanced.

[2018-05-09 20:10:54 #9 type.registry] 
New type java.util.Vector<domain.Question>

[2018-05-09 20:10:54 #10 type] 
Type domain.Result is not enhanced.

[2018-05-09 20:10:54 #11 type.registry] 
New type domain.Apuesta

[2018-05-09 20:10:54 #12 type] 
Type domain.Apuesta is not enhanced.

[2018-05-09 20:10:54 #13 type.registry] 
New type java.util.Vector<java.lang.Object>

------------------------------------------------------------------------------------------------------------------------

[2018-05-09 20:42:56 #1 store] 
Database 'C:\Users\aitor\workspace\Bets\resources\bets.temp' is opened by 4240@Aitor

[2018-05-09 20:42:57 #2 type.registry] 
New type domain.User

[2018-05-09 20:42:57 #3 type] 
Type domain.User is not enhanced.

[2018-05-09 20:42:57 #4 type.registry] 
New type domain.Question

[2018-05-09 20:42:57 #5 type] 
Type domain.Question is not enhanced.

[2018-05-09 20:42:57 #6 type.registry] 
New type domain.Event

[2018-05-09 20:42:57 #7 type.registry] 
New type domain.Result

[2018-05-09 20:42:57 #8 type] 
Type domain.Event is not enhanced.

[2018-05-09 20:42:57 #9 type.registry] 
New type java.util.Vector<domain.Question>

[2018-05-09 20:42:57 #10 type] 
Type domain.Result is not enhanced.

[2018-05-09 20:42:57 #11 type.registry] 
New type domain.Apuesta

[2018-05-09 20:42:57 #12 type] 
Type domain.Apuesta is not enhanced.

[2018-05-09 20:42:57 #13 type.registry] 
New type java.util.Vector<java.lang.Object>

------------------------------------------------------------------------------------------------------------------------

[2018-05-09 20:44:16 #1 store] 
Database 'C:\Users\aitor\workspace\Bets\resources\bets.temp' is opened by 1220@Aitor

[2018-05-09 20:44:16 #2 type.registry] 
New type domain.User

[2018-05-09 20:44:16 #3 type] 
Type domain.User is not enhanced.

[2018-05-09 20:44:16 #4 type.registry] 
New type domain.Question

[2018-05-09 20:44:16 #5 type] 
Type domain.Question is not enhanced.

[2018-05-09 20:44:16 #6 type.registry] 
New type domain.Event

[2018-05-09 20:44:16 #7 type.registry] 
New type domain.Result

[2018-05-09 20:44:16 #8 type] 
Type domain.Event is not enhanced.

[2018-05-09 20:44:16 #9 type.registry] 
New type java.util.Vector<domain.Question>

[2018-05-09 20:44:16 #10 type] 
Type domain.Result is not enhanced.

[2018-05-09 20:44:16 #11 type.registry] 
New type domain.Apuesta

[2018-05-09 20:44:16 #12 type] 
Type domain.Apuesta is not enhanced.

[2018-05-09 20:44:16 #13 type.registry] 
New type java.util.Vector<java.lang.Object>

------------------------------------------------------------------------------------------------------------------------

[2018-05-09 21:06:31 #1 store] 
Database 'C:\Users\aitor\workspace\Bets\resources\bets.temp' is opened by 10048@Aitor

[2018-05-09 21:06:32 #2 type.registry] 
New type domain.User

[2018-05-09 21:06:32 #3 type] 
Type domain.User is not enhanced.

[2018-05-09 21:06:32 #4 type.registry] 
New type domain.Question

[2018-05-09 21:06:32 #5 type] 
Type domain.Question is not enhanced.

[2018-05-09 21:06:32 #6 type.registry] 
New type domain.Event

[2018-05-09 21:06:32 #7 type.registry] 
New type domain.Result

[2018-05-09 21:06:32 #8 type] 
Type domain.Event is not enhanced.

[2018-05-09 21:06:32 #9 type.registry] 
New type java.util.Vector<domain.Question>

[2018-05-09 21:06:32 #10 type] 
Type domain.Result is not enhanced.

[2018-05-09 21:06:32 #11 type.registry] 
New type domain.Apuesta

[2018-05-09 21:06:32 #12 type] 
Type domain.Apuesta is not enhanced.

[2018-05-09 21:06:32 #13 type.registry] 
New type java.util.Vector<java.lang.Object>

------------------------------------------------------------------------------------------------------------------------

[2018-05-09 21:07:25 #1 store] 
Database 'C:\Users\aitor\workspace\Bets\resources\bets.temp' is opened by 10584@Aitor

[2018-05-09 21:07:26 #2 type.registry] 
New type domain.User

[2018-05-09 21:07:26 #3 type] 
Type domain.User is not enhanced.

[2018-05-09 21:07:26 #4 type.registry] 
New type domain.Question

[2018-05-09 21:07:26 #5 type] 
Type domain.Question is not enhanced.

[2018-05-09 21:07:26 #6 type.registry] 
New type domain.Event

[2018-05-09 21:07:26 #7 type.registry] 
New type domain.Result

[2018-05-09 21:07:26 #8 type] 
Type domain.Event is not enhanced.

[2018-05-09 21:07:26 #9 type.registry] 
New type java.util.Vector<domain.Question>

[2018-05-09 21:07:26 #10 type] 
Type domain.Result is not enhanced.

[2018-05-09 21:07:26 #11 type.registry] 
New type domain.Apuesta

[2018-05-09 21:07:26 #12 type] 
Type domain.Apuesta is not enhanced.

[2018-05-09 21:07:26 #13 type.registry] 
New type java.util.Vector<java.lang.Object>

------------------------------------------------------------------------------------------------------------------------

[2018-05-09 21:08:45 #1 store] 
Database 'C:\Users\aitor\workspace\Bets\resources\bets.temp' is opened by 10532@Aitor

[2018-05-09 21:08:46 #2 type.registry] 
New type domain.User

[2018-05-09 21:08:46 #3 type] 
Type domain.User is not enhanced.

[2018-05-09 21:08:46 #4 type.registry] 
New type domain.Question

[2018-05-09 21:08:46 #5 type] 
Type domain.Question is not enhanced.

[2018-05-09 21:08:46 #6 type.registry] 
New type domain.Event

[2018-05-09 21:08:46 #7 type.registry] 
New type domain.Result

[2018-05-09 21:08:46 #8 type] 
Type domain.Event is not enhanced.

[2018-05-09 21:08:46 #9 type.registry] 
New type java.util.Vector<domain.Question>

[2018-05-09 21:08:46 #10 type] 
Type domain.Result is not enhanced.

[2018-05-09 21:08:46 #11 type.registry] 
New type domain.Apuesta

[2018-05-09 21:08:46 #12 type] 
Type domain.Apuesta is not enhanced.

[2018-05-09 21:08:46 #13 type.registry] 
New type java.util.Vector<java.lang.Object>

------------------------------------------------------------------------------------------------------------------------

[2018-05-09 21:13:08 #1 store] 
Database 'C:\Users\aitor\workspace\Bets\resources\bets.temp' is opened by 13220@Aitor

[2018-05-09 21:13:08 #2 type.registry] 
New type domain.User

[2018-05-09 21:13:08 #3 type] 
Type domain.User is not enhanced.

[2018-05-09 21:13:08 #4 type.registry] 
New type domain.Question

[2018-05-09 21:13:08 #5 type] 
Type domain.Question is not enhanced.

[2018-05-09 21:13:08 #6 type.registry] 
New type domain.Event

[2018-05-09 21:13:08 #7 type.registry] 
New type domain.Result

[2018-05-09 21:13:08 #8 type] 
Type domain.Event is not enhanced.

[2018-05-09 21:13:08 #9 type.registry] 
New type java.util.Vector<domain.Question>

[2018-05-09 21:13:08 #10 type] 
Type domain.Result is not enhanced.

[2018-05-09 21:13:08 #11 type.registry] 
New type domain.Apuesta

[2018-05-09 21:13:08 #12 type] 
Type domain.Apuesta is not enhanced.

[2018-05-09 21:13:08 #13 type.registry] 
New type java.util.Vector<java.lang.Object>

------------------------------------------------------------------------------------------------------------------------

[2018-05-09 21:18:40 #1 store] 
Database 'C:\Users\aitor\workspace\Bets\resources\bets.temp' is opened by 4784@Aitor

[2018-05-09 21:18:40 #2 type.registry] 
New type domain.User

[2018-05-09 21:18:40 #3 type] 
Type domain.User is not enhanced.

[2018-05-09 21:18:40 #4 type.registry] 
New type domain.Question

[2018-05-09 21:18:40 #5 type] 
Type domain.Question is not enhanced.

[2018-05-09 21:18:40 #6 type.registry] 
New type domain.Event

[2018-05-09 21:18:40 #7 type.registry] 
New type domain.Result

[2018-05-09 21:18:40 #8 type] 
Type domain.Event is not enhanced.

[2018-05-09 21:18:40 #9 type.registry] 
New type java.util.Vector<domain.Question>

[2018-05-09 21:18:40 #10 type] 
Type domain.Result is not enhanced.

[2018-05-09 21:18:40 #11 type.registry] 
New type domain.Apuesta

[2018-05-09 21:18:40 #12 type] 
Type domain.Apuesta is not enhanced.

[2018-05-09 21:18:40 #13 type.registry] 
New type java.util.Vector<java.lang.Object>

------------------------------------------------------------------------------------------------------------------------

[2018-05-09 21:20:05 #1 store] 
Database 'C:\Users\aitor\workspace\Bets\resources\bets.temp' is opened by 15328@Aitor

[2018-05-09 21:20:05 #2 type.registry] 
New type domain.User

[2018-05-09 21:20:05 #3 type] 
Type domain.User is not enhanced.

[2018-05-09 21:20:05 #4 type.registry] 
New type domain.Question

[2018-05-09 21:20:05 #5 type] 
Type domain.Question is not enhanced.

[2018-05-09 21:20:05 #6 type.registry] 
New type domain.Event

[2018-05-09 21:20:05 #7 type.registry] 
New type domain.Result

[2018-05-09 21:20:05 #8 type] 
Type domain.Event is not enhanced.

[2018-05-09 21:20:05 #9 type.registry] 
New type java.util.Vector<domain.Question>

[2018-05-09 21:20:05 #10 type] 
Type domain.Result is not enhanced.

[2018-05-09 21:20:05 #11 type.registry] 
New type domain.Apuesta

[2018-05-09 21:20:05 #12 type] 
Type domain.Apuesta is not enhanced.

[2018-05-09 21:20:05 #13 type.registry] 
New type java.util.Vector<java.lang.Object>

------------------------------------------------------------------------------------------------------------------------

[2018-05-09 21:22:41 #1 store] 
Database 'C:\Users\aitor\workspace\Bets\resources\bets.temp' is opened by 7272@Aitor

[2018-05-09 21:22:42 #2 type.registry] 
New type domain.User

[2018-05-09 21:22:42 #3 type] 
Type domain.User is not enhanced.

[2018-05-09 21:22:42 #4 type.registry] 
New type domain.Question

[2018-05-09 21:22:42 #5 type] 
Type domain.Question is not enhanced.

[2018-05-09 21:22:42 #6 type.registry] 
New type domain.Event

[2018-05-09 21:22:42 #7 type.registry] 
New type domain.Result

[2018-05-09 21:22:42 #8 type] 
Type domain.Event is not enhanced.

[2018-05-09 21:22:42 #9 type.registry] 
New type java.util.Vector<domain.Question>

[2018-05-09 21:22:42 #10 type] 
Type domain.Result is not enhanced.

[2018-05-09 21:22:42 #11 type.registry] 
New type domain.Apuesta

[2018-05-09 21:22:42 #12 type] 
Type domain.Apuesta is not enhanced.

[2018-05-09 21:22:42 #13 type.registry] 
New type java.util.Vector<java.lang.Object>

------------------------------------------------------------------------------------------------------------------------

[2018-05-09 21:23:43 #1 store] 
Database 'C:\Users\aitor\workspace\Bets\resources\bets.temp' is opened by 14252@Aitor

[2018-05-09 21:23:43 #2 type.registry] 
New type domain.User

[2018-05-09 21:23:43 #3 type] 
Type domain.User is not enhanced.

[2018-05-09 21:23:43 #4 type.registry] 
New type domain.Question

[2018-05-09 21:23:43 #5 type] 
Type domain.Question is not enhanced.

[2018-05-09 21:23:43 #6 type.registry] 
New type domain.Event

[2018-05-09 21:23:43 #7 type.registry] 
New type domain.Result

[2018-05-09 21:23:43 #8 type] 
Type domain.Event is not enhanced.

[2018-05-09 21:23:43 #9 type.registry] 
New type java.util.Vector<domain.Question>

[2018-05-09 21:23:43 #10 type] 
Type domain.Result is not enhanced.

[2018-05-09 21:23:43 #11 type.registry] 
New type domain.Apuesta

[2018-05-09 21:23:43 #12 type] 
Type domain.Apuesta is not enhanced.

[2018-05-09 21:23:43 #13 type.registry] 
New type java.util.Vector<java.lang.Object>

------------------------------------------------------------------------------------------------------------------------

[2018-05-09 21:27:31 #1 store] 
Database 'C:\Users\aitor\workspace\Bets\resources\bets.temp' is opened by 3304@Aitor

[2018-05-09 21:27:31 #2 type.registry] 
New type domain.User

[2018-05-09 21:27:31 #3 type] 
Type domain.User is not enhanced.

[2018-05-09 21:27:31 #4 type.registry] 
New type domain.Question

[2018-05-09 21:27:31 #5 type] 
Type domain.Question is not enhanced.

[2018-05-09 21:27:32 #6 type.registry] 
New type domain.Event

[2018-05-09 21:27:32 #7 type.registry] 
New type domain.Result

[2018-05-09 21:27:32 #8 type] 
Type domain.Event is not enhanced.

[2018-05-09 21:27:32 #9 type.registry] 
New type java.util.Vector<domain.Question>

[2018-05-09 21:27:32 #10 type] 
Type domain.Result is not enhanced.

[2018-05-09 21:27:32 #11 type.registry] 
New type domain.Apuesta

[2018-05-09 21:27:32 #12 type] 
Type domain.Apuesta is not enhanced.

[2018-05-09 21:27:32 #13 type.registry] 
New type java.util.Vector<java.lang.Object>

------------------------------------------------------------------------------------------------------------------------

[2018-05-09 21:29:19 #1 store] 
Database 'C:\Users\aitor\workspace\Bets\resources\bets.temp' is opened by 7348@Aitor

[2018-05-09 21:29:19 #2 type.registry] 
New type domain.User

[2018-05-09 21:29:19 #3 type] 
Type domain.User is not enhanced.

[2018-05-09 21:29:19 #4 type.registry] 
New type domain.Question

[2018-05-09 21:29:19 #5 type] 
Type domain.Question is not enhanced.

[2018-05-09 21:29:19 #6 type.registry] 
New type domain.Event

[2018-05-09 21:29:19 #7 type.registry] 
New type domain.Result

[2018-05-09 21:29:19 #8 type] 
Type domain.Event is not enhanced.

[2018-05-09 21:29:19 #9 type.registry] 
New type java.util.Vector<domain.Question>

[2018-05-09 21:29:19 #10 type] 
Type domain.Result is not enhanced.

[2018-05-09 21:29:19 #11 type.registry] 
New type domain.Apuesta

[2018-05-09 21:29:19 #12 type] 
Type domain.Apuesta is not enhanced.

[2018-05-09 21:29:19 #13 type.registry] 
New type java.util.Vector<java.lang.Object>

------------------------------------------------------------------------------------------------------------------------

[2018-05-09 21:35:33 #1 store] 
Database 'C:\Users\aitor\workspace\Bets\resources\bets.temp' is opened by 8912@Aitor

[2018-05-09 21:35:33 #2 type.registry] 
New type domain.User

[2018-05-09 21:35:33 #3 type] 
Type domain.User is not enhanced.

[2018-05-09 21:35:33 #4 type.registry] 
New type domain.Question

[2018-05-09 21:35:33 #5 type] 
Type domain.Question is not enhanced.

[2018-05-09 21:35:33 #6 type.registry] 
New type domain.Event

[2018-05-09 21:35:33 #7 type.registry] 
New type domain.Result

[2018-05-09 21:35:33 #8 type] 
Type domain.Event is not enhanced.

[2018-05-09 21:35:33 #9 type.registry] 
New type java.util.Vector<domain.Question>

[2018-05-09 21:35:33 #10 type] 
Type domain.Result is not enhanced.

[2018-05-09 21:35:33 #11 type.registry] 
New type domain.Apuesta

[2018-05-09 21:35:33 #12 type] 
Type domain.Apuesta is not enhanced.

[2018-05-09 21:35:34 #13 type.registry] 
New type java.util.Vector<java.lang.Object>

------------------------------------------------------------------------------------------------------------------------

[2018-05-09 21:38:56 #1 store] 
Database 'C:\Users\aitor\workspace\Bets\resources\bets.temp' is opened by 4300@Aitor

[2018-05-09 21:38:56 #2 type.registry] 
New type domain.User

[2018-05-09 21:38:56 #3 type] 
Type domain.User is not enhanced.

[2018-05-09 21:38:56 #4 type.registry] 
New type domain.Question

[2018-05-09 21:38:56 #5 type] 
Type domain.Question is not enhanced.

[2018-05-09 21:38:56 #6 type.registry] 
New type domain.Event

[2018-05-09 21:38:56 #7 type.registry] 
New type domain.Result

[2018-05-09 21:38:56 #8 type] 
Type domain.Event is not enhanced.

[2018-05-09 21:38:56 #9 type.registry] 
New type java.util.Vector<domain.Question>

[2018-05-09 21:38:56 #10 type] 
Type domain.Result is not enhanced.

[2018-05-09 21:38:56 #11 type.registry] 
New type domain.Apuesta

[2018-05-09 21:38:56 #12 type] 
Type domain.Apuesta is not enhanced.

[2018-05-09 21:38:56 #13 type.registry] 
New type java.util.Vector<java.lang.Object>

------------------------------------------------------------------------------------------------------------------------

[2018-05-09 21:40:42 #1 store] 
Database 'C:\Users\aitor\workspace\Bets\resources\bets.temp' is opened by 2076@Aitor

[2018-05-09 21:40:42 #2 type.registry] 
New type domain.User

[2018-05-09 21:40:42 #3 type] 
Type domain.User is not enhanced.

[2018-05-09 21:40:42 #4 type.registry] 
New type domain.Question

[2018-05-09 21:40:42 #5 type] 
Type domain.Question is not enhanced.

[2018-05-09 21:40:42 #6 type.registry] 
New type domain.Event

[2018-05-09 21:40:42 #7 type.registry] 
New type domain.Result

[2018-05-09 21:40:42 #8 type] 
Type domain.Event is not enhanced.

[2018-05-09 21:40:42 #9 type.registry] 
New type java.util.Vector<domain.Question>

[2018-05-09 21:40:42 #10 type] 
Type domain.Result is not enhanced.

[2018-05-09 21:40:42 #11 type.registry] 
New type domain.Apuesta

[2018-05-09 21:40:42 #12 type] 
Type domain.Apuesta is not enhanced.

[2018-05-09 21:40:42 #13 type.registry] 
New type java.util.Vector<java.lang.Object>

------------------------------------------------------------------------------------------------------------------------

[2018-05-09 21:43:32 #1 store] 
Database 'C:\Users\aitor\workspace\Bets\resources\bets.temp' is opened by 12124@Aitor

[2018-05-09 21:43:32 #2 type.registry] 
New type domain.User

[2018-05-09 21:43:32 #3 type] 
Type domain.User is not enhanced.

[2018-05-09 21:43:32 #4 type.registry] 
New type domain.Question

[2018-05-09 21:43:32 #5 type] 
Type domain.Question is not enhanced.

[2018-05-09 21:43:32 #6 type.registry] 
New type domain.Event

[2018-05-09 21:43:32 #7 type.registry] 
New type domain.Result

[2018-05-09 21:43:32 #8 type] 
Type domain.Event is not enhanced.

[2018-05-09 21:43:32 #9 type.registry] 
New type java.util.Vector<domain.Question>

[2018-05-09 21:43:32 #10 type] 
Type domain.Result is not enhanced.

[2018-05-09 21:43:32 #11 type.registry] 
New type domain.Apuesta

[2018-05-09 21:43:32 #12 type] 
Type domain.Apuesta is not enhanced.

[2018-05-09 21:43:32 #13 type.registry] 
New type java.util.Vector<java.lang.Object>

------------------------------------------------------------------------------------------------------------------------

[2018-05-09 21:44:07 #1 store] 
Database 'C:\Users\aitor\workspace\Bets\resources\bets.temp' is opened by 11668@Aitor

[2018-05-09 21:44:07 #2 type.registry] 
New type domain.User

[2018-05-09 21:44:07 #3 type] 
Type domain.User is not enhanced.

[2018-05-09 21:44:07 #4 type.registry] 
New type domain.Question

[2018-05-09 21:44:07 #5 type] 
Type domain.Question is not enhanced.

[2018-05-09 21:44:07 #6 type.registry] 
New type domain.Event

[2018-05-09 21:44:07 #7 type.registry] 
New type domain.Result

[2018-05-09 21:44:07 #8 type] 
Type domain.Event is not enhanced.

[2018-05-09 21:44:07 #9 type.registry] 
New type java.util.Vector<domain.Question>

[2018-05-09 21:44:07 #10 type] 
Type domain.Result is not enhanced.

[2018-05-09 21:44:07 #11 type.registry] 
New type domain.Apuesta

[2018-05-09 21:44:07 #12 type] 
Type domain.Apuesta is not enhanced.

[2018-05-09 21:44:07 #13 type.registry] 
New type java.util.Vector<java.lang.Object>

------------------------------------------------------------------------------------------------------------------------

[2018-05-09 21:45:34 #1 store] 
Database 'C:\Users\aitor\workspace\Bets\resources\bets.temp' is opened by 4724@Aitor

[2018-05-09 21:45:34 #2 type.registry] 
New type domain.User

[2018-05-09 21:45:34 #3 type] 
Type domain.User is not enhanced.

[2018-05-09 21:45:34 #4 type.registry] 
New type domain.Question

[2018-05-09 21:45:34 #5 type] 
Type domain.Question is not enhanced.

[2018-05-09 21:45:34 #6 type.registry] 
New type domain.Event

[2018-05-09 21:45:34 #7 type.registry] 
New type domain.Result

[2018-05-09 21:45:34 #8 type] 
Type domain.Event is not enhanced.

[2018-05-09 21:45:34 #9 type.registry] 
New type java.util.Vector<domain.Question>

[2018-05-09 21:45:34 #10 type] 
Type domain.Result is not enhanced.

[2018-05-09 21:45:34 #11 type.registry] 
New type domain.Apuesta

[2018-05-09 21:45:34 #12 type] 
Type domain.Apuesta is not enhanced.

[2018-05-09 21:45:34 #13 type.registry] 
New type java.util.Vector<java.lang.Object>

