------------------------------------------------------------------------------------------------------------------------

[2018-03-06 16:37:25 #1 type.registry] 
New type domain.Question

[2018-03-06 16:37:25 #2 type] 
Type domain.Question is not enhanced.

[2018-03-06 16:37:25 #3 type.registry] 
New type domain.Event

[2018-03-06 16:37:25 #4 type] 
Type domain.Event is not enhanced.

[2018-03-06 16:37:25 #5 type.registry] 
New type java.util.Vector<domain.Question>

[2018-03-06 16:37:25 #6 type.registry] 
New type java.util.Vector<java.lang.Object>

------------------------------------------------------------------------------------------------------------------------

[2018-03-06 16:47:34 #1 store] 
Database 'C:\Users\aitor\eclipse-workspace\Bets\resources\bets.temp' is opened by 11980@Aitor

[2018-03-06 16:47:34 #2 type.registry] 
New type domain.Question

[2018-03-06 16:47:34 #3 type] 
Type domain.Question is not enhanced.

[2018-03-06 16:47:34 #4 type.registry] 
New type domain.Event

[2018-03-06 16:47:34 #5 type] 
Type domain.Event is not enhanced.

[2018-03-06 16:47:34 #6 type.registry] 
New type java.util.Vector<domain.Question>

[2018-03-06 16:47:34 #7 type.registry] 
New type java.util.Vector<java.lang.Object>

------------------------------------------------------------------------------------------------------------------------

[2018-03-06 16:47:59 #1 store] 
Database 'C:\Users\aitor\eclipse-workspace\Bets\resources\bets.temp' is opened by 4744@Aitor

[2018-03-06 16:47:59 #2 type.registry] 
New type domain.Question

[2018-03-06 16:47:59 #3 type] 
Type domain.Question is not enhanced.

[2018-03-06 16:47:59 #4 type.registry] 
New type domain.Event

[2018-03-06 16:47:59 #5 type] 
Type domain.Event is not enhanced.

[2018-03-06 16:48:00 #6 type.registry] 
New type java.util.Vector<domain.Question>

[2018-03-06 16:48:00 #7 type.registry] 
New type java.util.Vector<java.lang.Object>

------------------------------------------------------------------------------------------------------------------------

[2018-03-06 16:48:32 #1 store] 
Database 'C:\Users\aitor\eclipse-workspace\Bets\resources\bets.temp' is opened by 4508@Aitor

[2018-03-06 16:48:32 #2 type.registry] 
New type domain.Question

[2018-03-06 16:48:32 #3 type] 
Type domain.Question is not enhanced.

[2018-03-06 16:48:32 #4 type.registry] 
New type domain.Event

[2018-03-06 16:48:32 #5 type] 
Type domain.Event is not enhanced.

[2018-03-06 16:48:32 #6 type.registry] 
New type java.util.Vector<domain.Question>

[2018-03-06 16:48:32 #7 type.registry] 
New type java.util.Vector<java.lang.Object>

------------------------------------------------------------------------------------------------------------------------

[2018-03-06 17:24:36 #1 store] 
Database 'C:\Users\aitor\eclipse-workspace\Bets\resources\bets.temp' is opened by 8916@Aitor

[2018-03-06 17:24:37 #2 type.registry] 
New type domain.Question

[2018-03-06 17:24:37 #3 type] 
Type domain.Question is not enhanced.

[2018-03-06 17:24:37 #4 type.registry] 
New type domain.Event

[2018-03-06 17:24:37 #5 type] 
Type domain.Event is not enhanced.

[2018-03-06 17:24:37 #6 type.registry] 
New type java.util.Vector<domain.Question>

[2018-03-06 17:24:37 #7 type.registry] 
New type java.util.Vector<java.lang.Object>

------------------------------------------------------------------------------------------------------------------------

[2018-03-06 17:27:03 #1 store] 
Database 'C:\Users\aitor\eclipse-workspace\Bets\resources\bets.temp' is opened by 10420@Aitor

[2018-03-06 17:27:03 #2 type.registry] 
New type domain.Question

[2018-03-06 17:27:03 #3 type] 
Type domain.Question is not enhanced.

[2018-03-06 17:27:03 #4 type.registry] 
New type domain.Event

[2018-03-06 17:27:03 #5 type] 
Type domain.Event is not enhanced.

[2018-03-06 17:27:03 #6 type.registry] 
New type java.util.Vector<domain.Question>

[2018-03-06 17:27:03 #7 type.registry] 
New type java.util.Vector<java.lang.Object>

------------------------------------------------------------------------------------------------------------------------

[2018-03-06 17:28:01 #1 store] 
Database 'C:\Users\aitor\eclipse-workspace\Bets\resources\bets.temp' is opened by 7484@Aitor

[2018-03-06 17:28:01 #2 type.registry] 
New type domain.Question

[2018-03-06 17:28:01 #3 type] 
Type domain.Question is not enhanced.

[2018-03-06 17:28:01 #4 type.registry] 
New type domain.Event

[2018-03-06 17:28:01 #5 type] 
Type domain.Event is not enhanced.

[2018-03-06 17:28:01 #6 type.registry] 
New type java.util.Vector<domain.Question>

[2018-03-06 17:28:01 #7 type.registry] 
New type java.util.Vector<java.lang.Object>

------------------------------------------------------------------------------------------------------------------------

[2018-03-06 17:28:23 #1 store] 
Database 'C:\Users\aitor\eclipse-workspace\Bets\resources\bets.temp' is opened by 9004@Aitor

[2018-03-06 17:28:23 #2 type.registry] 
New type domain.Question

[2018-03-06 17:28:23 #3 type] 
Type domain.Question is not enhanced.

[2018-03-06 17:28:23 #4 type.registry] 
New type domain.Event

[2018-03-06 17:28:23 #5 type] 
Type domain.Event is not enhanced.

[2018-03-06 17:28:23 #6 type.registry] 
New type java.util.Vector<domain.Question>

[2018-03-06 17:28:23 #7 type.registry] 
New type java.util.Vector<java.lang.Object>

------------------------------------------------------------------------------------------------------------------------

[2018-03-06 17:30:20 #1 store] 
Database 'C:\Users\aitor\eclipse-workspace\Bets\resources\bets.temp' is opened by 11016@Aitor

[2018-03-06 17:30:20 #2 type.registry] 
New type domain.Question

[2018-03-06 17:30:20 #3 type] 
Type domain.Question is not enhanced.

[2018-03-06 17:30:20 #4 type.registry] 
New type domain.Event

[2018-03-06 17:30:20 #5 type] 
Type domain.Event is not enhanced.

[2018-03-06 17:30:20 #6 type.registry] 
New type java.util.Vector<domain.Question>

[2018-03-06 17:30:20 #7 type.registry] 
New type java.util.Vector<java.lang.Object>

------------------------------------------------------------------------------------------------------------------------

[2018-03-06 18:11:09 #1 store] 
Database 'C:\Users\aitor\eclipse-workspace\Bets\resources\bets.temp' is opened by 5228@Aitor

[2018-03-06 18:11:10 #2 type.registry] 
New type domain.Question

[2018-03-06 18:11:10 #3 type] 
Type domain.Question is not enhanced.

[2018-03-06 18:11:10 #4 type.registry] 
New type domain.Event

[2018-03-06 18:11:10 #5 type] 
Type domain.Event is not enhanced.

[2018-03-06 18:11:10 #6 type.registry] 
New type java.util.Vector<domain.Question>

[2018-03-06 18:11:10 #7 type.registry] 
New type java.util.Vector<java.lang.Object>

------------------------------------------------------------------------------------------------------------------------

[2018-03-06 18:11:36 #1 store] 
Database 'C:\Users\aitor\eclipse-workspace\Bets\resources\bets.temp' is opened by 11160@Aitor

[2018-03-06 18:11:36 #2 type.registry] 
New type domain.Question

[2018-03-06 18:11:36 #3 type] 
Type domain.Question is not enhanced.

[2018-03-06 18:11:36 #4 type.registry] 
New type domain.Event

[2018-03-06 18:11:36 #5 type] 
Type domain.Event is not enhanced.

[2018-03-06 18:11:36 #6 type.registry] 
New type java.util.Vector<domain.Question>

[2018-03-06 18:11:36 #7 type.registry] 
New type java.util.Vector<java.lang.Object>

------------------------------------------------------------------------------------------------------------------------

[2018-03-06 18:17:26 #1 store] 
Database 'C:\Users\aitor\eclipse-workspace\Bets\resources\bets.temp' is opened by 7760@Aitor

[2018-03-06 18:17:26 #2 type.registry] 
New type domain.Question

[2018-03-06 18:17:26 #3 type] 
Type domain.Question is not enhanced.

[2018-03-06 18:17:26 #4 type.registry] 
New type domain.Event

[2018-03-06 18:17:26 #5 type] 
Type domain.Event is not enhanced.

[2018-03-06 18:17:26 #6 type.registry] 
New type java.util.Vector<domain.Question>

[2018-03-06 18:17:26 #7 type.registry] 
New type java.util.Vector<java.lang.Object>

------------------------------------------------------------------------------------------------------------------------

[2018-03-06 18:18:41 #1 store] 
Database 'C:\Users\aitor\eclipse-workspace\Bets\resources\bets.temp' is opened by 6796@Aitor

[2018-03-06 18:18:41 #2 type.registry] 
New type domain.User

[2018-03-06 18:18:41 #3 type] 
Type domain.User is not enhanced.

[2018-03-06 18:18:41 #4 type.registry] 
New type domain.Question

[2018-03-06 18:18:41 #5 type] 
Type domain.Question is not enhanced.

[2018-03-06 18:18:41 #6 type.registry] 
New type domain.Event

[2018-03-06 18:18:41 #7 type] 
Type domain.Event is not enhanced.

[2018-03-06 18:18:41 #8 type.registry] 
New type java.util.Vector<domain.Question>

[2018-03-06 18:18:41 #9 type.registry] 
New type java.util.Vector<java.lang.Object>

------------------------------------------------------------------------------------------------------------------------

[2018-03-06 18:21:17 #1 store] 
Database 'C:\Users\aitor\eclipse-workspace\Bets\resources\bets.temp' is opened by 5008@Aitor

[2018-03-06 18:21:17 #2 type.registry] 
New type domain.User

[2018-03-06 18:21:17 #3 type] 
Type domain.User is not enhanced.

[2018-03-06 18:21:17 #4 type.registry] 
New type domain.Question

[2018-03-06 18:21:17 #5 type] 
Type domain.Question is not enhanced.

[2018-03-06 18:21:17 #6 type.registry] 
New type domain.Event

[2018-03-06 18:21:17 #7 type] 
Type domain.Event is not enhanced.

[2018-03-06 18:21:17 #8 type.registry] 
New type java.util.Vector<domain.Question>

[2018-03-06 18:21:17 #9 type.registry] 
New type java.util.Vector<java.lang.Object>

------------------------------------------------------------------------------------------------------------------------

[2018-03-06 18:21:28 #1 store] 
Database 'C:\Users\aitor\eclipse-workspace\Bets\resources\bets.temp' is opened by 4540@Aitor

[2018-03-06 18:21:28 #2 type.registry] 
New type domain.User

[2018-03-06 18:21:28 #3 type] 
Type domain.User is not enhanced.

[2018-03-06 18:21:28 #4 type.registry] 
New type domain.Question

[2018-03-06 18:21:28 #5 type] 
Type domain.Question is not enhanced.

[2018-03-06 18:21:28 #6 type.registry] 
New type domain.Event

[2018-03-06 18:21:28 #7 type] 
Type domain.Event is not enhanced.

[2018-03-06 18:21:28 #8 type.registry] 
New type java.util.Vector<domain.Question>

[2018-03-06 18:21:28 #9 type.registry] 
New type java.util.Vector<java.lang.Object>

------------------------------------------------------------------------------------------------------------------------

[2018-03-06 18:23:44 #1 store] 
Database 'C:\Users\aitor\eclipse-workspace\Bets\resources\bets.temp' is opened by 4236@Aitor

[2018-03-06 18:23:45 #2 type.registry] 
New type domain.User

[2018-03-06 18:23:45 #3 type] 
Type domain.User is not enhanced.

[2018-03-06 18:23:45 #4 type.registry] 
New type domain.Question

[2018-03-06 18:23:45 #5 type] 
Type domain.Question is not enhanced.

[2018-03-06 18:23:45 #6 type.registry] 
New type domain.Event

[2018-03-06 18:23:45 #7 type] 
Type domain.Event is not enhanced.

[2018-03-06 18:23:45 #8 type.registry] 
New type java.util.Vector<domain.Question>

[2018-03-06 18:23:45 #9 type.registry] 
New type java.util.Vector<java.lang.Object>

------------------------------------------------------------------------------------------------------------------------

[2018-03-06 18:24:55 #1 store] 
Database 'C:\Users\aitor\eclipse-workspace\Bets\resources\bets.temp' is opened by 5836@Aitor

[2018-03-06 18:24:55 #2 type.registry] 
New type domain.User

[2018-03-06 18:24:55 #3 type] 
Type domain.User is not enhanced.

[2018-03-06 18:24:55 #4 type.registry] 
New type domain.Question

[2018-03-06 18:24:55 #5 type] 
Type domain.Question is not enhanced.

[2018-03-06 18:24:55 #6 type.registry] 
New type domain.Event

[2018-03-06 18:24:55 #7 type] 
Type domain.Event is not enhanced.

[2018-03-06 18:24:56 #8 type.registry] 
New type java.util.Vector<domain.Question>

[2018-03-06 18:24:56 #9 type.registry] 
New type java.util.Vector<java.lang.Object>

------------------------------------------------------------------------------------------------------------------------

[2018-03-06 18:25:01 #1 store] 
Database 'C:\Users\aitor\eclipse-workspace\Bets\resources\bets.temp' is opened by 8416@Aitor

[2018-03-06 18:25:01 #2 type.registry] 
New type domain.User

[2018-03-06 18:25:01 #3 type] 
Type domain.User is not enhanced.

[2018-03-06 18:25:02 #4 type.registry] 
New type domain.Question

[2018-03-06 18:25:02 #5 type] 
Type domain.Question is not enhanced.

[2018-03-06 18:25:02 #6 type.registry] 
New type domain.Event

[2018-03-06 18:25:02 #7 type] 
Type domain.Event is not enhanced.

[2018-03-06 18:25:02 #8 type.registry] 
New type java.util.Vector<domain.Question>

[2018-03-06 18:25:02 #9 type.registry] 
New type java.util.Vector<java.lang.Object>

------------------------------------------------------------------------------------------------------------------------

[2018-03-06 18:28:08 #1 store] 
Database 'C:\Users\aitor\eclipse-workspace\Bets\resources\bets.temp' is opened by 2568@Aitor

[2018-03-06 18:28:08 #2 type.registry] 
New type domain.User

[2018-03-06 18:28:08 #3 type] 
Type domain.User is not enhanced.

[2018-03-06 18:28:08 #4 type.registry] 
New type domain.Question

[2018-03-06 18:28:08 #5 type] 
Type domain.Question is not enhanced.

[2018-03-06 18:28:08 #6 type.registry] 
New type domain.Event

[2018-03-06 18:28:08 #7 type] 
Type domain.Event is not enhanced.

[2018-03-06 18:28:08 #8 type.registry] 
New type java.util.Vector<domain.Question>

[2018-03-06 18:28:08 #9 type.registry] 
New type java.util.Vector<java.lang.Object>

------------------------------------------------------------------------------------------------------------------------

[2018-03-06 18:28:33 #1 store] 
Database 'C:\Users\aitor\eclipse-workspace\Bets\resources\bets.temp' is opened by 6576@Aitor

[2018-03-06 18:28:33 #2 type.registry] 
New type domain.User

[2018-03-06 18:28:33 #3 type] 
Type domain.User is not enhanced.

[2018-03-06 18:28:34 #4 type.registry] 
New type domain.Question

[2018-03-06 18:28:34 #5 type] 
Type domain.Question is not enhanced.

[2018-03-06 18:28:34 #6 type.registry] 
New type domain.Event

[2018-03-06 18:28:34 #7 type] 
Type domain.Event is not enhanced.

[2018-03-06 18:28:34 #8 type.registry] 
New type java.util.Vector<domain.Question>

[2018-03-06 18:28:34 #9 type.registry] 
New type java.util.Vector<java.lang.Object>

------------------------------------------------------------------------------------------------------------------------

[2018-03-06 18:28:38 #1 store] 
Database 'C:\Users\aitor\eclipse-workspace\Bets\resources\bets.temp' is opened by 4024@Aitor

[2018-03-06 18:28:38 #2 type.registry] 
New type domain.User

[2018-03-06 18:28:38 #3 type] 
Type domain.User is not enhanced.

[2018-03-06 18:28:38 #4 type.registry] 
New type domain.Question

[2018-03-06 18:28:38 #5 type] 
Type domain.Question is not enhanced.

[2018-03-06 18:28:38 #6 type.registry] 
New type domain.Event

[2018-03-06 18:28:38 #7 type] 
Type domain.Event is not enhanced.

[2018-03-06 18:28:38 #8 type.registry] 
New type java.util.Vector<domain.Question>

[2018-03-06 18:28:38 #9 type.registry] 
New type java.util.Vector<java.lang.Object>

------------------------------------------------------------------------------------------------------------------------

[2018-03-06 18:29:17 #1 store] 
Database 'C:\Users\aitor\eclipse-workspace\Bets\resources\bets.temp' is opened by 3424@Aitor

[2018-03-06 18:29:17 #2 type.registry] 
New type domain.User

[2018-03-06 18:29:17 #3 type] 
Type domain.User is not enhanced.

[2018-03-06 18:29:17 #4 type.registry] 
New type domain.Question

[2018-03-06 18:29:18 #5 type] 
Type domain.Question is not enhanced.

[2018-03-06 18:29:18 #6 type.registry] 
New type domain.Event

[2018-03-06 18:29:18 #7 type] 
Type domain.Event is not enhanced.

[2018-03-06 18:29:18 #8 type.registry] 
New type java.util.Vector<domain.Question>

[2018-03-06 18:29:18 #9 type.registry] 
New type java.util.Vector<java.lang.Object>

------------------------------------------------------------------------------------------------------------------------

[2018-03-06 18:32:51 #1 store] 
Database 'C:\Users\aitor\eclipse-workspace\Bets\resources\bets.temp' is opened by 2152@Aitor

[2018-03-06 18:32:51 #2 type.registry] 
New type domain.User

[2018-03-06 18:32:52 #3 type] 
Type domain.User is not enhanced.

[2018-03-06 18:32:52 #4 type.registry] 
New type domain.Question

[2018-03-06 18:32:52 #5 type] 
Type domain.Question is not enhanced.

[2018-03-06 18:32:52 #6 type.registry] 
New type domain.Event

[2018-03-06 18:32:52 #7 type] 
Type domain.Event is not enhanced.

[2018-03-06 18:32:52 #8 type.registry] 
New type java.util.Vector<domain.Question>

[2018-03-06 18:32:52 #9 type.registry] 
New type java.util.Vector<java.lang.Object>

------------------------------------------------------------------------------------------------------------------------

[2018-03-06 18:33:01 #1 store] 
Database 'C:\Users\aitor\eclipse-workspace\Bets\resources\bets.temp' is opened by 2012@Aitor

[2018-03-06 18:33:01 #2 type.registry] 
New type domain.User

[2018-03-06 18:33:01 #3 type] 
Type domain.User is not enhanced.

[2018-03-06 18:33:01 #4 type.registry] 
New type domain.Question

[2018-03-06 18:33:01 #5 type] 
Type domain.Question is not enhanced.

[2018-03-06 18:33:01 #6 type.registry] 
New type domain.Event

[2018-03-06 18:33:01 #7 type] 
Type domain.Event is not enhanced.

[2018-03-06 18:33:01 #8 type.registry] 
New type java.util.Vector<domain.Question>

[2018-03-06 18:33:01 #9 type.registry] 
New type java.util.Vector<java.lang.Object>

------------------------------------------------------------------------------------------------------------------------

[2018-03-06 18:33:42 #1 store] 
Database 'C:\Users\aitor\eclipse-workspace\Bets\resources\bets.temp' is opened by 4856@Aitor

[2018-03-06 18:33:43 #2 type.registry] 
New type domain.User

[2018-03-06 18:33:43 #3 type] 
Type domain.User is not enhanced.

[2018-03-06 18:33:43 #4 type.registry] 
New type domain.Question

[2018-03-06 18:33:43 #5 type] 
Type domain.Question is not enhanced.

[2018-03-06 18:33:43 #6 type.registry] 
New type domain.Event

[2018-03-06 18:33:43 #7 type] 
Type domain.Event is not enhanced.

[2018-03-06 18:33:43 #8 type.registry] 
New type java.util.Vector<domain.Question>

[2018-03-06 18:33:43 #9 type.registry] 
New type java.util.Vector<java.lang.Object>

------------------------------------------------------------------------------------------------------------------------

[2018-03-06 18:35:33 #1 store] 
Database 'C:\Users\aitor\eclipse-workspace\Bets\resources\bets.temp' is opened by 10188@Aitor

[2018-03-06 18:35:33 #2 type.registry] 
New type domain.User

[2018-03-06 18:35:33 #3 type] 
Type domain.User is not enhanced.

[2018-03-06 18:35:33 #4 type.registry] 
New type domain.Question

[2018-03-06 18:35:33 #5 type] 
Type domain.Question is not enhanced.

[2018-03-06 18:35:33 #6 type.registry] 
New type domain.Event

[2018-03-06 18:35:33 #7 type] 
Type domain.Event is not enhanced.

[2018-03-06 18:35:33 #8 type.registry] 
New type java.util.Vector<domain.Question>

[2018-03-06 18:35:34 #9 type.registry] 
New type java.util.Vector<java.lang.Object>

------------------------------------------------------------------------------------------------------------------------

[2018-03-06 18:36:05 #1 store] 
Database 'C:\Users\aitor\eclipse-workspace\Bets\resources\bets.temp' is opened by 2556@Aitor

[2018-03-06 18:36:05 #2 type.registry] 
New type domain.User

[2018-03-06 18:36:05 #3 type] 
Type domain.User is not enhanced.

[2018-03-06 18:36:05 #4 type.registry] 
New type domain.Question

[2018-03-06 18:36:05 #5 type] 
Type domain.Question is not enhanced.

[2018-03-06 18:36:05 #6 type.registry] 
New type domain.Event

[2018-03-06 18:36:05 #7 type] 
Type domain.Event is not enhanced.

[2018-03-06 18:36:05 #8 type.registry] 
New type java.util.Vector<domain.Question>

[2018-03-06 18:36:05 #9 type.registry] 
New type java.util.Vector<java.lang.Object>

------------------------------------------------------------------------------------------------------------------------

[2018-03-06 19:23:31 #1 store] 
Database 'C:\Users\aitor\eclipse-workspace\Bets\resources\bets.temp' is opened by 3424@Aitor

[2018-03-06 19:23:31 #2 type.registry] 
New type domain.User

[2018-03-06 19:23:31 #3 type] 
Type domain.User is not enhanced.

[2018-03-06 19:23:31 #4 type.registry] 
New type domain.Question

[2018-03-06 19:23:31 #5 type] 
Type domain.Question is not enhanced.

[2018-03-06 19:23:31 #6 type.registry] 
New type domain.Event

[2018-03-06 19:23:31 #7 type] 
Type domain.Event is not enhanced.

[2018-03-06 19:23:31 #8 type.registry] 
New type java.util.Vector<domain.Question>

[2018-03-06 19:23:31 #9 type.registry] 
New type java.util.Vector<java.lang.Object>

------------------------------------------------------------------------------------------------------------------------

[2018-03-06 19:25:04 #1 store] 
Database 'C:\Users\aitor\eclipse-workspace\Bets\resources\bets.temp' is opened by 6652@Aitor

[2018-03-06 19:25:04 #2 type.registry] 
New type domain.User

[2018-03-06 19:25:04 #3 type] 
Type domain.User is not enhanced.

[2018-03-06 19:25:04 #4 type.registry] 
New type domain.Question

[2018-03-06 19:25:04 #5 type] 
Type domain.Question is not enhanced.

[2018-03-06 19:25:04 #6 type.registry] 
New type domain.Event

[2018-03-06 19:25:04 #7 type] 
Type domain.Event is not enhanced.

[2018-03-06 19:25:04 #8 type.registry] 
New type java.util.Vector<domain.Question>

[2018-03-06 19:25:04 #9 type.registry] 
New type java.util.Vector<java.lang.Object>

------------------------------------------------------------------------------------------------------------------------

[2018-03-06 19:25:18 #1 store] 
Database 'C:\Users\aitor\eclipse-workspace\Bets\resources\bets.temp' is opened by 2012@Aitor

[2018-03-06 19:25:18 #2 type.registry] 
New type domain.User

[2018-03-06 19:25:18 #3 type] 
Type domain.User is not enhanced.

[2018-03-06 19:25:18 #4 type.registry] 
New type domain.Question

[2018-03-06 19:25:18 #5 type] 
Type domain.Question is not enhanced.

[2018-03-06 19:25:18 #6 type.registry] 
New type domain.Event

[2018-03-06 19:25:18 #7 type] 
Type domain.Event is not enhanced.

[2018-03-06 19:25:18 #8 type.registry] 
New type java.util.Vector<domain.Question>

[2018-03-06 19:25:18 #9 type.registry] 
New type java.util.Vector<java.lang.Object>

------------------------------------------------------------------------------------------------------------------------

[2018-03-06 19:25:39 #1 store] 
Database 'C:\Users\aitor\eclipse-workspace\Bets\resources\bets.temp' is opened by 1116@Aitor

[2018-03-06 19:25:39 #2 type.registry] 
New type domain.User

[2018-03-06 19:25:39 #3 type] 
Type domain.User is not enhanced.

[2018-03-06 19:25:39 #4 type.registry] 
New type domain.Question

[2018-03-06 19:25:39 #5 type] 
Type domain.Question is not enhanced.

[2018-03-06 19:25:39 #6 type.registry] 
New type domain.Event

[2018-03-06 19:25:39 #7 type] 
Type domain.Event is not enhanced.

[2018-03-06 19:25:39 #8 type.registry] 
New type java.util.Vector<domain.Question>

[2018-03-06 19:25:39 #9 type.registry] 
New type java.util.Vector<java.lang.Object>

------------------------------------------------------------------------------------------------------------------------

[2018-03-06 19:25:58 #1 store] 
Database 'C:\Users\aitor\eclipse-workspace\Bets\resources\bets.temp' is opened by 1800@Aitor

[2018-03-06 19:25:58 #2 type.registry] 
New type domain.User

[2018-03-06 19:25:58 #3 type] 
Type domain.User is not enhanced.

[2018-03-06 19:25:58 #4 type.registry] 
New type domain.Question

[2018-03-06 19:25:58 #5 type] 
Type domain.Question is not enhanced.

[2018-03-06 19:25:58 #6 type.registry] 
New type domain.Event

[2018-03-06 19:25:58 #7 type] 
Type domain.Event is not enhanced.

[2018-03-06 19:25:58 #8 type.registry] 
New type java.util.Vector<domain.Question>

[2018-03-06 19:25:58 #9 type.registry] 
New type java.util.Vector<java.lang.Object>

------------------------------------------------------------------------------------------------------------------------

[2018-03-06 19:26:12 #1 store] 
Database 'C:\Users\aitor\eclipse-workspace\Bets\resources\bets.temp' is opened by 1292@Aitor

[2018-03-06 19:26:12 #2 type.registry] 
New type domain.User

[2018-03-06 19:26:12 #3 type] 
Type domain.User is not enhanced.

[2018-03-06 19:26:12 #4 type.registry] 
New type domain.Question

[2018-03-06 19:26:12 #5 type] 
Type domain.Question is not enhanced.

[2018-03-06 19:26:12 #6 type.registry] 
New type domain.Event

[2018-03-06 19:26:12 #7 type] 
Type domain.Event is not enhanced.

[2018-03-06 19:26:12 #8 type.registry] 
New type java.util.Vector<domain.Question>

[2018-03-06 19:26:12 #9 type.registry] 
New type java.util.Vector<java.lang.Object>

------------------------------------------------------------------------------------------------------------------------

[2018-03-06 19:39:00 #1 store] 
Database 'C:\Users\aitor\eclipse-workspace\Bets\resources\bets.temp' is opened by 2888@Aitor

[2018-03-06 19:39:01 #2 type.registry] 
New type domain.User

[2018-03-06 19:39:01 #3 type] 
Type domain.User is not enhanced.

[2018-03-06 19:39:01 #4 type.registry] 
New type domain.Question

[2018-03-06 19:39:01 #5 type] 
Type domain.Question is not enhanced.

[2018-03-06 19:39:01 #6 type.registry] 
New type domain.Event

[2018-03-06 19:39:01 #7 type] 
Type domain.Event is not enhanced.

[2018-03-06 19:39:01 #8 type.registry] 
New type java.util.Vector<domain.Question>

[2018-03-06 19:39:01 #9 type.registry] 
New type java.util.Vector<java.lang.Object>

------------------------------------------------------------------------------------------------------------------------

[2018-03-06 19:40:48 #1 store] 
Database 'C:\Users\aitor\eclipse-workspace\Bets\resources\bets.temp' is opened by 11132@Aitor

[2018-03-06 19:40:48 #2 type.registry] 
New type domain.User

[2018-03-06 19:40:48 #3 type] 
Type domain.User is not enhanced.

[2018-03-06 19:40:48 #4 type.registry] 
New type domain.Question

[2018-03-06 19:40:48 #5 type] 
Type domain.Question is not enhanced.

[2018-03-06 19:40:48 #6 type.registry] 
New type domain.Event

[2018-03-06 19:40:48 #7 type] 
Type domain.Event is not enhanced.

[2018-03-06 19:40:48 #8 type.registry] 
New type java.util.Vector<domain.Question>

[2018-03-06 19:40:48 #9 type.registry] 
New type java.util.Vector<java.lang.Object>

------------------------------------------------------------------------------------------------------------------------

[2018-03-06 19:41:38 #1 store] 
Database 'C:\Users\aitor\eclipse-workspace\Bets\resources\bets.temp' is opened by 11284@Aitor

[2018-03-06 19:41:38 #2 type.registry] 
New type domain.User

[2018-03-06 19:41:38 #3 type] 
Type domain.User is not enhanced.

[2018-03-06 19:41:39 #4 type.registry] 
New type domain.Question

[2018-03-06 19:41:39 #5 type] 
Type domain.Question is not enhanced.

[2018-03-06 19:41:39 #6 type.registry] 
New type domain.Event

[2018-03-06 19:41:39 #7 type] 
Type domain.Event is not enhanced.

[2018-03-06 19:41:39 #8 type.registry] 
New type java.util.Vector<domain.Question>

[2018-03-06 19:41:39 #9 type.registry] 
New type java.util.Vector<java.lang.Object>

------------------------------------------------------------------------------------------------------------------------

[2018-03-06 19:42:11 #1 store] 
Database 'C:\Users\aitor\eclipse-workspace\Bets\resources\bets.temp' is opened by 12272@Aitor

[2018-03-06 19:42:11 #2 type.registry] 
New type domain.Event

[2018-03-06 19:42:11 #3 type] 
Type domain.Event is not enhanced.

[2018-03-06 19:42:11 #4 type.registry] 
New type domain.Question

[2018-03-06 19:42:11 #5 type.registry] 
New type java.util.Vector<domain.Question>

[2018-03-06 19:42:11 #6 type] 
Type domain.Question is not enhanced.

------------------------------------------------------------------------------------------------------------------------

[2018-03-06 19:44:02 #1 store] 
Database 'C:\Users\aitor\eclipse-workspace\Bets\resources\bets.temp' is opened by 1796@Aitor

[2018-03-06 19:44:03 #2 type.registry] 
New type domain.User

[2018-03-06 19:44:03 #3 type] 
Type domain.User is not enhanced.

[2018-03-06 19:44:03 #4 type.registry] 
New type domain.Question

[2018-03-06 19:44:03 #5 type] 
Type domain.Question is not enhanced.

[2018-03-06 19:44:03 #6 type.registry] 
New type domain.Event

[2018-03-06 19:44:03 #7 type] 
Type domain.Event is not enhanced.

[2018-03-06 19:44:03 #8 type.registry] 
New type java.util.Vector<domain.Question>

[2018-03-06 19:44:03 #9 type.registry] 
New type java.util.Vector<java.lang.Object>

------------------------------------------------------------------------------------------------------------------------

[2018-03-06 19:45:17 #1 store] 
Database 'C:\Users\aitor\eclipse-workspace\Bets\resources\bets.temp' is opened by 8780@Aitor

[2018-03-06 19:45:17 #2 type.registry] 
New type domain.Event

[2018-03-06 19:45:17 #3 type] 
Type domain.Event is not enhanced.

[2018-03-06 19:45:17 #4 type.registry] 
New type domain.Question

[2018-03-06 19:45:17 #5 type.registry] 
New type java.util.Vector<domain.Question>

[2018-03-06 19:45:17 #6 type] 
Type domain.Question is not enhanced.

------------------------------------------------------------------------------------------------------------------------

[2018-03-06 19:47:13 #1 store] 
Database 'C:\Users\aitor\eclipse-workspace\Bets\resources\bets.temp' is opened by 10200@Aitor

[2018-03-06 19:47:13 #2 type.registry] 
New type domain.User

[2018-03-06 19:47:13 #3 type] 
Type domain.User is not enhanced.

[2018-03-06 19:47:13 #4 type.registry] 
New type domain.Question

[2018-03-06 19:47:13 #5 type] 
Type domain.Question is not enhanced.

[2018-03-06 19:47:13 #6 type.registry] 
New type domain.Event

[2018-03-06 19:47:13 #7 type] 
Type domain.Event is not enhanced.

[2018-03-06 19:47:13 #8 type.registry] 
New type java.util.Vector<domain.Question>

[2018-03-06 19:47:13 #9 type.registry] 
New type java.util.Vector<java.lang.Object>

